 499862253	14.38	-20.10	3843	3058	3114	3061 
 499862798	14.40	-102.20	3843	3072	3092	3085 
 499863343	14.35	9.40	3843	3089	3062	3146 
 499863887	14.38	-2.70	3843	3069	3084	3125 
 499864432	14.40	-133.10	3842	3060	3114	3061 
 499864977	14.34	-8.50	3842	3071	3093	3084 
 499865522	14.40	-115.50	3843	3088	3060	3146 
 499866066	14.35	19.80	3843	3072	3083	3127 
 499866611	14.36	54.40	3843	3057	3118	3062 
 499867156	14.34	-6.10	3843	3070	3096	3080 
 499867701	14.36	-97.10	3842	3094	3062	3142 
 499868246	14.40	-129.20	3843	3072	3079	3126 
 499868790	14.40	-211.00	3842	3055	3114	3064 
 499869335	14.45	-175.90	3843	3070	3096	3078 
 499869880	14.35	4.30	3843	3089	3064	3144 
 499870425	14.38	-62.60	3843	3074	3078	3127 
 499870969	14.40	-166.20	3843	3059	3117	3070 
 499871514	14.35	10.00	3843	3070	3102	3075 
 499872059	14.32	21.10	3842	3088	3061	3133 
 499872604	14.37	-86.80	3843	3074	3077	3131 
 499873148	14.38	-78.00	3843	3054	3116	3075 
 499873693	14.38	-2.10	3843	3066	3105	3072 
 499874238	14.38	-51.50	3843	3089	3063	3131 
 499874783	14.37	-30.20	3843	3076	3072	3132 
 499875328	14.39	-128.30	3843	3059	3109	3072 
 499875872	14.36	22.90	3843	3067	3103	3068 
 499876417	14.33	59.30	3843	3086	3066	3121 
 499876962	14.38	-53.20	3843	3078	3068	3141 
 499877507	14.36	-112.60	3843	3058	3107	3086 
 499878051	14.40	-80.20	3842	3060	3111	3061 
 499878596	14.41	-217.70	3843	3083	3071	3112 
 499879141	14.35	3.00	3843	3084	3066	3147 
 499879686	14.40	-99.10	3843	3060	3100	3092 
 499880230	14.36	78.10	3844	3058	3110	3064 
 499880775	14.37	-161.70	3843	3080	3074	3104 
 499881320	14.42	-76.50	3843	3087	3062	3149 
 499881865	14.38	-55.60	3844	3063	3096	3110 
 499882409	14.39	-127.50	3843	3061	3112	3063 
 499882954	14.36	-117.60	3843	3076	3083	3099 
 499883499	14.38	-57.90	3843	3086	3059	3145 
 499884044	14.37	-60.30	3843	3067	3088	3119 
 499884589	14.39	-134.70	3843	3058	3113	3065 
 499885133	14.37	-101.80	3843	3068	3091	3084 
 499885678	14.38	0.00	3843	3093	3061	3143 
 499886223	14.37	-83.10	3843	3072	3082	3125 
 499886768	14.34	18.80	3843	3057	3113	3063 
 499887312	14.37	-36.90	3843	3070	3099	3074 
 499887857	14.37	-78.60	3843	3088	3058	3138 
 499888402	14.42	-187.70	3843	3073	3076	3132 
 499888947	14.38	-39.20	3843	3059	3111	3075 
 499889491	14.37	-98.70	3843	3068	3103	3068 
 499890036	14.35	35.40	3843	3087	3065	3127 
 499890581	14.36	24.10	3843	3078	3071	3141 
 499891126	14.39	-132.90	3843	3059	3108	3078 
 499891671	14.35	63.30	3843	3061	3113	3059 
 499892215	14.38	20.50	3843	3084	3067	3114 
 499892760	14.36	35.80	3843	3083	3068	3146 
 499893305	14.37	-42.10	3843	3061	3103	3094 
 499893850	14.39	-172.40	3843	3062	3109	3059 
 499894394	14.42	-185.60	3843	3081	3074	3103 
 499894939	14.40	-114.00	3843	3087	3061	3147 
 499895484	14.39	-131.80	3843	3066	3091	3110 
 499896029	14.34	-36.00	3844	3060	3116	3064 
 499896573	14.41	-207.50	3843	3075	3088	3090 
 499897118	14.40	-82.40	3843	3092	3060	3146 
 499897663	14.36	73.30	3843	3066	3087	3120 
 499898208	14.34	-77.30	3843	3058	3113	3064 
 499898753	14.40	-236.00	3843	3076	3096	3085 
 499899297	14.39	-125.40	3843	3088	3063	3140 
 499899842	14.37	-63.80	3843	3074	3076	3134 
 499900387	14.41	-173.00	3843	3059	3118	3071 
 499900932	14.38	-7.30	3843	3067	3102	3071 
 499901476	14.41	-202.60	3842	3089	3059	3131 
 499902021	14.36	61.10	3843	3077	3072	3130 
 499902566	14.40	-152.40	3843	3057	3110	3076 
 499903111	14.37	-88.10	3843	3065	3105	3067 
 499903655	14.37	-76.80	3843	3086	3066	3123 
 499904200	14.42	-204.30	3843	3080	3068	3143 
 499904745	14.34	5.10	3843	3060	3101	3086 
 499905290	14.37	-34.20	3843	3061	3111	3065 
 499905835	14.38	-37.70	3843	3087	3070	3108 
 499906379	14.34	-45.90	3843	3082	3064	3148 
 499906924	14.39	-168.80	3843	3062	3097	3098 
 499907469	14.37	-41.30	3843	3060	3111	3061 
 499908014	14.37	8.90	3843	3074	3081	3096 
 499908558	14.36	-119.00	3843	3086	3061	3143 
 499909103	14.37	-72.70	3843	3069	3093	3117 
 499909648	14.34	73.60	3843	3059	3112	3060 
 499910193	14.38	-27.10	3843	3073	3090	3091 
 499910737	14.39	-185.90	3843	3092	3059	3142 
 499911282	14.34	-63.00	3843	3071	3083	3130 
 499911827	14.37	-99.30	3842	3057	3116	3064 
 499912372	14.36	53.30	3843	3069	3096	3079 
 499912916	14.37	-86.50	3843	3088	3061	3135 
 499913461	14.42	-163.00	3843	3071	3079	3139 
 499914006	14.35	-9.20	3843	3058	3112	3076 
 499914551	14.39	-118.20	3843	3066	3105	3070 
 499915096	14.34	6.30	3843	3086	3066	3126 
 499915640	14.37	-99.50	3843	3080	3069	3135 
 499916185	14.37	-37.10	3843	3060	3111	3083 
 499916730	14.35	-19.90	3843	3065	3111	3063 
 499917275	14.39	-139.80	3843	3083	3069	3115 
 499917819	14.34	-26.30	3844	3082	3066	3148 
 499918364	14.37	-72.80	3843	3061	3104	3094 
 499918909	14.37	-18.60	3842	3061	3113	3058 
 499919454	14.37	-37.00	3843	3078	3077	3100 
 499919998	14.38	-38.80	3843	3090	3057	3146 
 499920543	14.39	-139.50	3843	3066	3092	3109 
 499921090	14.36	-133.40	3843	3055	3112	3064 
 499921635	14.38	16.70	3843	3077	3091	3089 
 499922180	14.36	-121.90	3843	3087	3058	3144 
 499922724	14.35	16.40	3843	3068	3084	3125 
 499923269	14.35	-27.90	3843	3058	3117	3058 
 499923814	14.42	-134.30	3843	3069	3099	3082 
 499924359	14.42	-136.90	3843	3088	3062	3139 
 499924903	14.43	-172.50	3843	3075	3078	3131 
 499925448	14.38	-149.60	3843	3057	3115	3075 
 499925993	14.39	-114.20	3843	3063	3112	3068 
 499926538	14.38	-57.40	3843	3086	3065	3119 
 499927083	14.33	65.50	3843	3080	3066	3143 
 499927627	14.37	-112.90	3843	3060	3102	3087 
 499928172	14.38	-144.30	3843	3062	3111	3063 
 499928717	14.34	-81.80	3843	3081	3074	3106 
 499929262	14.37	-56.00	3843	3089	3063	3146 
 499929806	14.36	-101.90	3843	3064	3096	3105 
 499930351	14.40	-96.10	3843	3061	3112	3064 
 499930896	14.38	-25.10	3843	3076	3084	3095 
 499931441	14.34	-72.20	3843	3088	3060	3148 
 499931985	14.37	-78.50	3843	3067	3088	3114 
 499932530	14.38	-39.40	3843	3056	3113	3064 
 499933075	14.39	-191.80	3843	3074	3089	3083 
 499933620	14.40	-229.60	3843	3089	3060	3147 
 499934164	14.34	52.10	3843	3072	3081	3123 
 499934709	14.37	-88.10	3843	3057	3113	3062 
 499935254	14.37	-49.10	3843	3069	3097	3075 
 499935799	14.37	-88.50	3843	3088	3061	3139 
 499936344	14.34	-51.10	3843	3071	3074	3131 
 499936888	14.37	-32.70	3843	3055	3111	3076 
 499937433	14.34	-30.40	3843	3065	3105	3071 
 499937978	14.36	-126.60	3843	3088	3063	3128 
 499938523	14.39	-148.50	3843	3075	3072	3132 
 499939067	14.36	-90.50	3843	3060	3109	3080 
 499939612	14.39	-86.30	3843	3064	3106	3067 
 499940157	14.37	-74.80	3843	3087	3066	3120 
 499940702	14.40	-131.30	3843	3079	3069	3144 
 499941246	14.37	-9.70	3843	3058	3104	3083 
 499941791	14.37	-102.40	3843	3063	3112	3064 
 499942336	14.37	-58.20	3843	3083	3071	3111 
 499942881	14.40	-89.60	3843	3081	3066	3148 
 499943426	14.39	-134.20	3843	3062	3107	3094 
 499943970	14.34	59.90	3843	3062	3116	3059 
 499944515	14.40	-133.20	3843	3080	3074	3104 
 499945060	14.36	36.20	3843	3086	3059	3147 
 499945605	14.37	-36.60	3843	3063	3095	3105 
 499946149	14.37	-76.10	3843	3059	3113	3061 
 499946694	14.35	10.10	3843	3077	3077	3096 
 499947239	14.42	-143.40	3843	3085	3063	3149 
 499947784	14.35	0.50	3843	3063	3090	3110 
 499948328	14.40	-95.70	3843	3060	3112	3058 
 499948873	14.37	-60.80	3843	3077	3083	3094 
 499949418	14.35	20.20	3843	3085	3061	3150 
 499949963	14.38	-106.90	3843	3065	3091	3108 
 499950508	14.38	-145.10	3843	3057	3112	3063 
 499951052	14.35	16.50	3843	3077	3083	3091 
 499951597	14.34	37.10	3843	3086	3060	3141 
 499952142	14.37	-74.90	3843	3067	3086	3113 
 499952687	14.36	-82.10	3843	3058	3117	3062 
 499953231	14.38	-22.10	3843	3075	3090	3088 
 499953776	14.37	-12.40	3843	3088	3062	3146 
 499954321	14.37	-72.60	3843	3067	3086	3124 
 499954866	14.37	-48.80	3844	3055	3112	3064 
 499955410	14.37	-95.90	3843	3071	3096	3083 
 499955955	14.37	-72.70	3843	3092	3060	3141 
 499956500	14.40	-87.60	3843	3066	3087	3125 
 499957045	14.37	-106.50	3843	3059	3115	3062 
 499957590	14.37	-90.20	3843	3071	3092	3087 
 499958134	14.38	-67.50	3843	3089	3061	3145 
 499958679	14.37	-114.50	3844	3072	3083	3125 
 499959224	14.36	-108.60	3843	3054	3114	3063 
 499959769	14.36	46.20	3843	3068	3103	3083 
 499960313	14.35	-11.30	3843	3087	3061	3141 
 499960858	14.37	-82.70	3843	3071	3078	3126 
 499961403	14.39	-161.20	3843	3057	3113	3070 
 499961948	14.37	-47.60	3843	3068	3102	3074 
 499962492	14.40	-79.50	3843	3087	3062	3138 
 499963037	14.35	48.10	3843	3073	3075	3130 
 499963582	14.38	37.30	3844	3060	3110	3073 
 499964127	14.34	-52.60	3843	3068	3100	3069 
 499964672	14.35	-27.90	3843	3093	3059	3131 
 499965216	14.37	-38.60	3844	3074	3076	3142 
 499965761	14.40	-72.00	3843	3058	3113	3075 
 499966306	14.37	-73.10	3844	3066	3102	3071 
 499966851	14.36	-77.00	3843	3087	3063	3129 
 499967395	14.37	-30.40	3843	3077	3076	3142 
 499967940	14.37	18.30	3843	3059	3110	3073 
 499968485	14.37	-9.60	3843	3066	3103	3068 
 499969030	14.37	-177.20	3843	3086	3064	3131 
 499969574	14.34	8.50	3843	3076	3072	3143 
 499970119	14.36	13.00	3844	3055	3108	3073 
 499970664	14.36	-19.80	3843	3066	3109	3067 
 499971209	14.42	-144.30	3843	3086	3065	3120 
 499971753	14.36	-108.20	3843	3074	3070	3141 
 499972300	14.37	-48.40	3843	3059	3106	3081 
 499972845	14.39	-151.50	3844	3064	3110	3066 
 499973390	14.40	-128.00	3844	3084	3068	3116 
 499973935	14.36	-97.50	3844	3079	3064	3142 
 499974479	14.40	-99.30	3844	3058	3104	3088 
 499975024	14.37	-103.60	3844	3063	3114	3062 
 499975569	14.36	15.20	3843	3081	3072	3109 
 499976114	14.34	-1.10	3843	3081	3063	3144 
 499976658	14.38	-30.70	3843	3061	3107	3087 
 499977203	14.37	-73.80	3843	3061	3111	3065 
 499977748	14.40	-145.20	3843	3083	3072	3113 
 499978293	14.40	-88.70	3843	3081	3063	3147 
 499978838	14.40	-124.50	3843	3061	3104	3094 
 499979382	14.37	-67.70	3843	3059	3112	3064 
 499979927	14.34	23.40	3843	3087	3073	3104 
 499980472	14.37	-81.80	3843	3083	3064	3148 
 499981017	14.34	-29.30	3844	3060	3101	3094 
 499981561	14.36	54.70	3844	3060	3108	3058 
 499982106	14.36	35.60	3844	3082	3072	3111 
 499982651	14.37	-42.50	3843	3081	3066	3137 
 499983196	14.38	-70.50	3844	3060	3102	3092 
 499983740	14.35	-10.50	3843	3062	3110	3062 
 499984285	14.37	-68.70	3843	3083	3071	3110 
 499984830	14.38	-54.10	3843	3081	3064	3145 
 499985375	14.36	-113.80	3843	3058	3105	3086 
 499985920	14.42	-105.50	3843	3063	3112	3062 
 499986464	14.38	-125.60	3843	3083	3071	3108 
 499987009	14.36	-17.80	3844	3081	3066	3146 
 499987554	14.41	-165.10	3843	3060	3101	3094 
 499988099	14.36	23.00	3844	3058	3113	3061 
 499988643	14.33	78.30	3843	3081	3071	3104 
 499989188	14.33	76.40	3844	3083	3065	3145 
 499989733	14.34	4.40	3843	3063	3105	3094 
 499990278	14.37	-51.30	3843	3060	3108	3065 
 499990822	14.37	-16.20	3844	3083	3072	3110 
 499991367	14.36	51.60	3844	3081	3067	3145 
 499991912	14.41	-159.70	3843	3059	3108	3087 
 499992457	14.35	14.50	3843	3058	3114	3065 
 499993001	14.35	31.40	3843	3087	3070	3113 
 499993546	14.37	-45.70	3843	3080	3068	3146 
 499994091	14.38	-68.70	3843	3059	3103	3087 
 499994636	14.35	14.40	3843	3063	3110	3063 
 499995181	14.40	-123.70	3843	3083	3069	3114 
 499995725	14.37	-73.30	3843	3080	3066	3146 
 499996270	14.32	50.40	3843	3057	3107	3087 
 499996815	14.41	-173.80	3843	3059	3111	3062 
 499997360	14.36	-103.90	3843	3083	3069	3113 
 499997904	14.40	-113.60	3843	3082	3066	3145 
 499998449	14.35	26.00	3843	3056	3102	3094 
 499998994	14.37	-47.50	3843	3060	3109	3062 
 499999539	14.35	18.10	3843	3085	3072	3110 
 500000083	14.35	-23.90	3843	3080	3067	3146 
 500000628	14.38	-32.70	3844	3057	3102	3087 
 500001173	14.40	-137.10	3844	3060	3110	3064 
 500001718	14.38	-78.70	3843	3082	3070	3112 
 500002263	14.41	-166.30	3843	3080	3067	3145 
 500002807	14.38	-169.00	3843	3056	3107	3094 
 500003352	14.38	-145.50	3843	3061	3111	3062 
 500003897	14.37	-47.70	3843	3082	3066	3112 
 500004442	14.39	-99.30	3843	3082	3066	3145 
 500004986	14.37	-46.20	3843	3057	3104	3087 
 500005531	14.38	-181.30	3843	3059	3113	3064 
 500006076	14.35	-4.60	3843	3083	3072	3112 
 500006621	14.37	-73.50	3843	3079	3063	3143 
 500007165	14.41	-148.30	3843	3061	3111	3085 
 500007710	14.37	-27.80	3843	3064	3115	3064 
 500008255	14.39	-120.40	3843	3083	3068	3119 
 500008800	14.37	-48.90	3843	3084	3064	3144 
 500009345	14.35	41.30	3844	3059	3107	3082 
 500009889	14.37	-78.10	3843	3065	3111	3065 
 500010434	14.37	-90.70	3843	3085	3067	3119 
 500010979	14.38	-163.10	3844	3076	3071	3142 
 500011524	14.38	-121.40	3843	3060	3107	3083 
 500012068	14.38	-15.50	3843	3065	3106	3065 
 500012613	14.35	-78.70	3843	3087	3065	3120 
 500013158	14.41	-148.40	3844	3075	3073	3143 
 500013703	14.37	-63.20	3843	3058	3113	3074 
 500014247	14.34	23.00	3843	3065	3107	3067 
 500014792	14.37	-82.30	3843	3087	3061	3130 
 500015337	14.40	-159.00	3843	3076	3070	3140 
 500015882	14.37	-56.40	3844	3055	3115	3074 
 500016427	14.39	-115.30	3843	3067	3103	3068 
 500016971	14.38	-169.00	3844	3087	3063	3127 
 500017516	14.37	-91.40	3843	3076	3074	3141 
 500018061	14.39	-102.20	3844	3054	3112	3075 
 500018606	14.37	-63.00	3843	3066	3103	3068 
 500019150	14.39	-106.40	3844	3089	3059	3135 
 500019695	14.36	-22.90	3843	3078	3078	3137 
 500020240	14.34	-43.00	3843	3056	3116	3069 
 500020785	14.36	63.20	3844	3067	3103	3070 
 500021329	14.38	-3.50	3843	3089	3062	3133 
 500021874	14.39	-151.70	3844	3072	3072	3130 
 500022419	14.39	-149.90	3844	3060	3115	3067 
 500022964	14.34	-63.10	3844	3066	3103	3074 
 500023508	14.36	21.40	3844	3087	3061	3135 
 500024053	14.39	-144.50	3843	3071	3075	3139 
 500024600	14.37	-146.30	3844	3058	3112	3066 
 500025145	14.35	24.20	3844	3069	3098	3072 
 500025690	14.37	-76.00	3843	3088	3061	3134 
 500026234	14.35	9.30	3844	3073	3078	3128 
 500026777	14.37	-18.30	3843	3059	3112	3061 
 500027322	14.38	-33.70	3844	3069	3096	3080 
 500027867	14.38	-31.70	3843	3089	3063	3137 
 500028411	14.38	-131.90	3843	3075	3080	3119 
 500028958	14.35	-80.70	3843	3058	3112	3065 
 500029503	14.35	38.70	3843	3068	3096	3076 
 500030048	14.38	-142.30	3844	3089	3063	3139 
 500030593	14.37	12.20	3844	3071	3078	3122 
 500031137	14.40	-102.90	3844	3058	3115	3061 
 500031682	14.32	36.60	3844	3069	3095	3083 
 500032227	14.37	-29.50	3843	3089	3062	3140 
 500032772	14.37	-56.10	3843	3071	3083	3124 
 500033316	14.37	-69.00	3843	3057	3113	3062 
 500033861	14.40	-117.50	3844	3072	3092	3084 
 500034406	14.38	-113.60	3844	3089	3063	3142 
 500034951	14.36	-93.80	3843	3070	3082	3121 
 500035495	14.39	-127.30	3843	3058	3118	3057 
 500036040	14.34	-45.50	3843	3071	3091	3083 
 500036585	14.32	25.00	3844	3088	3060	3147 
 500037130	14.38	-57.30	3843	3068	3086	3125 
 500037675	14.35	-36.60	3844	3058	3116	3057 
 500038219	14.36	-5.70	3843	3073	3094	3083 
 500038764	14.38	-121.70	3843	3087	3057	3146 
 500039309	14.36	-1.70	3843	3067	3088	3117 
 500039854	14.35	-4.30	3843	3057	3114	3058 
 500040398	14.35	15.80	3843	3077	3083	3093 
 500040943	14.36	-97.80	3843	3086	3059	3149 
 500041488	14.36	17.40	3844	3063	3090	3108 
 500042033	14.37	-19.50	3843	3060	3113	3062 
 500042577	14.39	-134.50	3843	3076	3076	3097 
 500043122	14.38	-136.70	3844	3086	3058	3148 
 500043667	14.37	-43.00	3843	3064	3093	3106 
 500044212	14.36	-70.80	3844	3059	3118	3062 
 500044756	14.42	-130.90	3843	3077	3074	3099 
 500045301	14.38	-124.60	3844	3086	3063	3149 
 500045846	14.37	-47.50	3843	3063	3097	3103 
 500046391	14.37	-67.30	3844	3058	3112	3065 
 500046936	14.38	-46.50	3844	3081	3074	3105 
 500047480	14.36	-130.60	3844	3087	3061	3148 
 500048025	14.39	-149.00	3844	3061	3099	3093 
 500048570	14.39	-133.60	3843	3058	3114	3063 
 500049115	14.40	-144.90	3844	3080	3074	3106 
 500049659	14.36	-83.80	3844	3085	3063	3149 
 500050204	14.38	-116.00	3843	3062	3101	3099 
 500050749	14.36	28.20	3843	3060	3115	3065 
 500051294	14.38	-120.40	3844	3081	3071	3109 
 500051838	14.37	-82.70	3843	3086	3064	3146 
 500052383	14.37	-99.30	3844	3061	3105	3093 
 500052928	14.35	63.20	3844	3057	3109	3065 
 500053473	14.38	-31.60	3844	3082	3069	3115 
 500054018	14.38	-75.60	3843	3080	3067	3134 
 500054562	14.33	40.80	3843	3059	3111	3086 
 500055107	14.37	-93.50	3843	3064	3109	3063 
 500055652	14.38	-51.00	3844	3087	3064	3124 
 500056197	14.34	-54.10	3844	3077	3067	3140 
 500056741	14.40	-127.20	3844	3055	3108	3079 
 500057286	14.35	36.70	3844	3066	3105	3066 
 500057831	14.38	-152.80	3844	3086	3066	3126 
 500058376	14.39	-110.00	3844	3076	3071	3142 
 500058920	14.37	-135.40	3843	3058	3113	3079 
 500059465	14.40	-133.00	3844	3064	3106	3067 
 500060010	14.37	-28.00	3843	3091	3065	3121 
 500060555	14.37	-126.30	3844	3075	3072	3142 
 500061100	14.39	-90.60	3843	3060	3112	3079 
 500061644	14.38	-122.00	3844	3064	3111	3065 
 500062189	14.38	-12.50	3844	3086	3064	3120 
 500062734	14.39	-2.40	3844	3076	3070	3141 
 500063279	14.34	11.60	3844	3058	3108	3075 
 500063823	14.38	-120.60	3844	3067	3104	3068 
 500064368	14.35	-8.60	3844	3091	3064	3125 
 500064913	14.41	-120.70	3844	3075	3073	3142 
 500065458	14.39	-85.40	3843	3059	3109	3076 
 500066002	14.34	-26.20	3844	3065	3103	3066 
 500066547	14.38	-39.90	3844	3089	3064	3130 
 500067092	14.34	-36.10	3843	3074	3072	3131 
 500067637	14.34	-47.90	3843	3054	3110	3076 
 500068182	14.38	-48.90	3844	3065	3104	3072 
 500068726	14.39	-98.00	3844	3090	3064	3131 
 500069271	14.35	79.20	3844	3074	3075	3141 
 500069816	14.37	-97.00	3844	3053	3110	3075 
 500070361	14.37	-54.90	3844	3067	3103	3071 
 500070905	14.39	-115.20	3844	3088	3060	3133 
 500071450	14.39	-77.20	3844	3075	3080	3141 
 500071995	14.37	-66.30	3844	3058	3110	3073 
 500072540	14.37	-65.90	3843	3068	3098	3071 
 500073084	14.39	-103.80	3844	3088	3060	3139 
 500073629	14.35	-16.00	3844	3073	3077	3141 
 500074174	14.37	-121.50	3844	3059	3115	3068 
 500074719	14.38	-138.30	3844	3067	3100	3068 
 500075264	14.38	-109.10	3844	3089	3060	3132 
 500075808	14.38	-102.60	3844	3075	3076	3131 
 500076355	14.38	-125.60	3844	3054	3113	3076 
 500076900	14.37	-27.70	3844	3063	3100	3065 
 500077445	14.36	22.30	3844	3087	3063	3128 
 500077989	14.34	-66.40	3843	3074	3073	3132 
 500078534	14.40	-87.30	3844	3054	3113	3076 
 500079079	14.40	-153.90	3844	3067	3101	3069 
 500079624	14.37	-56.30	3844	3090	3059	3134 
 500080168	14.39	-107.30	3844	3074	3075	3133 
 500080713	14.37	-77.90	3844	3057	3110	3076 
 500081258	14.36	-84.40	3844	3065	3101	3070 
 500081803	14.38	-119.30	3844	3089	3063	3130 
 500082348	14.38	-110.70	3844	3073	3076	3143 
 500082892	14.37	-95.30	3844	3058	3114	3076 
 500083437	14.38	-106.40	3844	3069	3103	3071 
 500083982	14.40	-105.10	3844	3089	3064	3129 
 500084527	14.39	-121.60	3844	3074	3074	3136 
 500085071	14.36	-106.90	3844	3058	3116	3075 
 500085616	14.38	-102.80	3844	3065	3102	3066 
 500086161	14.37	-24.20	3844	3086	3063	3137 
 500086706	14.36	-85.80	3844	3073	3075	3141 
 500087250	14.36	-52.30	3843	3058	3115	3075 
 500087795	14.34	55.60	3844	3067	3102	3070 
 500088340	14.39	-142.50	3844	3088	3062	3133 
 500088885	14.38	-103.60	3844	3072	3077	3141 
 500089430	14.36	-65.90	3844	3058	3115	3073 
 500089974	14.39	-110.90	3844	3066	3103	3073 
 500090519	14.37	-62.10	3844	3089	3061	3135 
 500091064	14.36	-79.30	3844	3076	3078	3129 
 500091609	14.38	-96.60	3844	3055	3117	3067 
 500092153	14.35	-104.70	3844	3068	3097	3076 
 500092698	14.38	-37.70	3844	3088	3061	3134 
 500093243	14.37	-45.90	3844	3073	3074	3131 
 500093788	14.37	-54.60	3844	3059	3117	3070 
 500094332	14.38	-102.60	3844	3069	3100	3080 
 500094877	14.38	-110.10	3844	3087	3060	3140 
 500095422	14.37	-131.00	3844	3070	3076	3128 
 500095967	14.36	6.10	3844	3058	3113	3070 
 500096512	14.36	-93.20	3844	3068	3098	3078 
 500097056	14.36	-87.80	3844	3088	3063	3141 
 500097601	14.36	-80.50	3844	3074	3080	3126 
 500098146	14.38	-112.10	3844	3060	3113	3061 
 500098691	14.37	-49.50	3844	3072	3095	3082 
 500099235	14.38	-115.30	3844	3092	3057	3143 
 500099780	14.38	-97.90	3844	3070	3078	3126 
 500100325	14.38	-93.20	3844	3058	3119	3064 
 500100870	14.36	-49.20	3844	3071	3096	3083 
 500101414	14.35	6.60	3844	3090	3061	3144 
 500101959	14.33	-112.40	3844	3067	3085	3120 
 500102504	14.36	-99.50	3844	3059	3118	3063 
 500103049	14.35	-7.80	3844	3073	3090	3081 
 500103593	14.37	-116.20	3844	3088	3061	3140 
 500104138	14.36	-57.50	3844	3068	3086	3126 
 500104683	14.36	-67.30	3844	3058	3117	3063 
 500105228	14.38	-119.80	3844	3076	3089	3088 
 500105773	14.34	-19.20	3843	3088	3063	3144 
 500106317	14.36	-79.90	3844	3066	3086	3118 
 500106862	14.34	-3.80	3844	3055	3114	3060 
 500107407	14.38	-93.90	3844	3076	3084	3092 
 500107952	14.37	-54.60	3844	3086	3059	3147 
 500108496	14.35	1.40	3844	3068	3091	3114 
 500109041	14.36	-68.10	3844	3058	3114	3059 
 500109586	14.36	-56.80	3844	3081	3086	3098 
 500110131	14.34	-28.00	3844	3086	3061	3145 
 500110675	14.37	2.90	3844	3067	3093	3111 
 500111220	14.38	-80.50	3844	3060	3116	3062 
 500111765	14.36	-109.50	3844	3082	3076	3098 
 500112310	14.36	-69.00	3844	3087	3063	3147 
 500112855	14.36	-67.60	3844	3059	3093	3105 
 500113399	14.36	-88.80	3844	3059	3112	3060 
 500113944	14.36	-57.50	3844	3079	3078	3100 
 500114489	14.36	-92.50	3844	3085	3063	3146 
 500115034	14.36	-81.60	3844	3062	3099	3099 
 500115578	14.36	-93.10	3844	3060	3116	3063 
 500116123	14.36	-96.20	3844	3082	3073	3106 
 500116668	14.36	-81.80	3844	3082	3064	3149 
 500117213	14.36	-86.90	3844	3061	3102	3100 
 500117757	14.34	-10.10	3844	3063	3109	3066 
 500118302	14.36	-49.40	3844	3082	3074	3107 
 500118847	14.33	-129.40	3844	3083	3063	3148 
 500119394	14.34	-47.00	3844	3060	3101	3098 
 500119937	14.36	-75.50	3844	3060	3112	3063 
 500120481	14.36	-74.70	3844	3084	3072	3107 
 500121028	14.32	39.40	3844	3081	3066	3145 
 500121571	14.36	-111.20	3844	3058	3101	3086 
 500122118	14.34	-65.60	3844	3063	3109	3061 
 500122662	14.36	-73.40	3844	3085	3072	3110 
 500123207	14.36	-70.60	3844	3081	3066	3146 
 500123752	14.36	-83.90	3844	3059	3104	3087 
 500124297	14.34	-21.10	3844	3058	3112	3065 
 500124841	14.35	-89.10	3844	3085	3068	3116 
 500125386	14.34	-36.50	3844	3080	3066	3143 
 500125931	14.34	-9.30	3844	3059	3111	3082 
 500126474	14.34	-33.00	3844	3062	3112	3057 
 500127019	14.35	-74.10	3844	3087	3067	3127 
 500127563	14.34	-100.70	3844	3075	3068	3141 
 500128110	14.34	-114.20	3844	3059	3107	3080 
 500128655	14.34	-117.60	3844	3062	3110	3067 
 500129200	14.32	-94.10	3844	3087	3067	3123 
 500129744	14.32	-77.20	3844	3083	3068	3144 
 500130289	14.33	-73.00	3844	3060	3109	3084 
 500130834	14.34	-123.40	3844	3060	3113	3062 
 500131379	14.33	-80.80	3844	3085	3067	3118 
 500131923	14.33	-76.00	3844	3078	3067	3146 
 500132468	14.33	-64.50	3844	3059	3110	3084 
 500133013	14.34	-92.80	3844	3065	3111	3068 
 500133558	14.32	-8.90	3844	3086	3064	3121 
 500134103	14.33	-93.20	3844	3082	3067	3143 
 500134647	14.33	-81.10	3844	3056	3109	3080 
 500135192	14.32	-76.40	3844	3064	3107	3063 
 500135737	14.33	-87.80	3844	3086	3066	3124 
 500136282	14.32	-64.40	3844	3081	3070	3141 
 500136826	14.33	-76.70	3844	3059	3114	3080 
 500137371	14.33	-80.30	3844	3068	3107	3067 
 500137916	14.31	-8.90	3844	3088	3063	3129 
 500138461	14.33	-68.10	3844	3077	3075	3133 
 500139005	14.31	-19.30	3844	3057	3113	3074 
 500139550	14.32	-64.50	3844	3065	3106	3070 
 500140095	14.32	-72.10	3844	3086	3060	3126 
 500140640	14.32	-81.20	3844	3074	3076	3133 
 500141185	14.31	-74.90	3844	3057	3112	3070 
 500141729	14.30	-60.60	3844	3068	3102	3072 
 500142274	14.28	-77.80	3844	3088	3060	3138 
 500142819	14.28	-80.70	3844	3073	3074	3139 
 500143364	14.30	-88.50	3844	3055	3114	3071 
 500143908	14.30	-67.90	3844	3068	3097	3074 
 500144453	14.30	-88.50	3844	3087	3064	3142 
 500144998	14.30	-92.30	3844	3071	3078	3131 
 500145543	14.30	-60.60	3844	3058	3114	3064 
 500146087	14.30	-78.50	3844	3069	3097	3080 
 500146632	14.30	-100.60	3844	3091	3062	3143 
 500147177	14.28	-48.20	3844	3071	3081	3128 
 500147722	14.26	4.70	3844	3055	3118	3055 
 500148267	14.27	-65.00	3844	3072	3092	3083 
 500148811	14.27	-78.50	3844	3089	3059	3144 
 500149356	14.27	-81.40	3844	3066	3087	3126 
 500149901	14.27	-64.30	3844	3059	3113	3063 
 500150446	14.25	-14.50	3844	3073	3090	3086 
 500150990	14.27	-82.10	3844	3088	3058	3147 
 500151535	14.26	-82.10	3844	3068	3086	3119 
 500152080	14.23	19.00	3844	3059	3112	3062 
 500152625	14.24	-73.70	3844	3074	3084	3093 
 500153169	14.24	-70.30	3844	3086	3059	3146 
 500153714	14.24	-72.10	3844	3063	3089	3116 
 500154259	14.22	-55.40	3844	3061	3113	3064 
 500154804	14.21	1.10	3844	3076	3082	3094 
 500155346	14.20	-5.60	3844	3088	3063	3147 
 500155891	14.20	-58.10	3844	3063	3098	3097 
 500156436	14.22	-91.20	3844	3059	3116	3060 
 500156981	14.18	24.10	3844	3083	3074	3103 
 500157526	14.18	-43.70	3844	3084	3065	3150 
 500158070	14.17	7.20	3843	3061	3102	3094 
 500158615	14.18	-58.70	3844	3061	3108	3065 
 500159160	14.18	-62.40	3844	3084	3069	3115 
 500159705	14.18	-77.10	3844	3080	3066	3147 
 500160249	14.16	-21.00	3844	3058	3105	3082 
 500160794	14.16	-63.10	3844	3064	3113	3068 
 500161339	14.16	-54.70	3844	3087	3066	3120 
 500161884	14.15	-12.10	3844	3075	3068	3141 
 500162428	14.14	-27.90	3844	3059	3106	3077 
 500162973	14.16	-106.10	3844	3066	3103	3068 
 500163520	14.16	-73.90	3844	3087	3067	3127 
 500164065	14.15	-56.10	3844	3077	3073	3142 
 500164610	14.15	-56.40	3844	3057	3112	3076 
 500165154	14.14	-90.70	3844	3065	3101	3068 
 500165699	14.13	-23.00	3844	3089	3063	3129 
 500166244	14.11	39.90	3844	3073	3076	3140 
 500166787	14.12	-48.80	3844	3058	3112	3068 
 500167331	14.12	-75.60	3844	3068	3096	3074 
 500167878	14.13	-63.60	3844	3087	3062	3138 
 500168421	14.13	-51.00	3844	3071	3078	3127 
 500168968	14.12	-31.20	3844	3057	3112	3065 
 500169512	14.11	-20.60	3844	3067	3096	3081 
 500170055	14.09	5.20	3845	3088	3058	3137 
 500170600	14.10	-20.80	3844	3070	3085	3125 
 500171145	14.08	34.40	3844	3058	3113	3062 
 500171689	14.09	-50.40	3844	3076	3090	3088 
 500172234	14.10	-81.90	3844	3093	3060	3146 
 500172779	14.10	-70.60	3844	3066	3088	3118 
 500173324	14.10	-52.50	3844	3058	3119	3064 
 500173869	14.09	-33.60	3844	3078	3084	3089 
 500174413	14.08	28.50	3844	3086	3058	3146 
 500174958	14.10	-55.60	3844	3064	3088	3117 
 500175503	14.10	-52.90	3844	3055	3114	3063 
 500176048	14.08	33.40	3844	3076	3083	3091 
 500176592	14.09	-84.40	3844	3085	3061	3146 
 500177137	14.08	-70.80	3841	3071	3099	3119 
 500177682	14.09	-51.00	3844	3061	3112	3063 
 500178227	14.09	-32.80	3844	3076	3078	3101 
 500178771	14.08	29.80	3844	3086	3061	3145 
 500179316	14.09	-63.80	3844	3063	3095	3104 
 500179861	14.10	-76.50	3844	3058	3112	3063 
 500180406	14.09	-57.80	3844	3079	3076	3101 
 500180951	14.09	-48.50	3844	3084	3062	3146 
 500181495	14.08	-42.50	3844	3060	3098	3100 
 500182040	14.07	-44.00	3844	3060	3111	3064 
 500182585	14.06	-19.20	3844	3083	3073	3105 
 500183130	14.05	46.50	3844	3083	3065	3148 
 500183674	14.06	-68.40	3844	3059	3100	3097 
 500184219	14.08	-77.80	3844	3060	3113	3066 
 500184764	14.06	-51.10	3844	3087	3073	3110 
 500185309	14.07	-31.90	3844	3082	3064	3148 
 500185853	14.06	35.40	3844	3061	3106	3093 
 500186398	14.06	-32.60	3844	3059	3109	3060 
 500186943	14.07	-79.70	3844	3083	3070	3110 
 500187488	14.07	-63.20	3844	3080	3067	3146 
 500188033	14.07	-46.70	3844	3062	3102	3088 
 500188577	14.06	-42.90	3844	3062	3114	3061 
 500189122	14.04	47.80	3844	3084	3070	3113 
 500189667	14.06	-56.10	3844	3079	3066	3146 
 500190212	14.07	-58.30	3844	3058	3103	3082 
 500190756	14.06	-59.40	3844	3064	3115	3063 
 500191301	14.07	-40.90	3844	3087	3069	3121 
 500191846	14.06	9.00	3844	3080	3068	3143 
 500192391	14.06	-53.50	3844	3059	3109	3078 
 500192935	14.07	-81.10	3844	3064	3109	3060 
 500193480	14.07	-56.70	3844	3085	3067	3120 
 500194025	14.06	-85.90	3844	3081	3067	3142 
 500194570	14.06	-56.00	3844	3056	3108	3081 
 500195115	14.06	-65.10	3844	3066	3109	3065 
 500195659	14.04	3.50	3844	3087	3066	3122 
 500196204	14.04	-43.40	3844	3076	3069	3142 
 500196749	14.04	-21.50	3844	3060	3113	3079 
 500197294	14.02	61.50	3844	3065	3104	3063 
 500197838	14.04	-60.70	3844	3087	3064	3125 
 500198383	14.05	-82.60	3844	3077	3068	3142 
 500198928	14.04	-27.70	3844	3056	3110	3076 
 500199473	14.02	31.20	3844	3065	3108	3065 
 500200017	14.03	-27.90	3844	3087	3064	3129 
 500200562	14.05	-93.50	3844	3076	3074	3141 
 500201107	14.04	-63.80	3844	3054	3108	3076 
 500201652	14.04	-47.10	3844	3067	3102	3070 
 500202196	14.04	-31.80	3844	3089	3062	3131 
 500202741	14.02	24.60	3844	3075	3076	3130 
 500203286	14.03	-30.50	3844	3057	3114	3069 
 500203831	14.04	-68.30	3844	3066	3103	3073 
 500204376	14.04	-50.00	3844	3088	3060	3138 
 500204920	14.04	-45.30	3844	3073	3079	3131 
 500205465	14.04	18.10	3844	3059	3114	3068 
 500206010	14.02	-34.20	3843	3069	3095	3078 
 500206555	14.04	-105.50	3844	3087	3060	3140 
 500207099	14.04	-64.70	3844	3071	3080	3126 
 500207644	14.04	-42.90	3844	3057	3117	3061 
 500208189	14.03	-32.50	3844	3070	3091	3079 
 500208734	14.02	22.40	3844	3093	3060	3146 
 500209278	14.03	-27.10	3844	3066	3086	3125 
 500209823	14.04	-79.50	3844	3060	3115	3063 
 500210368	14.04	-56.50	3844	3074	3090	3086 
 500210913	14.04	-48.50	3844	3087	3061	3146 
 500211458	14.03	-27.70	3844	3069	3089	3117 
 500212002	14.02	18.80	3844	3058	3118	3058 
 500212547	14.03	-65.00	3844	3076	3083	3089 
 500213092	14.04	-80.90	3844	3089	3061	3145 
 500213637	14.04	-43.40	3844	3066	3092	3110 
 500214181	14.04	-18.80	3844	3061	3117	3062 
 500214726	14.02	31.50	3843	3075	3078	3095 
 500215271	14.03	-46.80	3844	3087	3061	3146 
 500215816	14.04	-80.10	3844	3062	3096	3104 
 500216360	14.04	-61.10	3844	3061	3110	3065 
 500216905	14.04	-48.20	3844	3081	3075	3107 
 500217450	14.04	-31.20	3844	3084	3060	3146 
 500217995	14.02	33.70	3844	3061	3101	3097 
 500218540	14.03	-45.70	3844	3058	3108	3065 
 500219084	14.04	-67.70	3844	3081	3073	3108 
 500219629	14.02	-131.80	3844	3081	3067	3149 
 500220174	14.04	-34.40	3844	3061	3105	3093 
 500220719	14.04	12.80	3843	3062	3110	3063 
 500221263	14.02	-36.30	3844	3083	3069	3112 
 500221808	14.04	-94.50	3844	3080	3066	3147 
 500222353	14.04	-78.40	3844	3059	3108	3084 
 500222898	14.04	-45.50	3844	3064	3113	3066 
 500223442	14.03	-33.00	3844	3086	3064	3115 
 500223987	14.04	-84.00	3844	3077	3068	3142 
 500224532	14.04	-64.90	3845	3058	3109	3079 
 500225077	14.04	-47.00	3844	3068	3114	3068 
 500225622	14.03	-28.70	3844	3090	3066	3125 
 500226166	14.02	13.40	3844	3077	3071	3132 
 500226711	14.04	-47.40	3844	3055	3114	3075 
 500227256	14.04	-84.20	3844	3065	3102	3070 
 500227801	14.04	-54.20	3844	3089	3062	3131 
 500228345	14.04	-36.60	3844	3072	3074	3131 
 500228890	14.03	25.60	3844	3058	3112	3067 
 500229435	14.04	-39.30	3844	3073	3103	3075 
 500229980	14.02	41.40	3844	3088	3061	3134 
 500230524	14.03	-48.00	3844	3072	3077	3127 
 500231069	14.04	-95.20	3844	3056	3113	3063 
 500231614	14.04	-70.10	3844	3067	3096	3083 
 500232159	14.03	-46.30	3844	3088	3063	3141 
 500232704	14.05	-81.10	3844	3070	3082	3125 
 500233248	14.02	33.60	3843	3056	3116	3062 
 500233793	14.03	-39.70	3844	3071	3093	3081 
 500234338	14.04	-75.90	3844	3086	3061	3140 
 500234883	14.04	-54.90	3844	3066	3087	3121 
 500235427	14.04	-36.60	3844	3059	3113	3063 
 500235972	14.03	9.20	3844	3074	3088	3088 
 500236517	14.03	-31.40	3844	3092	3061	3147 
 500237062	14.04	-88.70	3844	3065	3089	3107 
 500237606	14.04	-77.10	3844	3059	3112	3060 
 500238151	14.04	-55.20	3844	3078	3083	3095 
 500238696	14.03	-23.00	3844	3088	3061	3149 
 500239241	14.02	27.10	3844	3063	3094	3105 
 500239785	14.04	-40.50	3844	3059	3110	3058 
 500240330	14.05	-79.20	3844	3084	3076	3103 
 500240875	14.04	-69.00	3844	3085	3063	3148 
 500241420	14.04	-60.00	3844	3060	3100	3099 
 500241965	14.04	-9.90	3844	3062	3110	3063 
 500242509	14.02	17.60	3843	3082	3071	3106 
 500243054	14.04	-88.40	3844	3083	3066	3145 
 500243599	14.04	-86.20	3844	3057	3103	3084 
 500244144	14.04	-52.70	3844	3063	3116	3061 
 500244688	14.03	-31.00	3844	3088	3068	3119 
 500245233	14.02	35.80	3844	3076	3071	3141 
 500245778	14.03	-32.60	3844	3054	3107	3075 
 500246323	14.03	-30.30	3844	3064	3106	3066 
 500246867	14.03	-51.90	3844	3087	3064	3125 
 500247412	14.04	-82.70	3844	3074	3075	3140 
 500247957	14.05	-66.10	3844	3058	3112	3076 
 500248502	14.04	-17.90	3844	3070	3100	3069 
 500249047	14.04	-53.30	3844	3088	3062	3135 
 500249591	14.04	-6.30	3844	3073	3078	3130 
 500250136	14.04	-90.60	3843	3057	3115	3060 
 500250681	14.03	54.60	3844	3068	3096	3082 
 500251226	14.05	-70.60	3844	3089	3061	3142 
 500251770	14.05	-77.00	3844	3068	3085	3119 
 500252315	14.05	-86.20	3843	3057	3112	3061 
 500252860	14.02	61.10	3844	3076	3082	3090 
 500253405	14.05	-68.20	3844	3091	3060	3144 
 500253949	14.06	-64.80	3844	3066	3092	3112 
 500254494	14.06	-54.90	3844	3061	3115	3059 
 500255039	14.05	12.50	3843	3079	3076	3099 
 500255584	14.06	-55.00	3844	3084	3064	3144 
 500256129	14.07	-76.70	3844	3062	3102	3098 
 500256673	14.08	-68.70	3844	3060	3112	3065 
 500257218	14.07	-55.20	3844	3087	3069	3115 
 500257763	14.06	-40.60	3844	3084	3067	3142 
 500258308	14.05	27.90	3844	3060	3107	3083 
 500258852	14.06	28.20	3844	3066	3105	3060 
 500259397	14.06	-55.00	3844	3090	3063	3124 
 500259942	14.07	-34.00	3844	3077	3074	3132 
 500260487	14.07	-45.10	3844	3058	3117	3076 
 500261031	14.08	-73.10	3844	3069	3104	3069 
 500261576	14.08	-70.00	3844	3087	3060	3134 
 500262121	14.09	-93.80	3844	3072	3078	3131 
 500262666	14.10	-76.70	3843	3057	3117	3066 
 500263211	14.10	-70.60	3844	3071	3096	3079 
 500263755	14.09	-7.70	3844	3089	3062	3142 
 500264300	14.10	-46.90	3844	3071	3086	3126 
 500264845	14.09	20.40	3844	3055	3113	3059 
 500265390	14.08	38.90	3844	3073	3089	3090 
 500265934	14.10	-45.70	3844	3085	3060	3145 
 500266479	14.08	44.30	3843	3067	3086	3117 
 500267024	14.12	-99.90	3844	3055	3112	3061 
 500267569	14.11	-107.40	3843	3078	3082	3093 
 500268113	14.08	50.90	3844	3089	3059	3143 
 500268658	14.12	-79.60	3844	3064	3095	3109 
 500269203	14.13	-88.60	3844	3059	3110	3064 
 500269748	14.13	-80.40	3844	3079	3078	3100 
 500270292	14.13	-76.40	3844	3086	3061	3146 
 500270837	14.13	-105.60	3844	3060	3100	3097 
 500271382	14.13	-74.50	3844	3061	3115	3063 
 500271927	14.14	-128.20	3844	3081	3070	3104 
 500272472	14.13	-32.90	3844	3082	3066	3150 
 500273016	14.13	-11.40	3844	3060	3101	3094 
 500273561	14.15	-70.70	3844	3063	3110	3065 
 500274106	14.17	-116.40	3844	3081	3069	3114 
 500274651	14.16	-107.60	3844	3081	3066	3147 
 500275195	14.16	-51.20	3844	3058	3108	3083 
 500275740	14.17	-90.00	3844	3062	3112	3061 
 500276285	14.16	-8.80	3844	3085	3066	3118 
 500276830	14.18	-106.90	3844	3076	3070	3141 
 500277374	14.18	-130.80	3844	3054	3108	3079 
 500277919	14.18	-1.00	3844	3065	3106	3068 
 500278464	14.19	-59.20	3844	3088	3062	3128 
 500279009	14.20	-88.60	3844	3074	3075	3142 
 500279554	14.21	-82.00	3844	3057	3115	3073 
 500280098	14.21	-56.70	3844	3067	3104	3072 
 500280643	14.21	-53.90	3844	3088	3060	3134 
 500281188	14.22	-53.80	3844	3073	3076	3127 
 500281733	14.23	-117.20	3844	3057	3113	3063 
 500282277	14.24	-94.10	3844	3068	3097	3080 
 500282822	14.22	29.40	3844	3087	3060	3142 
 500283367	14.24	-102.10	3844	3070	3088	3124 
 500283912	14.24	-71.10	3844	3058	3111	3059 
 500284456	14.27	-87.30	3844	3072	3093	3089 
 500285001	14.27	-37.80	3844	3088	3059	3143 
 500285546	14.28	-104.30	3844	3068	3089	3118 
 500286091	14.29	-80.30	3844	3058	3117	3064 
 500286636	14.30	-15.80	3844	3075	3086	3093 
 500287180	14.32	-135.20	3844	3091	3060	3145 
 500287725	14.32	-94.90	3844	3065	3090	3107 
 500288270	14.34	-115.20	3844	3059	3116	3061 
 500288815	14.34	-62.40	3844	3080	3077	3098 
 500289359	14.34	-79.70	3844	3089	3063	3148 
 500289904	14.36	-69.70	3844	3062	3098	3100 
 500290449	14.36	-93.00	3844	3061	3114	3062 
 500290994	14.34	-39.30	3844	3085	3074	3105 
 500291538	14.36	-82.10	3844	3080	3065	3145 
 500292083	14.36	-82.30	3844	3059	3103	3082 
 500292628	14.35	-21.60	3844	3061	3112	3064 
 500293173	14.36	-90.70	3844	3086	3067	3118 
 500293718	14.36	-92.50	3844	3081	3071	3141 
 500294262	14.35	-72.20	3844	3060	3110	3076 
 500294807	14.36	-86.00	3844	3066	3105	3069 
 500295352	14.37	-114.30	3844	3089	3060	3130 
 500295897	14.35	-104.00	3844	3072	3077	3130 
 500296441	14.37	-113.40	3844	3058	3112	3067 
 500296986	14.36	-8.50	3843	3068	3103	3074 
 500297531	14.36	-112.90	3844	3088	3062	3135 
 500298076	14.34	-22.60	3844	3071	3078	3124 
 500298620	14.36	-107.00	3844	3057	3115	3062 
 500299165	14.34	-33.20	3844	3071	3091	3086 
 500299710	14.35	-88.70	3844	3087	3059	3154 
 500300255	14.34	-5.40	3844	3065	3087	3120 
 500300800	14.36	-90.30	3844	3057	3115	3062 
 500301344	14.36	-69.10	3844	3076	3084	3094 
 500301889	14.33	71.80	3844	3089	3057	3150 
 500302434	14.35	-7.80	3844	3064	3095	3110 
 500302979	14.34	-3.40	3844	3059	3117	3063 
 500303523	14.36	20.30	3844	3082	3074	3104 
 500304068	14.38	10.30	3844	3085	3064	3145 
 500304613	14.37	-68.20	3844	3060	3104	3094 
 500305158	14.39	-113.20	3844	3057	3112	3065 
 500305702	14.37	-101.20	3844	3086	3070	3113 
 500306247	14.37	-129.00	3844	3080	3066	3147 
 500306792	14.37	-47.00	3844	3057	3104	3083 
 500307337	14.38	-96.00	3844	3061	3110	3065 
 500307881	14.36	-77.20	3844	3086	3067	3121 
 500308426	14.36	-110.40	3843	3074	3070	3141 
 500308971	14.34	-46.60	3844	3059	3109	3079 
 500309516	14.37	-109.60	3844	3065	3102	3067 
 500310061	14.37	-63.80	3844	3091	3062	3123 
 500310605	14.38	-35.00	3844	3077	3076	3132 
 500311150	14.36	-64.50	3844	3057	3116	3077 
 500311695	14.35	-7.00	3844	3069	3102	3070 
 500312240	14.37	-100.70	3844	3088	3062	3142 
 500312784	14.38	-109.80	3844	3072	3077	3131 
 500313329	14.38	-118.30	3844	3058	3114	3065 
 500313876	14.38	-122.40	3844	3070	3106	3081 
 500314421	14.37	-96.90	3844	3092	3065	3143 
 500314966	14.37	-50.50	3843	3072	3083	3125 
 500315510	14.37	-24.90	3844	3058	3113	3059 
 500316055	14.39	-107.10	3844	3072	3092	3084 
 500316600	14.38	-39.80	3844	3088	3060	3144 
 500317145	14.37	-67.60	3844	3067	3086	3123 
 500317689	14.37	-98.90	3844	3057	3112	3059 
 500318234	14.34	-30.60	3844	3075	3085	3091 
 500318779	14.37	-100.60	3844	3088	3061	3145 
 500319324	14.36	-97.60	3844	3065	3089	3117 
 500319868	14.37	-109.50	3844	3059	3116	3061 
 500320413	14.37	-84.10	3844	3076	3081	3092 
 500320958	14.35	-16.80	3844	3085	3060	3145 
 500321503	14.37	-53.30	3843	3064	3096	3111 
 500322048	14.37	-67.60	3844	3060	3112	3063 
 500322592	14.34	-24.00	3844	3082	3074	3102 
 500323137	14.34	-55.40	3843	3088	3060	3147 
 500323682	14.39	-113.70	3844	3061	3101	3099 
 500324227	14.38	-101.60	3844	3060	3109	3061 
 500324771	14.37	-67.80	3844	3087	3070	3104 
 500325316	14.37	-59.90	3844	3082	3064	3149 
 500325861	14.39	-126.40	3844	3059	3106	3087 
 500326406	14.33	-20.30	3844	3059	3110	3065 
 500326950	14.37	10.80	3844	3083	3069	3115 
 500327495	14.37	-121.70	3844	3080	3066	3143 
 500328040	14.39	-99.00	3844	3058	3107	3088 
 500328585	14.34	-13.90	3844	3064	3112	3066 
 500329129	14.38	-117.30	3844	3084	3067	3120 
 500329674	14.35	19.90	3844	3077	3069	3142 
 500330219	14.38	-109.00	3844	3060	3108	3079 
 500330764	14.36	-125.00	3844	3066	3104	3068 
 500331309	14.38	-98.50	3844	3086	3066	3123 
 500331853	14.37	-68.50	3844	3076	3070	3141 
 500332398	14.39	-125.10	3844	3059	3108	3072 
 500332943	14.37	-61.20	3844	3066	3105	3067 
 500333488	14.38	-110.90	3844	3089	3066	3126 
 500334032	14.36	-86.40	3844	3076	3071	3141 
 500334577	14.38	-91.20	3844	3061	3113	3077 
 500335122	14.35	9.50	3844	3064	3105	3070 
 500335667	14.39	-150.50	3844	3090	3060	3130 
 500336211	14.35	-106.70	3844	3072	3074	3141 
 500336756	14.38	-110.20	3844	3059	3116	3076 
 500337301	14.38	-121.40	3844	3066	3101	3072 
 500337846	14.34	65.90	3845	3089	3063	3127 
 500338391	14.30	67.60	3844	3078	3076	3141 
 500338935	14.36	-100.80	3844	3057	3111	3071 
 500339480	14.39	-115.70	3844	3069	3100	3071 
 500340025	14.39	-102.20	3844	3090	3061	3136 
 500340570	14.38	-20.00	3844	3074	3078	3131 
 500341114	14.38	-113.70	3844	3054	3115	3065 
 500341659	14.35	-22.10	3844	3066	3102	3073 
 500342204	14.37	-79.10	3844	3088	3062	3133 
 500342749	14.34	-102.80	3844	3072	3078	3130 
 500343293	14.38	-122.70	3844	3057	3110	3069 
 500343838	14.36	-76.50	3844	3069	3102	3076 
 500344383	14.36	-85.20	3844	3086	3059	3140 
 500344928	14.34	-31.20	3844	3071	3078	3125 
 500345473	14.39	-148.10	3844	3059	3115	3061 
 500346019	14.38	-133.90	3844	3069	3096	3082 
 500346564	14.39	-126.70	3844	3087	3059	3142 
 500347109	14.39	-88.90	3844	3071	3079	3125 
 500347654	14.37	-51.30	3844	3056	3117	3061 
 500348198	14.35	43.90	3844	3070	3096	3081 
 500348743	14.35	8.40	3844	3088	3061	3140 
 500349288	14.36	-91.40	3844	3065	3087	3124 
 500349833	14.39	-80.20	3843	3058	3111	3061 
 500350377	14.38	-131.50	3844	3075	3088	3089 
 500350922	14.37	-142.50	3844	3086	3058	3145 
 500351467	14.36	-156.60	3844	3067	3088	3117 
 500352012	14.37	-78.70	3844	3057	3118	3061 
 500352557	14.37	-2.40	3844	3076	3085	3088 
 500353101	14.41	-160.30	3844	3091	3058	3147 
 500353646	14.39	-96.00	3844	3069	3091	3116 
 500354191	14.40	-100.60	3844	3058	3118	3059 
 500354736	14.39	-145.20	3844	3075	3084	3091 
 500355280	14.40	-87.70	3844	3087	3061	3141 
 500355825	14.34	8.60	3844	3064	3086	3113 
 500356370	14.38	-96.90	3844	3057	3113	3063 
 500356915	14.37	-138.80	3844	3076	3082	3093 
 500357459	14.38	-112.00	3844	3085	3061	3149 
 500358004	14.35	-17.80	3844	3068	3090	3108 
 500358549	14.40	-102.10	3844	3056	3112	3063 
 500359094	14.38	-118.60	3844	3076	3083	3094 
 500359639	14.38	-65.10	3843	3090	3061	3147 
 500360183	14.39	-117.00	3844	3066	3088	3115 
 500360728	14.39	-127.40	3844	3059	3113	3061 
 500361273	14.38	-142.30	3844	3075	3085	3092 
 500361818	14.35	-14.90	3843	3086	3058	3139 
 500362362	14.38	-155.00	3844	3066	3086	3114 
 500362907	14.39	-153.40	3844	3057	3113	3060 
 500363452	14.38	-32.80	3844	3076	3089	3089 
 500363997	14.37	-45.40	3844	3085	3062	3143 
 500364541	14.34	-2.00	3844	3067	3090	3119 
 500365086	14.38	-45.50	3844	3059	3117	3062 
 500365631	14.35	-14.60	3844	3075	3085	3091 
 500366176	14.38	-113.60	3844	3087	3060	3146 
 500366721	14.38	-119.60	3844	3064	3089	3113 
 500367265	14.36	-107.40	3844	3060	3112	3064 
 500367810	14.39	-97.00	3844	3074	3090	3085 
 500368355	14.37	-120.20	3843	3087	3061	3144 
 500368900	14.38	-118.80	3844	3066	3090	3125 
 500369444	14.35	13.50	3844	3058	3113	3062 
 500369989	14.38	-140.90	3844	3073	3091	3084 
 500370534	14.38	-111.30	3844	3088	3061	3142 
 500371079	14.35	44.60	3844	3071	3082	3124 
 500371623	14.37	-54.50	3844	3057	3112	3063 
 500372168	14.37	-74.20	3843	3070	3095	3080 
 500372713	14.38	-112.50	3844	3088	3064	3143 
 500373258	14.38	-107.60	3843	3070	3077	3130 
 500373805	14.40	-125.40	3844	3058	3112	3067 
 500374349	14.38	-113.40	3844	3069	3097	3077 
 500374894	14.35	45.70	3844	3089	3060	3139 
 500375439	14.38	-97.70	3844	3071	3077	3131 
 500375984	14.38	-59.70	3844	3057	3114	3067 
 500376528	14.38	-98.60	3844	3070	3098	3074 
 500377073	14.35	16.10	3844	3087	3059	3132 
 500377618	14.34	-27.70	3844	3072	3076	3140 
 500378163	14.39	-116.10	3844	3058	3113	3073 
 500378707	14.36	-85.00	3843	3071	3103	3069 
 500379252	14.38	-34.10	3843	3089	3063	3135 
 500379797	14.37	-33.30	3844	3074	3077	3141 
 500380342	14.38	-121.40	3844	3055	3110	3069 
 500380887	14.37	-63.90	3844	3067	3101	3069 
 500381431	14.37	-74.80	3843	3091	3062	3127 
 500381976	14.40	-127.50	3843	3076	3074	3132 
 500382521	14.39	-122.90	3844	3058	3116	3076 
 500383066	14.40	-67.30	3844	3066	3108	3065 
 500383610	14.34	-20.60	3843	3091	3062	3129 
 500384155	14.39	-61.90	3843	3078	3073	3141 
 500384700	14.39	-107.20	3844	3060	3111	3082 
 500385245	14.39	-66.40	3844	3065	3105	3064 
 500385789	14.40	-115.90	3844	3091	3065	3126 
 500386334	14.36	-85.20	3843	3075	3068	3141 
 500386879	14.36	25.30	3844	3055	3109	3080 
 500387424	14.40	-141.80	3844	3062	3107	3064 
 500387969	14.40	-99.00	3844	3086	3067	3122 
 500388513	14.38	-99.00	3844	3077	3069	3142 
 500389058	14.38	-127.50	3844	3060	3109	3084 
 500389603	14.40	-135.20	3844	3064	3110	3066 
 500390148	14.36	41.60	3844	3085	3067	3117 
 500390692	14.36	-98.50	3844	3081	3065	3134 
 500391237	14.37	-68.00	3843	3059	3108	3086 
 500391782	14.39	-102.20	3844	3062	3112	3062 
 500392327	14.37	-91.60	3844	3083	3069	3115 
 500392871	14.36	-133.40	3844	3080	3066	3146 
 500393416	14.39	-98.70	3844	3061	3102	3095 
 500393961	14.36	28.00	3844	3060	3113	3064 
 500394506	14.35	-100.70	3843	3085	3074	3114 
 500395051	14.36	-97.50	3844	3083	3063	3145 
 500395595	14.41	-126.70	3844	3060	3102	3099 
 500396140	14.37	-60.60	3844	3058	3113	3062 
 500396685	14.37	-69.90	3844	3081	3073	3108 
 500397230	14.38	-34.20	3844	3084	3064	3146 
 500397774	14.38	-146.70	3844	3060	3098	3097 
 500398319	14.41	-131.80	3844	3060	3115	3057 
 500398864	14.37	-50.20	3844	3076	3076	3100 
 500399409	14.35	10.80	3844	3089	3057	3150 
 500399953	14.38	-26.30	3844	3065	3094	3115 
 500400498	14.38	1.20	3843	3059	3117	3063 
 500401043	14.36	-94.60	3844	3077	3082	3096 
 500401588	14.37	-69.80	3843	3091	3061	3146 
 500402132	14.38	-37.30	3843	3065	3092	3108 
 500402677	14.36	-90.30	3844	3059	3116	3060 
 500403222	14.36	-86.00	3843	3076	3084	3095 
 500403767	14.38	-126.90	3844	3091	3060	3148 
 500404312	14.36	4.80	3844	3066	3092	3113 
 500404856	14.40	-122.80	3844	3054	3117	3060 
 500405401	14.36	-0.50	3843	3075	3085	3091 
 500405946	14.37	-78.90	3844	3088	3059	3145 
 500406491	14.36	-72.50	3844	3070	3092	3118 
 500407035	14.40	-147.60	3843	3054	3117	3063 
 500407580	14.36	22.60	3843	3076	3091	3089 
 500408125	14.34	66.70	3844	3087	3059	3146 
 500408670	14.37	-16.30	3844	3068	3087	3124 
 500409214	14.39	-108.60	3844	3058	3111	3063 
 500409759	14.36	-65.50	3843	3072	3091	3086 
 500410304	14.38	-87.20	3843	3088	3062	3148 
 500410849	14.38	-107.80	3844	3069	3084	3121 
 500411394	14.37	-129.60	3843	3054	3113	3060 
 500411938	14.39	-148.20	3844	3070	3095	3081 
 500412483	14.40	-123.10	3843	3088	3063	3140 
 500413028	14.36	-110.80	3844	3070	3078	3128 
 500413573	14.34	-32.00	3843	3059	3117	3070 
 500414117	14.38	-145.10	3843	3067	3096	3076 
 500414662	14.36	18.90	3844	3088	3060	3133 
 500415207	14.34	-62.10	3844	3073	3076	3131 
 500415752	14.37	-69.10	3843	3059	3116	3068 
 500416296	14.37	-66.30	3843	3067	3103	3069 
 500416841	14.36	-111.80	3843	3088	3063	3130 
 500417388	14.37	-76.40	3843	3074	3075	3133 
 500417933	14.37	-77.60	3843	3057	3112	3075 
 500418478	14.40	-111.00	3843	3066	3105	3068 
 500419022	14.37	-66.60	3843	3087	3060	3130 
 500419567	14.38	-45.30	3843	3076	3073	3141 
 500420112	14.40	-145.00	3843	3058	3111	3074 
 500420657	14.38	-24.00	3843	3065	3106	3068 
 500421201	14.37	-17.60	3843	3089	3060	3126 
 500421746	14.36	-66.60	3843	3074	3071	3141 
 500422291	14.37	32.20	3844	3059	3111	3077 
 500422836	14.40	-133.70	3843	3066	3103	3067 
 500423380	14.38	12.60	3843	3088	3064	3129 
 500423925	14.38	-131.50	3844	3076	3069	3141 
 500424470	14.41	-116.20	3843	3055	3115	3077 
 500425015	14.36	-100.70	3843	3066	3104	3066 
 500425560	14.37	-56.00	3843	3091	3065	3126 
 500426104	14.40	-97.90	3843	3076	3071	3135 
 500426649	14.35	42.00	3843	3058	3113	3074 
 500427194	14.37	-57.30	3843	3066	3103	3066 
 500427739	14.39	-124.40	3843	3090	3063	3122 
 500428283	14.36	-116.60	3843	3079	3071	3136 
 500428828	14.40	-127.40	3843	3059	3111	3079 
 500429373	14.36	-47.10	3844	3063	3104	3061 
 500429918	14.39	-99.00	3843	3087	3066	3120 
 500430462	14.38	-122.70	3843	3076	3072	3141 
 500431007	14.38	-129.60	3843	3058	3108	3079 
 500431552	14.36	-132.20	3843	3066	3105	3068 
 500432097	14.36	-98.00	3843	3089	3064	3120 
 500432642	14.39	-105.60	3843	3079	3070	3141 
 500433186	14.37	-86.00	3843	3059	3108	3079 
 500433731	14.39	-87.40	3843	3062	3112	3069 
 500434276	14.37	-6.20	3843	3086	3064	3122 
 500434821	14.37	-66.70	3844	3076	3072	3142 
 500435365	14.35	-35.00	3843	3059	3112	3072 
 500435910	14.38	-140.50	3843	3066	3105	3068 
 500436455	14.36	23.00	3844	3092	3062	3133 
 500437000	14.36	78.10	3843	3074	3074	3132 
 500437544	14.39	-106.60	3843	3057	3116	3076 
 500438089	14.38	-33.60	3844	3065	3105	3069 
 500438634	14.37	-112.40	3844	3088	3063	3126 
 500439179	14.33	-23.40	3843	3075	3072	3142 
 500439724	14.38	-17.80	3843	3058	3111	3077 
 500440268	14.37	-69.70	3844	3066	3101	3071 
 500440813	14.38	-37.20	3843	3089	3060	3131 
 500441358	14.38	-16.60	3843	3075	3074	3143 
 500441903	14.38	-17.20	3843	3053	3115	3071 
 500442447	14.38	-114.60	3843	3066	3105	3070 
 500442992	14.37	-65.40	3843	3092	3061	3132 
 500443537	14.39	-106.60	3843	3074	3072	3135 
 500444082	14.37	-80.40	3844	3055	3110	3076 
 500444626	14.36	4.50	3843	3068	3101	3070 
 500445171	14.39	-116.10	3844	3088	3064	3130 
 500445716	14.42	-114.00	3843	3073	3074	3143 
 500446261	14.39	-127.70	3844	3053	3110	3075 
 500446806	14.41	-137.20	3844	3065	3108	3066 
 500447350	14.34	-60.00	3843	3091	3063	3129 
 500447895	14.34	-81.20	3843	3076	3072	3142 
 500448440	14.37	27.10	3844	3054	3117	3076 
 500448985	14.35	11.30	3844	3068	3102	3069 
 500449529	14.37	-62.80	3843	3088	3062	3127 
 500450074	14.40	-148.20	3844	3074	3072	3133 
 500450619	14.41	-168.90	3844	3054	3115	3075 
 500451164	14.37	-19.90	3844	3069	3104	3065 
 500451708	14.41	-145.10	3843	3089	3063	3131 
 500452253	14.35	14.60	3844	3073	3073	3141 
 500452798	14.43	-162.60	3844	3058	3109	3074 
 500453345	14.33	79.10	3844	3065	3107	3067 
 500453890	14.38	-10.70	3844	3087	3065	3130 
 500454434	14.36	44.60	3843	3076	3071	3142 
 500454979	14.36	-122.30	3843	3058	3112	3076 
 500455524	14.35	-9.10	3844	3066	3103	3065 
 500456069	14.35	-94.70	3844	3089	3063	3128 
 500456613	14.40	-163.60	3844	3074	3070	3142 
 500457158	14.39	-103.60	3844	3057	3110	3077 
 500457703	14.32	59.90	3844	3068	3105	3068 
 500458248	14.38	-56.20	3843	3088	3063	3128 
 500458792	14.39	-155.40	3844	3076	3073	3131 
 500459337	14.40	-119.50	3844	3060	3110	3077 
 500459882	14.37	-57.90	3844	3066	3113	3069 
 500460427	14.38	-144.30	3844	3086	3064	3123 
