 501658408	14.38	-85.50	3842	3060	3109	3084 
 501658953	14.34	-2.30	3842	3062	3116	3062 
 501659498	14.36	-73.70	3842	3085	3069	3115 
 501660043	14.37	-43.00	3842	3084	3064	3148 
 501660588	14.35	26.10	3842	3062	3102	3100 
 501661132	14.40	-94.10	3842	3061	3116	3062 
 501661677	14.39	-110.30	3842	3078	3076	3104 
 501662222	14.42	-97.50	3842	3092	3059	3150 
 501662767	14.37	-57.10	3842	3066	3094	3108 
 501663311	14.36	-74.70	3842	3062	3115	3064 
 501663856	14.38	-101.10	3843	3075	3084	3090 
 501664401	14.40	-24.10	3842	3093	3061	3144 
 501664946	14.40	-65.70	3842	3070	3087	3125 
 501665490	14.38	-90.20	3842	3057	3116	3059 
 501666035	14.36	-19.50	3842	3072	3095	3078 
 501666580	14.38	-21.10	3842	3088	3062	3144 
 501667125	14.38	-8.50	3842	3075	3079	3134 
 501667670	14.37	-135.70	3842	3058	3112	3071 
 501668214	14.37	-58.00	3842	3066	3100	3072 
 501668759	14.34	-36.00	3842	3087	3063	3133 
 501669304	14.38	-112.90	3842	3073	3072	3141 
 501669849	14.39	-82.60	3842	3059	3110	3080 
 501670393	14.39	-80.90	3842	3067	3108	3067 
 501670938	14.35	-9.00	3841	3085	3067	3118 
 501671483	14.38	-13.90	3842	3081	3069	3134 
 501672028	14.40	-95.80	3842	3058	3104	3087 
 501672572	14.38	-95.70	3842	3061	3115	3062 
 501673117	14.35	4.20	3842	3082	3072	3108 
 501673662	14.39	-94.80	3843	3084	3065	3150 
 501674207	14.38	-86.30	3842	3061	3097	3099 
 501674752	14.39	-30.40	3842	3061	3116	3066 
 501675296	14.38	-106.90	3842	3078	3075	3098 
 501675841	14.39	-104.40	3842	3085	3061	3149 
 501676386	14.34	68.60	3843	3068	3092	3119 
 501676931	14.35	-12.80	3842	3059	3113	3063 
 501677475	14.37	-46.00	3842	3076	3092	3087 
 501678020	14.34	81.40	3842	3088	3059	3140 
 501678565	14.38	-112.30	3842	3068	3085	3125 
 501679110	14.40	-95.90	3842	3057	3118	3064 
 501679654	14.36	-67.50	3842	3070	3096	3078 
 501680199	14.38	-118.20	3842	3088	3063	3139 
 501680744	14.38	-50.10	3842	3072	3076	3131 
 501681289	14.38	-26.30	3842	3058	3119	3070 
 501681833	14.40	-124.70	3842	3069	3102	3072 
 501682378	14.35	-1.70	3842	3089	3063	3128 
 501682923	14.34	-11.50	3842	3074	3074	3141 
 501683468	14.37	-73.00	3842	3059	3115	3077 
 501684013	14.36	37.00	3842	3069	3110	3066 
 501684557	14.37	-68.70	3842	3087	3066	3122 
 501685102	14.37	-45.10	3842	3077	3071	3131 
 501685647	14.38	-131.50	3842	3059	3108	3082 
 501686192	14.40	-121.80	3842	3062	3112	3062 
 501686736	14.34	78.60	3842	3085	3068	3111 
 501687281	14.38	-112.70	3842	3082	3065	3147 
 501687826	14.34	-2.00	3842	3062	3101	3100 
 501688371	14.39	-98.80	3842	3060	3116	3061 
 501688915	14.39	-110.10	3842	3079	3076	3102 
 501689460	14.36	-72.80	3842	3090	3057	3150 
 501690005	14.40	-107.40	3842	3067	3095	3110 
 501690550	14.39	-112.00	3842	3059	3113	3063 
 501691095	14.38	-27.00	3842	3076	3085	3089 
 501691639	14.36	-78.10	3842	3086	3056	3147 
 501692184	14.38	-115.10	3842	3068	3089	3124 
 501692729	14.37	-56.30	3842	3055	3114	3063 
 501693274	14.37	-87.60	3842	3071	3099	3085 
 501693818	14.38	-124.20	3842	3092	3062	3146 
 501694363	14.38	-50.40	3842	3073	3077	3135 
 501694908	14.35	38.70	3842	3055	3113	3073 
 501695453	14.37	-87.90	3842	3068	3104	3069 
 501695997	14.37	-83.60	3842	3092	3063	3129 
 501696542	14.33	32.60	3842	3075	3076	3142 
 501697087	14.38	-26.60	3842	3057	3110	3077 
 501697632	14.34	-17.30	3842	3063	3105	3063 
 501698177	14.38	-43.60	3842	3087	3067	3121 
 501698721	14.40	-128.70	3842	3078	3069	3145 
 501699266	14.37	-68.70	3842	3058	3106	3086 
 501699811	14.37	-25.40	3842	3060	3115	3065 
 501700356	14.40	-98.80	3842	3084	3072	3110 
 501700900	14.39	-86.20	3842	3082	3063	3147 
 501701445	14.35	36.40	3842	3061	3101	3100 
 501701990	14.37	17.90	3842	3058	3115	3057 
 501702535	14.38	-121.90	3842	3080	3074	3107 
 501703079	14.38	-17.20	3842	3085	3061	3146 
 501703624	14.36	-90.50	3842	3065	3093	3109 
 501704169	14.37	-56.80	3842	3059	3114	3060 
 501704714	14.40	-115.40	3842	3078	3084	3097 
 501705259	14.38	-46.80	3842	3087	3059	3149 
 501705803	14.39	-110.60	3842	3068	3089	3119 
 501706348	14.37	-60.70	3842	3055	3116	3058 
 501706893	14.36	-90.00	3842	3074	3089	3084 
 501707438	14.35	1.30	3842	3089	3058	3138 
 501707982	14.39	-117.80	3842	3069	3089	3125 
 501708527	14.41	-140.40	3843	3054	3114	3062 
 501709072	14.41	-124.80	3842	3070	3096	3081 
 501709617	14.38	-116.50	3842	3092	3064	3142 
 501710161	14.39	-49.50	3842	3074	3075	3141 
 501710706	14.36	-56.10	3842	3058	3113	3071 
 501711251	14.38	-91.90	3842	3066	3101	3065 
 501711796	14.40	-135.80	3842	3089	3062	3127 
 501712340	14.36	-37.00	3842	3078	3072	3143 
 501712885	14.36	-57.40	3842	3058	3111	3080 
 501713430	14.41	-127.70	3842	3066	3106	3068 
 501713975	14.38	-30.60	3842	3088	3065	3119 
 501714520	14.37	-41.30	3842	3078	3067	3145 
 501715064	14.35	34.00	3842	3058	3111	3087 
 501715609	14.37	-70.90	3842	3063	3114	3064 
 501716154	14.35	-27.30	3842	3083	3071	3113 
 501716699	14.37	-74.40	3842	3084	3066	3149 
 501717243	14.37	-81.80	3842	3059	3103	3094 
 501717788	14.40	-74.80	3842	3059	3109	3061 
 501718333	14.35	8.90	3843	3082	3068	3109 
 501718878	14.36	-14.20	3842	3084	3065	3150 
 501719422	14.38	-124.10	3842	3061	3104	3099 
 501719967	14.39	-112.40	3842	3060	3115	3061 
 501720512	14.36	-89.30	3842	3080	3077	3102 
 501721057	14.40	-80.70	3842	3087	3063	3151 
 501721602	14.37	-129.50	3842	3064	3096	3109 
 501722146	14.36	-83.00	3842	3058	3113	3064 
 501722691	14.36	63.90	3842	3077	3083	3094 
 501723236	14.38	-32.80	3842	3088	3063	3149 
 501723781	14.35	-13.30	3842	3067	3089	3113 
 501724325	14.38	-20.30	3842	3058	3114	3062 
 501724870	14.37	-57.00	3842	3075	3087	3089 
 501725415	14.36	-88.90	3842	3088	3061	3144 
 501725960	14.37	-49.40	3842	3068	3087	3118 
 501726504	14.40	-89.90	3842	3059	3113	3062 
 501727049	14.39	-89.30	3842	3073	3093	3090 
 501727594	14.37	-63.00	3842	3089	3062	3140 
 501728139	14.38	-107.50	3842	3069	3084	3125 
 501728684	14.36	-73.60	3842	3056	3115	3063 
 501729228	14.38	-49.90	3843	3073	3097	3083 
 501729773	14.38	-44.40	3842	3088	3064	3142 
 501730318	14.37	-4.20	3842	3073	3079	3128 
 501730863	14.39	-109.10	3842	3057	3117	3066 
 501731409	14.36	57.20	3842	3068	3097	3076 
 501731952	14.36	28.70	3843	3088	3061	3138 
 501732497	14.37	-50.50	3842	3071	3076	3131 
 501733042	14.39	-80.40	3842	3059	3113	3076 
 501733586	14.40	-126.20	3843	3066	3102	3070 
 501734133	14.38	-19.50	3842	3090	3060	3130 
 501734678	14.36	25.40	3842	3078	3071	3142 
 501735223	14.37	-53.10	3842	3059	3108	3083 
 501735768	14.38	-117.10	3842	3061	3110	3069 
 501736312	14.38	-5.30	3842	3084	3070	3114 
 501736857	14.37	-5.90	3842	3084	3068	3146 
 501737402	14.39	-56.20	3843	3061	3104	3087 
 501737947	14.39	-57.30	3842	3060	3113	3062 
 501738491	14.39	-95.80	3842	3082	3074	3112 
 501739036	14.37	-61.00	3842	3089	3064	3146 
 501739581	14.37	-63.50	3842	3060	3099	3099 
 501740126	14.38	-103.50	3842	3060	3111	3061 
 501740670	14.34	-2.90	3842	3078	3082	3096 
 501741215	14.34	77.70	3843	3091	3062	3150 
 501741760	14.34	16.10	3842	3066	3089	3115 
 501742305	14.34	-51.90	3842	3060	3114	3063 
 501742850	14.39	-85.20	3842	3074	3091	3090 
 501743394	14.40	-87.40	3842	3087	3061	3144 
 501743939	14.32	69.90	3842	3070	3087	3125 
 501744484	14.40	-117.40	3842	3058	3118	3062 
 501745029	14.32	77.30	3842	3070	3099	3080 
 501745573	14.38	-122.00	3842	3087	3063	3144 
 501746118	14.40	5.80	3842	3074	3079	3140 
 501746663	14.35	5.70	3842	3055	3113	3069 
 501747206	14.37	-50.40	3842	3066	3103	3074 
 501747750	14.36	8.40	3842	3091	3060	3132 
 501748295	14.40	-122.80	3842	3074	3075	3137 
 501748840	14.38	-61.70	3842	3055	3111	3076 
 501749385	14.37	-68.60	3842	3064	3115	3067 
 501749929	14.40	-132.40	3842	3086	3066	3121 
 501750476	14.36	-61.10	3842	3079	3067	3141 
 501751021	14.38	-15.60	3842	3059	3110	3085 
 501751566	14.38	-55.40	3843	3065	3111	3064 
 501752111	14.34	-32.90	3842	3085	3071	3111 
 501752655	14.39	-104.40	3842	3081	3062	3148 
 501753200	14.38	-68.10	3842	3062	3102	3101 
 501753745	14.39	-136.30	3842	3058	3115	3062 
 501754290	14.39	-118.20	3842	3080	3078	3101 
 501754834	14.37	-50.50	3842	3090	3061	3151 
 501755379	14.35	37.10	3842	3064	3090	3109 
 501755924	14.37	-61.40	3842	3058	3113	3064 
 501756469	14.36	-2.40	3843	3078	3088	3094 
 501757014	14.39	-111.70	3842	3085	3061	3142 
 501757558	14.35	45.80	3842	3065	3089	3113 
 501758103	14.38	-51.20	3842	3059	3119	3065 
 501758648	14.39	-105.80	3843	3074	3090	3088 
 501759193	14.41	-110.80	3843	3088	3061	3143 
 501759737	14.38	-43.00	3843	3069	3085	3126 
 501760282	14.38	-130.80	3842	3056	3116	3061 
 501760827	14.39	-98.60	3842	3073	3096	3081 
 501761372	14.36	-137.30	3842	3087	3061	3145 
 501761916	14.37	-71.80	3842	3073	3085	3129 
 501762461	14.38	-8.80	3842	3057	3114	3065 
 501763006	14.34	-29.40	3842	3068	3096	3083 
 501763551	14.39	-120.70	3842	3087	3064	3140 
 501764096	14.40	-129.10	3842	3073	3077	3128 
 501764640	14.40	-98.90	3842	3056	3114	3070 
 501765185	14.40	-106.90	3843	3070	3098	3077 
 501765730	14.38	-46.50	3842	3088	3061	3138 
 501766275	14.38	-122.00	3842	3070	3075	3130 
 501766819	14.35	7.80	3842	3058	3118	3071 
 501767364	14.36	54.20	3843	3069	3097	3075 
 501767909	14.34	-13.40	3842	3089	3062	3140 
 501768454	14.38	-146.50	3842	3071	3075	3134 
 501768998	14.35	65.70	3842	3056	3113	3068 
 501769543	14.39	-130.40	3842	3068	3103	3074 
 501770088	14.41	-138.20	3842	3092	3062	3136 
 501770633	14.39	-120.70	3843	3076	3077	3133 
 501771177	14.35	64.90	3843	3064	3121	3086 
 501771722	14.38	-112.90	3842	3067	3106	3072 
 501772267	14.40	-39.70	3842	3090	3064	3127 
 501772812	14.38	-9.50	3842	3076	3073	3141 
 501773357	14.36	-32.60	3842	3058	3109	3077 
 501773901	14.38	-26.20	3842	3070	3108	3068 
 501774446	14.38	4.00	3842	3087	3064	3124 
 501774991	14.36	26.20	3843	3077	3074	3132 
 501775536	14.38	-34.50	3842	3059	3109	3081 
 501776080	14.36	7.40	3842	3068	3105	3068 
 501776625	14.40	-148.10	3842	3087	3064	3127 
 501777170	14.38	-10.80	3843	3076	3069	3142 
 501777715	14.38	-27.50	3842	3061	3109	3084 
 501778259	14.39	-102.00	3842	3066	3107	3065 
 501778804	14.37	-44.80	3842	3083	3069	3118 
 501779349	14.37	-58.70	3842	3084	3067	3144 
 501779894	14.37	-51.10	3842	3060	3107	3084 
 501780439	14.37	-72.50	3842	3064	3112	3060 
 501780983	14.41	-113.30	3842	3086	3073	3117 
 501781528	14.38	6.80	3842	3088	3068	3144 
 501782073	14.37	-81.30	3842	3062	3103	3093 
 501782618	14.36	-94.50	3842	3064	3110	3063 
 501783162	14.35	9.80	3842	3083	3070	3106 
 501783707	14.37	-56.50	3842	3081	3067	3148 
 501784252	14.34	-53.20	3842	3061	3101	3093 
 501784797	14.39	-25.90	3842	3063	3114	3063 
 501785341	14.38	6.60	3842	3082	3072	3110 
 501785886	14.39	-153.30	3842	3083	3064	3150 
 501786431	14.39	-97.80	3843	3061	3101	3099 
 501786976	14.38	-33.00	3842	3058	3116	3061 
 501787521	14.37	-71.70	3842	3085	3075	3104 
 501788065	14.38	-145.40	3842	3087	3062	3144 
 501788610	14.39	-116.40	3797	3063	3094	3105 
 501789155	14.39	-104.90	3842	3059	3111	3058 
 501789700	14.37	-46.20	3843	3076	3083	3092 
 501790244	14.37	-59.60	3842	3090	3057	3146 
 501790789	14.37	-17.40	3842	3065	3091	3116 
 501791334	14.40	-39.70	3842	3060	3113	3062 
 501791879	14.38	-80.80	3842	3076	3085	3096 
 501792423	14.38	26.70	3842	3085	3061	3148 
 501792968	14.42	-48.30	3842	3069	3089	3118 
 501793513	14.36	17.30	3842	3055	3115	3060 
 501794058	14.35	12.20	3842	3075	3090	3088 
 501794603	14.40	-109.10	3843	3095	3060	3146 
 501795147	14.36	-2.70	3842	3068	3089	3121 
 501795692	14.39	11.10	3842	3057	3114	3062 
 501796237	14.39	-140.00	3843	3074	3093	3090 
 501796782	14.39	-130.60	3842	3089	3060	3144 
 501797326	14.38	-1.60	3842	3072	3081	3125 
 501797871	14.35	4.70	3842	3059	3118	3063 
 501798416	14.37	-62.90	3842	3071	3096	3079 
 501798961	14.38	-41.60	3843	3091	3064	3138 
 501799505	14.39	-123.40	3842	3072	3079	3127 
 501800050	14.42	-110.40	3842	3059	3115	3071 
 501800595	14.35	-48.60	3842	3068	3102	3074 
 501801140	14.35	9.40	3842	3090	3064	3134 
 501801684	14.37	-0.30	3843	3074	3080	3131 
 501802229	14.38	-117.10	3842	3057	3117	3071 
 501802774	14.38	-136.70	3842	3067	3105	3068 
 501803319	14.42	-116.20	3843	3087	3062	3134 
 501803864	14.35	7.10	3843	3078	3074	3142 
 501804408	14.39	-146.30	3842	3058	3109	3074 
 501804953	14.37	-70.80	3842	3064	3107	3068 
 501805498	14.36	-62.50	3842	3088	3066	3124 
 501806043	14.40	-159.60	3842	3083	3067	3145 
 501806587	14.37	-56.70	3843	3057	3109	3086 
 501807132	14.40	-63.30	3843	3059	3117	3064 
 501807677	14.39	-105.60	3843	3084	3072	3111 
 501808222	14.40	-94.10	3842	3084	3065	3146 
 501808766	14.38	-155.40	3842	3063	3101	3098 
 501809311	14.38	-32.50	3842	3060	3115	3061 
 501809856	14.38	-6.30	3843	3080	3072	3102 
 501810401	14.34	-37.90	3842	3085	3064	3145 
 501810946	14.37	-97.50	3842	3061	3096	3104 
 501811490	14.41	-146.70	3843	3061	3117	3062 
 501812035	14.40	-107.30	3843	3078	3083	3096 
 501812580	14.35	12.30	3843	3090	3058	3148 
 501813125	14.36	-97.40	3842	3064	3089	3114 
 501813669	14.38	-21.20	3842	3058	3115	3065 
 501814214	14.39	-133.40	3842	3075	3092	3091 
 501814759	14.35	-25.80	3842	3088	3057	3140 
 501815304	14.40	-106.50	3842	3067	3089	3126 
 501815848	14.38	-28.80	3842	3056	3114	3063 
 501816393	14.37	-98.80	3842	3069	3096	3075 
 501816938	14.36	16.80	3842	3088	3061	3145 
 501817483	14.35	-32.80	3843	3072	3079	3128 
 501818028	14.38	-114.10	3843	3059	3114	3069 
 501818572	14.39	-116.00	3842	3069	3103	3073 
 501819117	14.38	-9.20	3842	3093	3064	3127 
 501819662	14.38	-75.40	3842	3074	3071	3142 
 501820207	14.38	-80.80	3842	3058	3115	3077 
 501820751	14.38	42.50	3842	3063	3105	3061 
 501821296	14.38	-22.60	3842	3086	3067	3120 
 501821841	14.39	-114.40	3842	3078	3064	3144 
 501822386	14.37	-63.60	3842	3060	3103	3094 
 501822930	14.38	-127.60	3842	3064	3113	3063 
 501823475	14.35	17.40	3842	3082	3074	3109 
 501824020	14.39	-125.70	3842	3086	3063	3144 
 501824565	14.38	-37.40	3842	3065	3094	3110 
 501825110	14.35	42.70	3842	3058	3111	3064 
 501825654	14.41	-170.70	3842	3077	3084	3095 
 501826199	14.35	60.90	3842	3087	3062	3145 
 501826744	14.38	-28.80	3842	3068	3085	3125 
 501827289	14.37	-54.10	3843	3056	3119	3061 
 501827833	14.34	-45.30	3842	3069	3097	3078 
 501828378	14.34	-62.30	3842	3088	3062	3134 
 501828923	14.38	-69.20	3842	3075	3075	3134 
 501829468	14.40	-19.40	3842	3058	3113	3076 
 501830012	14.35	-43.90	3842	3064	3114	3069 
 501830557	14.41	-91.40	3842	3086	3067	3122 
 501831102	14.43	-118.70	3842	3080	3070	3144 
 501831647	14.36	-111.80	3842	3060	3106	3093 
 501832194	14.35	15.30	3842	3061	3115	3063 
 501832738	14.36	-72.60	3842	3079	3076	3100 
 501833283	14.37	-69.70	3842	3084	3061	3152 
 501833828	14.37	-48.10	3842	3068	3092	3118 
 501834373	14.38	-64.50	3842	3058	3113	3060 
 501834917	14.37	-85.00	3843	3075	3094	3088 
 501835462	14.34	2.60	3842	3087	3062	3145 
 501836005	14.39	-152.20	3843	3068	3084	3125 
 501836552	14.39	-106.70	3842	3059	3115	3066 
 501837096	14.38	-60.90	3842	3069	3095	3075 
 501837641	14.36	-82.00	3842	3092	3063	3130 
 501838186	14.38	-41.90	3842	3075	3076	3132 
 501838731	14.38	-6.50	3842	3059	3115	3080 
 501839276	14.37	-44.40	3842	3064	3110	3064 
 501839820	14.37	19.90	3843	3085	3064	3119 
 501840365	14.42	-175.60	3842	3080	3066	3146 
 501840910	14.39	-126.30	3842	3060	3106	3094 
 501841455	14.39	-108.30	3842	3058	3114	3061 
 501841999	14.36	51.70	3842	3077	3078	3098 
 501842544	14.37	-51.20	3842	3086	3062	3152 
 501843089	14.40	-77.60	3842	3066	3091	3116 
 501843634	14.37	-96.40	3842	3060	3114	3062 
 501844178	14.33	53.50	3842	3075	3090	3084 
 501844723	14.39	27.30	3842	3088	3060	3138 
 501845268	14.39	-117.20	3842	3071	3084	3127 
 501845813	14.38	-29.90	3842	3058	3114	3067 
 501846358	14.40	-71.00	3842	3069	3100	3074 
 501846902	14.37	-42.40	3842	3090	3064	3136 
 501847447	14.38	-54.30	3842	3078	3078	3136 
 501847992	14.38	-47.80	3842	3057	3112	3077 
 501848537	14.39	-94.80	3842	3067	3105	3068 
 501849081	14.38	-98.70	3842	3086	3066	3123 
 501849626	14.39	-46.80	3842	3078	3068	3141 
 501850171	14.40	-90.00	3842	3059	3107	3087 
 501850716	14.37	-26.80	3842	3063	3111	3064 
 501851260	14.38	-28.50	3843	3083	3069	3112 
 501851805	14.40	-50.00	3842	3083	3065	3146 
 501852350	14.34	81.90	3843	3061	3101	3099 
 501852895	14.39	-165.70	3842	3060	3115	3063 
 501853440	14.40	-150.90	3842	3079	3078	3102 
 501853984	14.38	8.10	3842	3086	3060	3147 
 501854529	14.40	-136.90	3842	3064	3091	3110 
 501855074	14.36	37.60	3842	3060	3118	3059 
 501855619	14.39	-156.20	3843	3078	3087	3093 
 501856163	14.38	-36.50	3842	3089	3060	3147 
 501856708	14.38	-39.10	3842	3067	3086	3119 
 501857253	14.36	-90.60	3842	3059	3112	3064 
 501857798	14.37	-64.50	3842	3074	3091	3086 
 501858342	14.35	16.80	3842	3088	3061	3141 
 501858887	14.32	-8.00	3842	3070	3081	3126 
 501859432	14.39	-153.10	3842	3057	3113	3061 
 501859977	14.42	-139.30	3842	3068	3099	3080 
 501860521	14.38	-40.50	3842	3088	3062	3138 
 501861066	14.36	77.30	3842	3072	3076	3134 
 501861611	14.38	-47.70	3842	3054	3112	3071 
 501862156	14.35	12.20	3842	3068	3103	3071 
 501862701	14.39	-108.20	3842	3089	3060	3132 
 501863245	14.42	-149.00	3842	3077	3075	3141 
 501863790	14.37	-53.30	3842	3061	3114	3075 
 501864335	14.40	-59.50	3842	3068	3104	3068 
 501864880	14.38	-14.40	3842	3088	3067	3125 
 501865424	14.38	2.70	3842	3076	3076	3137 
 501865969	14.40	-96.70	3842	3057	3116	3077 
 501866514	14.38	-50.70	3842	3067	3105	3069 
 501867059	14.35	-37.30	3842	3088	3062	3125 
 501867603	14.39	-120.70	3842	3076	3073	3142 
 501868148	14.37	-77.30	3842	3058	3110	3080 
 501868693	14.37	-88.10	3842	3063	3113	3065 
 501869238	14.36	30.20	3842	3084	3065	3125 
 501869783	14.38	-57.40	3842	3081	3070	3141 
 501870327	14.38	-90.10	3842	3059	3109	3084 
 501870872	14.38	-19.90	3843	3066	3112	3061 
 501871417	14.39	-29.00	3842	3086	3067	3119 
 501871962	14.36	29.30	3842	3078	3066	3145 
 501872506	14.37	-45.90	3842	3060	3107	3083 
 501873051	14.38	-53.80	3842	3064	3114	3065 
 501873596	14.37	-84.10	3842	3086	3068	3116 
 501874141	14.38	31.60	3842	3083	3066	3143 
 501874685	14.40	-132.50	3842	3058	3104	3086 
 501875230	14.36	67.80	3842	3063	3114	3063 
 501875775	14.35	-30.80	3842	3083	3068	3114 
 501876320	14.34	18.60	3842	3080	3068	3145 
 501876865	14.39	11.00	3842	3059	3103	3089 
 501877409	14.39	-131.60	3843	3059	3115	3061 
 501877954	14.35	2.30	3843	3087	3072	3110 
 501878499	14.37	-3.10	3842	3081	3067	3146 
 501879044	14.35	17.00	3842	3060	3106	3083 
 501879588	14.38	-16.90	3842	3062	3116	3064 
 501880133	14.38	61.70	3842	3083	3070	3113 
 501880678	14.38	-134.80	3842	3080	3067	3137 
 501881223	14.40	-104.60	3842	3060	3104	3087 
 501881767	14.36	16.30	3842	3060	3111	3062 
 501882312	14.37	-65.70	3842	3083	3071	3108 
 501882857	14.34	60.50	3842	3086	3065	3149 
 501883402	14.37	39.00	3843	3062	3102	3094 
 501883947	14.41	-160.60	3842	3061	3110	3063 
 501884491	14.37	-89.20	3842	3083	3074	3107 
 501885036	14.40	-158.00	3842	3082	3066	3145 
 501885581	14.40	-97.10	3842	3062	3102	3100 
 501886126	14.40	-46.50	3842	3061	3112	3063 
 501886670	14.36	11.00	3842	3078	3073	3105 
 501887215	14.36	-83.30	3842	3084	3065	3149 
 501887760	14.38	-5.20	3842	3061	3100	3099 
 501888305	14.35	49.70	3842	3062	3112	3062 
 501888849	14.37	-59.60	3842	3083	3073	3106 
 501889394	14.39	-120.30	3842	3090	3065	3147 
 501889939	14.37	-23.40	3842	3061	3098	3099 
 501890484	14.38	58.40	3843	3058	3116	3061 
 501891028	14.40	-18.50	3843	3081	3076	3101 
 501891573	14.38	1.90	3842	3089	3062	3145 
 501892118	14.41	-138.80	3842	3062	3097	3099 
 501892663	14.36	17.50	3842	3058	3117	3058 
 501893208	14.38	-27.90	3843	3080	3078	3102 
 501893752	14.37	-65.10	3842	3088	3063	3147 
 501894297	14.37	55.70	3843	3062	3096	3105 
 501894842	14.40	-175.70	3842	3061	3111	3062 
 501895387	14.38	-42.70	3843	3077	3083	3096 
 501895931	14.35	24.70	3842	3086	3057	3147 
 501896476	14.38	-29.60	3842	3067	3092	3110 
 501897021	14.40	-98.80	3842	3056	3117	3062 
 501897566	14.38	-18.90	3843	3077	3083	3093 
 501898110	14.38	-43.00	3842	3087	3060	3147 
 501898655	14.37	-75.60	3843	3064	3093	3110 
 501899200	14.38	-29.40	3843	3060	3113	3060 
 501899745	14.37	-34.10	3842	3078	3083	3093 
 501900290	14.40	-71.90	3842	3085	3058	3148 
 501900834	14.37	-17.80	3842	3062	3095	3108 
 501901379	14.40	-152.30	3842	3060	3111	3063 
 501901924	14.40	-113.70	3842	3075	3082	3093 
 501902469	14.38	-147.00	3842	3087	3057	3149 
 501903013	14.34	20.00	3842	3066	3090	3112 
 501903558	14.41	-195.50	3843	3057	3118	3061 
 501904103	14.37	-91.90	3842	3075	3084	3093 
 501904648	14.34	-26.20	3842	3086	3061	3148 
 501905192	14.38	-21.70	3842	3064	3094	3118 
 501905737	14.40	-59.90	3843	3060	3117	3064 
 501906282	14.37	-73.20	3843	3076	3083	3093 
 501906827	14.37	-51.40	3842	3086	3058	3145 
 501907372	14.35	26.60	3843	3067	3089	3118 
 501907916	14.33	44.30	3843	3059	3114	3063 
 501908461	14.36	76.10	3843	3076	3085	3092 
 501909006	14.39	-135.40	3843	3086	3060	3147 
 501909551	14.34	6.30	3842	3066	3087	3119 
 501910095	14.40	-179.80	3842	3056	3118	3064 
 501910640	14.40	-62.90	3842	3076	3091	3088 
 501911185	14.35	52.80	3843	3087	3061	3144 
 501911730	14.41	-165.30	3842	3065	3085	3124 
 501912274	14.36	-93.70	3842	3058	3112	3064 
 501912819	14.39	-109.30	3842	3072	3091	3087 
 501913364	14.37	-41.10	3842	3092	3063	3141 
 501913909	14.40	-124.30	3843	3073	3085	3126 
 501914454	14.36	-80.20	3843	3057	3113	3065 
 501914998	14.37	-59.10	3842	3070	3097	3083 
 501915543	14.38	-26.10	3842	3087	3064	3140 
 501916088	14.37	-30.20	3842	3070	3078	3130 
 501916633	14.40	-50.90	3842	3057	3113	3066 
 501917177	14.36	26.20	3842	3067	3099	3079 
 501917722	14.36	47.00	3843	3087	3062	3138 
 501918267	14.42	-139.10	3842	3073	3080	3140 
 501918812	14.37	-82.70	3842	3057	3117	3069 
 501919356	14.37	-23.80	3842	3067	3104	3075 
 501919901	14.34	73.30	3843	3091	3060	3137 
 501920446	14.34	80.60	3843	3074	3074	3131 
 501920991	14.37	51.30	3843	3058	3110	3073 
 501921536	14.37	-173.50	3842	3067	3100	3073 
 501922080	14.42	-165.70	3842	3089	3065	3129 
 501922625	14.42	-20.90	3843	3075	3074	3142 
 501923170	14.38	-68.60	3842	3058	3112	3076 
 501923715	14.34	37.50	3843	3069	3110	3068 
 501924259	14.36	46.60	3843	3086	3063	3125 
 501924804	14.38	-40.10	3843	3076	3073	3142 
 501925349	14.39	-178.30	3843	3060	3108	3079 
 501925894	14.35	28.20	3843	3065	3105	3062 
 501926438	14.35	29.20	3842	3087	3067	3117 
 501926983	14.38	-39.70	3842	3083	3069	3141 
 501927528	14.40	-56.60	3843	3061	3108	3082 
 501928073	14.38	-16.70	3843	3063	3112	3064 
 501928617	14.36	26.20	3842	3085	3070	3116 
 501929162	14.36	29.30	3842	3079	3068	3142 
 501929707	14.38	-82.10	3842	3059	3104	3087 
 501930252	14.36	-7.70	3842	3065	3115	3064 
 501930797	14.37	-82.90	3842	3085	3067	3114 
 501931341	14.38	-41.90	3843	3080	3069	3146 
 501931886	14.39	-133.30	3842	3061	3102	3087 
 501932431	14.40	-141.50	3842	3058	3111	3064 
 501932976	14.40	-112.60	3842	3083	3073	3107 
 501933520	14.36	44.50	3842	3084	3065	3145 
 501934065	14.38	-43.60	3842	3062	3108	3094 
 501934610	14.39	16.10	3842	3060	3115	3063 
 501935155	14.39	-1.40	3842	3082	3072	3112 
 501935699	14.38	-73.90	3842	3085	3067	3149 
 501936244	14.35	-30.60	3842	3060	3101	3100 
 501936789	14.38	9.00	3843	3061	3115	3062 
 501937334	14.39	-124.40	3842	3082	3069	3108 
 501937879	14.38	5.20	3842	3088	3062	3147 
 501938423	14.36	23.80	3843	3061	3101	3098 
 501938968	14.40	-65.90	3842	3061	3114	3062 
 501939513	14.41	-158.60	3842	3081	3073	3107 
 501940058	14.39	-140.30	3842	3085	3064	3149 
 501940602	14.36	-5.90	3843	3064	3099	3100 
 501941147	14.38	-59.00	3842	3059	3115	3061 
 501941692	14.36	-122.10	3842	3082	3075	3106 
 501942237	14.36	-91.10	3842	3086	3064	3145 
 501942781	14.42	-147.30	3843	3061	3100	3100 
 501943326	14.43	-166.60	3842	3060	3115	3063 
 501943871	14.38	-51.30	3842	3076	3077	3100 
 501944416	14.38	-39.90	3843	3085	3062	3153 
 501944961	14.33	72.60	3843	3063	3095	3109 
 501945505	14.36	33.70	3842	3061	3112	3062 
 501946050	14.41	-159.10	3842	3082	3080	3098 
 501946595	14.38	-45.90	3842	3085	3059	3148 
 501947140	14.40	-94.80	3843	3066	3092	3111 
 501947684	14.34	59.70	3843	3060	3112	3064 
 501948229	14.38	19.70	3843	3078	3083	3095 
 501948774	14.33	75.90	3843	3088	3060	3147 
 501949319	14.36	35.20	3843	3067	3094	3110 
 501949863	14.36	69.70	3842	3061	3115	3062 
 501950408	14.37	-61.70	3842	3079	3082	3094 
 501950953	14.42	-88.00	3842	3086	3063	3148 
 501951498	14.41	-91.50	3842	3066	3092	3110 
 501952043	14.38	-27.30	3842	3060	3116	3062 
 501952587	14.38	-45.40	3843	3077	3081	3094 
 501953132	14.40	-1.10	3843	3084	3062	3147 
 501953677	14.36	-84.80	3842	3065	3092	3111 
 501954222	14.38	-176.50	3842	3061	3113	3063 
 501954766	14.39	-159.80	3842	3079	3081	3094 
 501955311	14.37	-64.60	3842	3086	3060	3149 
 501955856	14.36	-76.50	3842	3064	3089	3108 
 501956401	14.37	-20.90	3843	3055	3118	3061 
 501956945	14.40	-128.00	3843	3077	3085	3095 
 501957490	14.37	-36.10	3842	3092	3061	3145 
 501958035	14.34	-6.40	3842	3067	3087	3113 
 501958580	14.38	-145.80	3842	3060	3114	3061 
 501959124	14.37	-73.30	3843	3076	3084	3092 
 501959669	14.37	-70.80	3842	3087	3062	3151 
 501960214	14.40	-46.90	3842	3068	3091	3115 
 501960759	14.39	-120.10	3842	3058	3116	3060 
 501961304	14.36	-108.70	3843	3077	3083	3092 
 501961848	14.40	-108.00	3842	3090	3059	3140 
 501962393	14.39	-132.60	3842	3068	3090	3118 
 501962938	14.38	4.80	3842	3059	3112	3058 
 501963483	14.37	-81.50	3842	3076	3090	3090 
 501964027	14.32	4.50	3842	3087	3060	3148 
 501964572	14.39	-131.40	3842	3068	3086	3117 
 501965117	14.37	-84.60	3842	3061	3113	3058 
 501965662	14.37	-59.60	3842	3074	3090	3089 
 501966206	14.36	42.50	3842	3090	3060	3140 
 501966751	14.39	-113.10	3842	3068	3089	3117 
 501967296	14.37	-60.50	3843	3055	3117	3063 
 501967841	14.37	-54.30	3842	3075	3091	3087 
 501968386	14.34	10.00	3842	3088	3059	3145 
 501968930	14.36	-89.20	3842	3065	3087	3118 
 501969475	14.42	-145.40	3842	3059	3112	3064 
 501970022	14.42	-154.80	3842	3071	3094	3086 
 501970567	14.37	-99.90	3842	3089	3062	3139 
 501971111	14.40	-40.30	3842	3069	3085	3125 
 501971656	14.37	-77.30	3842	3057	3114	3063 
 501972201	14.39	-157.10	3842	3071	3092	3087 
 501972746	14.35	-17.40	3842	3087	3063	3144 
 501973291	14.39	-128.50	3842	3071	3081	3121 
 501973835	14.37	-20.20	3842	3058	3116	3065 
 501974380	14.38	-14.70	3842	3067	3096	3080 
 501974925	14.40	-117.90	3842	3088	3061	3143 
 501975470	14.43	-110.60	3842	3072	3078	3127 
 501976014	14.38	-7.20	3843	3058	3113	3066 
 501976559	14.37	-77.80	3842	3069	3097	3076 
 501977104	14.37	-102.60	3842	3087	3064	3138 
 501977649	14.38	-20.50	3842	3072	3077	3141 
 501978193	14.38	-13.90	3842	3056	3117	3073 
 501978738	14.34	78.30	3843	3066	3104	3073 
 501979283	14.38	-46.50	3842	3087	3061	3133 
 501979828	14.35	-24.90	3842	3074	3077	3131 
 501980372	14.40	-169.50	3842	3058	3111	3069 
 501980917	14.35	13.90	3842	3067	3105	3072 
 501981462	14.41	-65.40	3842	3089	3059	3126 
 501982007	14.36	-66.70	3843	3076	3072	3131 
 501982552	14.40	-96.30	3842	3058	3109	3076 
 501983096	14.38	-23.40	3842	3064	3105	3065 
 501983641	14.41	-152.10	3842	3089	3064	3134 
 501984186	14.36	-60.90	3842	3077	3072	3131 
 501984731	14.38	-142.70	3842	3058	3110	3077 
 501985275	14.37	-83.20	3842	3068	3109	3067 
 501985820	14.36	-3.60	3842	3088	3067	3123 
 501986365	14.39	-135.60	3842	3076	3073	3140 
 501986910	14.34	-35.80	3842	3058	3112	3079 
 501987454	14.35	39.40	3842	3066	3105	3067 
 501987999	14.39	-114.00	3842	3085	3066	3121 
 501988544	14.37	-61.10	3842	3075	3071	3139 
 501989089	14.37	-13.10	3842	3060	3112	3080 
 501989634	14.40	-21.90	3842	3066	3113	3066 
 501990178	14.39	-153.10	3842	3087	3065	3121 
 501990723	14.34	-19.60	3842	3078	3071	3141 
 501991268	14.38	-75.80	3842	3059	3110	3079 
 501991813	14.34	19.20	3842	3066	3105	3067 
 501992357	14.36	7.30	3842	3087	3064	3122 
 501992902	14.38	-42.60	3842	3077	3073	3131 
 501993447	14.38	-61.10	3842	3058	3114	3078 
 501993992	14.39	-155.80	3842	3066	3103	3068 
 501994536	14.42	-190.40	3842	3087	3065	3127 
 501995081	14.39	19.60	3842	3075	3072	3136 
 501995626	14.40	-162.00	3842	3058	3110	3077 
 501996171	14.38	-53.80	3842	3068	3106	3068 
 501996716	14.36	25.00	3842	3087	3062	3129 
 501997260	14.38	-18.80	3842	3077	3073	3141 
 501997805	14.37	-110.30	3842	3058	3112	3076 
 501998350	14.37	-22.60	3842	3067	3103	3066 
 501998895	14.42	-146.40	3842	3092	3059	3129 
 501999439	14.36	1.90	3842	3075	3073	3132 
 501999984	14.39	-95.80	3842	3057	3111	3075 
 502000529	14.39	-69.00	3842	3064	3105	3070 
 502001074	14.33	40.30	3842	3089	3061	3129 
 502001618	14.36	-47.50	3842	3075	3077	3131 
 502002163	14.37	-80.80	3842	3058	3111	3077 
 502002708	14.35	50.20	3843	3068	3098	3076 
 502003253	14.34	-9.90	3842	3086	3061	3137 
 502003798	14.36	-73.90	3842	3073	3077	3131 
 502004342	14.40	-114.10	3842	3059	3114	3070 
 502004887	14.37	-83.30	3842	3070	3097	3078 
 502005432	14.38	-47.20	3842	3089	3064	3140 
 502005977	14.40	-83.10	3842	3073	3079	3128 
 502006521	14.35	53.90	3842	3056	3117	3066 
 502007066	14.40	-94.50	3842	3069	3096	3077 
 502007611	14.40	-111.70	3842	3094	3060	3141 
 502008156	14.38	-131.70	3842	3073	3083	3130 
 502008700	14.35	46.70	3842	3057	3114	3067 
 502009245	14.37	-59.50	3842	3068	3096	3080 
 502009790	14.39	-71.50	3842	3089	3062	3139 
 502010335	14.40	-116.90	3842	3074	3082	3126 
 502010880	14.40	18.40	3842	3056	3119	3064 
 502011424	14.36	24.80	3843	3069	3096	3079 
 502011969	14.42	-145.30	3842	3087	3061	3141 
 502012514	14.37	-58.00	3842	3070	3082	3127 
 502013059	14.35	32.50	3842	3057	3115	3061 
 502013603	14.38	-37.10	3842	3071	3095	3082 
 502014148	14.40	-73.20	3842	3088	3061	3140 
 502014693	14.38	-166.70	3843	3072	3083	3124 
 502015238	14.40	-102.70	3842	3058	3113	3062 
 502015782	14.43	-127.10	3842	3072	3097	3083 
 502016327	14.37	75.00	3843	3087	3064	3141 
 502016872	14.38	-44.70	3842	3072	3078	3128 
 502017417	14.34	14.10	3842	3057	3112	3067 
 502017961	14.40	-104.40	3842	3068	3098	3082 
 502018506	14.38	-18.30	3843	3087	3063	3140 
 502019051	14.39	-127.10	3842	3070	3078	3131 
 502019596	14.38	-154.80	3842	3056	3114	3070 
 502020141	14.34	76.90	3843	3068	3097	3076 
 502020685	14.34	-94.80	3843	3086	3062	3137 
 502021230	14.38	13.20	3842	3074	3079	3127 
 502021775	14.40	-109.00	3842	3058	3115	3067 
 502022320	14.38	-39.80	3842	3067	3103	3079 
 502022864	14.41	-68.10	3842	3087	3062	3137 
 502023409	14.36	-9.80	3842	3072	3078	3131 
 502023954	14.35	-21.20	3842	3058	3113	3066 
 502024499	14.40	-104.30	3843	3068	3097	3080 
 502025043	14.39	-136.30	3842	3087	3063	3137 
 502025588	14.38	-72.40	3842	3072	3075	3131 
 502026133	14.38	-23.60	3842	3059	3114	3070 
 502026678	14.40	-161.90	3842	3069	3098	3072 
 502027223	14.40	-117.80	3842	3087	3058	3134 
 502027767	14.41	-155.70	3842	3074	3078	3131 
 502028314	14.38	13.10	3842	3058	3111	3071 
 502028859	14.37	-52.50	3842	3067	3106	3071 
 502029404	14.39	-143.00	3842	3092	3064	3134 
 502029948	14.38	-38.40	3842	3076	3073	3132 
 502030493	14.40	-12.10	3842	3056	3111	3074 
 502031038	14.38	-16.00	3843	3066	3105	3070 
 502031583	14.40	-100.90	3842	3087	3063	3131 
 502032128	14.36	-55.80	3843	3074	3070	3142 
 502032672	14.34	70.30	3843	3055	3111	3076 
 502033217	14.34	41.60	3843	3064	3103	3068 
 502033762	14.35	-33.00	3843	3088	3063	3129 
 502034307	14.39	-115.70	3843	3076	3075	3132 
 502034851	14.35	-11.00	3843	3054	3112	3076 
 502035396	14.36	-9.50	3843	3065	3103	3068 
 502035941	14.38	19.10	3843	3089	3063	3127 
 502036486	14.33	68.80	3843	3073	3075	3134 
 502037030	14.38	-25.80	3843	3058	3115	3077 
 502037575	14.40	-103.40	3842	3066	3101	3069 
 502038120	14.38	-41.50	3843	3089	3066	3131 
 502038665	14.42	-149.10	3842	3077	3076	3132 
 502039209	14.36	19.40	3842	3059	3110	3075 
 502039754	14.39	-76.30	3843	3067	3101	3069 
 502040299	14.35	-72.60	3842	3089	3065	3133 
 502040844	14.38	-126.90	3842	3075	3075	3141 
 502041389	14.40	-90.20	3842	3057	3109	3078 
 502041933	14.42	-151.90	3843	3067	3105	3068 
 502042478	14.37	-32.60	3842	3087	3064	3125 
 502043023	14.36	40.60	3843	3077	3073	3131 
 502043568	14.34	18.70	3843	3057	3115	3076 
 502044112	14.39	-155.40	3843	3067	3106	3068 
 502044657	14.36	23.70	3843	3087	3066	3127 
 502045202	14.38	-9.80	3843	3076	3072	3132 
 502045747	14.38	-16.10	3843	3058	3115	3076 
 502046291	14.40	-68.70	3843	3068	3103	3068 
 502046836	14.37	-77.40	3842	3089	3061	3131 
 502047381	14.41	-49.80	3842	3077	3072	3143 
 502047926	14.40	-88.60	3842	3057	3115	3077 
 502048471	14.35	34.20	3842	3065	3106	3068 
 502049015	14.36	9.50	3843	3092	3063	3132 
 502049560	14.35	4.20	3843	3070	3077	3133 
 502050103	14.35	-56.20	3843	3058	3112	3070 
 502050648	14.37	-81.00	3843	3066	3101	3072 
 502051192	14.36	46.60	3843	3091	3065	3133 
 502051737	14.36	30.00	3842	3074	3077	3135 
 502052282	14.43	-178.80	3843	3054	3111	3064 
 502052829	14.41	-80.80	3843	3068	3105	3072 
 502053373	14.41	-188.50	3843	3089	3064	3132 
 502053918	14.34	0.00	3843	3075	3077	3141 
 502054461	14.39	-117.60	3843	3058	3112	3071 
 502055008	14.35	37.90	3843	3067	3100	3073 
 502055550	14.40	-148.90	3842	3092	3061	3135 
 502056097	14.36	-11.50	3843	3075	3077	3136 
 502056642	14.37	-64.70	3842	3058	3111	3068 
 502057187	14.37	-67.00	3842	3068	3098	3072 
 502057732	14.36	21.90	3843	3088	3061	3135 
 502058276	14.35	0.00	3842	3072	3077	3130 
 502058819	14.40	-75.60	3843	3059	3114	3071 
 502059364	14.40	-134.00	3842	3068	3097	3078 
 502059909	14.39	-133.10	3842	3088	3058	3134 
 502060455	14.42	-107.20	3843	3072	3078	3131 
 502061000	14.37	65.70	3843	3057	3115	3071 
 502061545	14.38	-37.90	3843	3070	3100	3071 
 502062090	14.35	-23.70	3843	3089	3060	3133 
 502062635	14.40	-122.00	3843	3073	3076	3131 
 502063179	14.39	-167.80	3843	3057	3111	3071 
 502063724	14.40	-91.20	3843	3066	3106	3070 
 502064269	14.36	31.00	3842	3088	3061	3128 
 502064814	14.37	-104.60	3843	3076	3075	3137 
 502065358	14.37	-33.00	3843	3058	3113	3077 
 502065903	14.40	-98.00	3843	3066	3106	3070 
 502066448	14.36	46.80	3843	3089	3063	3128 
 502066993	14.40	-175.20	3843	3074	3077	3133 
 502067537	14.39	-127.80	3843	3059	3113	3077 
 502068082	14.39	-99.10	3842	3068	3110	3070 
 502068627	14.34	56.30	3843	3089	3064	3132 
 502069172	14.35	-24.70	3843	3078	3073	3141 
 502069716	14.36	-107.80	3843	3059	3111	3076 
 502070261	14.38	-42.40	3843	3066	3105	3067 
 502070806	14.35	-14.70	3843	3091	3065	3125 
 502071351	14.34	77.50	3843	3076	3073	3142 
 502071896	14.36	-74.70	3842	3057	3109	3077 
 502072440	14.37	-79.10	3843	3068	3103	3067 
 502072985	14.38	-46.10	3842	3090	3064	3131 
 502073530	14.40	-92.70	3843	3077	3072	3131 
 502074075	14.36	39.70	3843	3060	3110	3077 
 502074619	14.35	7.60	3843	3064	3103	3069 
 502075164	14.36	-109.80	3842	3087	3062	3131 
 502075709	14.35	13.20	3843	3076	3076	3142 
 502076254	14.40	-84.30	3843	3058	3115	3072 
 502076798	14.37	-32.60	3843	3066	3103	3066 
 502077343	14.40	-95.20	3843	3089	3064	3129 
 502077888	14.37	-76.50	3843	3075	3075	3132 
 502078433	14.35	-35.60	3843	3056	3114	3074 
 502078978	14.37	-60.90	3843	3066	3104	3068 
 502079522	14.40	-77.90	3843	3090	3062	3129 
 502080067	14.36	-81.80	3843	3075	3077	3135 
 502080612	14.40	-197.80	3843	3058	3116	3077 
 502081157	14.36	-85.60	3842	3065	3107	3071 
 502081701	14.40	-81.20	3843	3089	3061	3132 
 502082246	14.41	-27.00	3843	3076	3077	3134 
 502082791	14.38	-60.00	3843	3060	3113	3070 
 502083336	14.38	-37.20	3843	3071	3102	3072 
 502083880	14.42	-162.90	3843	3088	3060	3136 
 502084425	14.40	-87.00	3843	3074	3078	3140 
 502084970	14.41	-170.40	3843	3056	3115	3070 
 502085515	14.39	-131.00	3842	3068	3098	3074 
 502086060	14.35	41.80	3842	3089	3061	3134 
 502086604	14.36	-6.60	3843	3072	3077	3131 
 502087149	14.37	-4.30	3843	3059	3114	3070 
 502087694	14.40	-34.80	3843	3068	3099	3080 
 502088239	14.35	-20.30	3843	3091	3059	3139 
 502088783	14.37	-17.70	3843	3071	3081	3122 
 502089328	14.40	-127.40	3843	3057	3116	3063 
 502089873	14.37	-81.50	3843	3070	3096	3079 
 502090418	14.40	-117.30	3843	3089	3063	3145 
 502090962	14.40	-101.60	3843	3072	3084	3127 
 502091507	14.39	-108.70	3842	3057	3117	3063 
 502092052	14.40	-99.10	3843	3071	3097	3083 
 502092597	14.40	-67.50	3843	3092	3063	3146 
 502093142	14.39	-120.10	3843	3071	3084	3120 
 502093686	14.41	-131.30	3843	3059	3113	3066 
 502094231	14.37	-59.60	3843	3072	3091	3084 
 502094776	14.37	-31.40	3843	3088	3062	3144 
 502095321	14.37	-49.20	3843	3068	3085	3125 
 502095865	14.40	-115.50	3843	3059	3113	3064 
 502096410	14.37	-80.40	3843	3074	3091	3085 
 502096955	14.41	-148.70	3843	3088	3060	3146 
 502097500	14.38	-25.00	3843	3066	3087	3118 
 502098044	14.38	54.20	3843	3058	3112	3063 
 502098589	14.38	-175.30	3843	3078	3084	3089 
 502099134	14.36	13.50	3843	3091	3061	3139 
 502099679	14.38	-29.00	3843	3068	3087	3118 
 502100224	14.35	-26.70	3843	3060	3115	3062 
 502100768	14.34	76.90	3843	3076	3084	3093 
 502101313	14.37	-100.90	3842	3091	3061	3148 
 502101858	14.35	47.40	3843	3068	3091	3114 
 502102403	14.37	-64.60	3842	3059	3114	3062 
 502102947	14.37	-43.40	3843	3078	3085	3094 
 502103492	14.38	-121.40	3843	3092	3062	3146 
 502104037	14.37	-68.40	3843	3067	3092	3114 
 502104582	14.40	-70.90	3843	3058	3114	3058 
 502105126	14.37	-71.90	3843	3078	3083	3094 
 502105671	14.37	-57.00	3843	3090	3060	3148 
 502106216	14.37	-51.30	3843	3067	3090	3117 
 502106761	14.37	-78.10	3843	3059	3117	3062 
 502107305	14.36	-46.10	3843	3077	3083	3096 
 502107850	14.38	-24.50	3843	3086	3060	3149 
 502108395	14.40	-78.80	3843	3065	3089	3108 
 502108940	14.38	-58.70	3843	3061	3116	3062 
 502109485	14.37	-82.40	3843	3078	3084	3096 
 502110029	14.39	-116.80	3843	3090	3060	3151 
 502110574	14.37	-83.20	3843	3066	3092	3114 
 502111119	14.40	-157.00	3843	3061	3116	3065 
 502111664	14.36	78.60	3843	3078	3088	3095 
 502112208	14.37	-73.70	3843	3089	3060	3148 
 502112753	14.41	-171.60	3843	3067	3089	3115 
 502113298	14.36	-92.00	3842	3055	3112	3061 
 502113843	14.41	-145.30	3843	3077	3086	3094 
 502114387	14.34	81.50	3843	3090	3061	3145 
 502114932	14.38	-36.90	3843	3067	3088	3117 
 502115477	14.38	-56.60	3843	3060	3113	3062 
 502116022	14.40	-90.50	3843	3073	3085	3089 
 502116567	14.40	-23.70	3842	3089	3060	3143 
 502117111	14.39	-18.20	3842	3068	3087	3122 
 502117656	14.37	16.30	3843	3060	3114	3063 
 502118201	14.39	-126.00	3843	3076	3090	3091 
 502118746	14.37	-11.90	3843	3091	3061	3148 
 502119290	14.42	-189.30	3843	3066	3086	3120 
 502119837	14.36	-10.00	3843	3059	3111	3059 
 502120382	14.39	28.60	3843	3071	3091	3084 
 502120927	14.33	38.20	3843	3087	3062	3144 
 502121472	14.38	27.90	3843	3070	3089	3125 
 502122016	14.39	-146.70	3843	3059	3117	3063 
 502122561	14.37	-26.30	3843	3071	3091	3086 
 502123106	14.37	-63.20	3843	3088	3060	3145 
 502123651	14.36	38.90	3843	3068	3083	3125 
 502124195	14.35	-11.50	3842	3058	3119	3062 
 502124740	14.38	-132.00	3842	3073	3096	3086 
 502125285	14.35	54.30	3842	3093	3062	3144 
 502125830	14.38	13.00	3843	3072	3082	3126 
 502126374	14.38	-35.70	3842	3057	3117	3060 
 502126919	14.34	76.80	3843	3072	3096	3083 
 502127464	14.37	-51.90	3842	3093	3060	3141 
 502128009	14.38	-15.40	3842	3072	3082	3124 
 502128553	14.36	-64.80	3842	3058	3113	3063 
 502129098	14.41	-134.10	3843	3070	3096	3080 
 502129643	14.36	33.40	3843	3087	3060	3135 
 502130188	14.36	-93.70	3843	3071	3078	3131 
 502130733	14.42	-160.10	3843	3059	3119	3070 
 502131277	14.40	-125.90	3843	3068	3101	3075 
 502131822	14.40	-45.10	3843	3087	3060	3134 
 502132367	14.40	-92.30	3843	3074	3076	3141 
 502132912	14.37	-90.80	3842	3058	3116	3069 
 502133456	14.39	-60.90	3843	3067	3101	3071 
 502134001	14.39	-156.00	3843	3089	3065	3131 
 502134546	14.37	-31.50	3843	3074	3077	3141 
 502135091	14.34	14.90	3843	3058	3109	3076 
 502135635	14.37	-62.50	3842	3065	3106	3071 
 502136180	14.35	63.00	3843	3089	3063	3129 
 502136725	14.39	32.00	3843	3076	3074	3130 
 502137270	14.36	15.90	3843	3056	3112	3079 
 502137815	14.38	-28.10	3843	3067	3103	3069 
 502138359	14.36	23.70	3843	3087	3064	3133 
 502138904	14.40	-103.40	3843	3077	3074	3141 
 502139449	14.40	-71.70	3842	3056	3109	3077 
 502139994	14.40	-107.50	3842	3065	3105	3068 
 502140538	14.40	-104.30	3843	3090	3062	3128 
 502141083	14.37	-98.60	3843	3076	3070	3142 
 502141628	14.34	78.50	3843	3059	3110	3079 
 502142173	14.41	-135.90	3843	3065	3106	3067 
 502142717	14.37	-33.10	3843	3086	3065	3119 
 502143262	14.40	-63.30	3842	3082	3070	3141 
 502143807	14.39	-74.60	3843	3060	3109	3084 
 502144352	14.40	-39.70	3843	3066	3109	3059 
 502144897	14.35	-4.40	3843	3086	3068	3119 
 502145441	14.38	-39.80	3843	3077	3071	3141 
 502145986	14.36	13.50	3843	3057	3109	3078 
 502146531	14.40	-29.50	3843	3064	3110	3063 
 502147076	14.39	-157.70	3843	3085	3065	3120 
 502147620	14.37	-74.80	3843	3078	3068	3142 
 502148165	14.40	-179.10	3843	3060	3108	3084 
 502148710	14.38	-135.90	3843	3066	3117	3062 
 502149255	14.37	-55.00	3843	3085	3063	3118 
 502149799	14.40	-75.40	3843	3084	3065	3143 
 502150344	14.40	-160.70	3843	3058	3105	3083 
 502150889	14.37	-53.70	3843	3064	3116	3063 
 502151434	14.34	19.40	3843	3084	3070	3113 
 502151979	14.40	-133.60	3843	3081	3065	3146 
 502152523	14.43	-150.80	3843	3062	3103	3094 
 502153068	14.35	39.20	3843	3063	3111	3059 
 502153613	14.39	-15.80	3843	3083	3072	3111 
 502154158	14.37	-62.30	3843	3082	3065	3147 
 502154702	14.36	45.40	3843	3061	3102	3093 
 502155247	14.39	-103.10	3843	3061	3113	3060 
 502155792	14.40	-96.70	3842	3083	3071	3105 
 502156337	14.37	-53.60	3843	3083	3066	3150 
 502156881	14.39	-130.90	3842	3060	3101	3100 
 502157426	14.38	-125.30	3843	3063	3112	3064 
 502157971	14.34	82.00	3843	3080	3074	3105 
 502158516	14.40	-108.50	3843	3086	3060	3146 
 502159060	14.40	-163.70	3843	3065	3101	3098 
 502159605	14.37	-59.40	3843	3060	3112	3059 
 502160150	14.39	-7.00	3843	3078	3078	3099 
 502160695	14.39	-121.40	3843	3090	3066	3149 
 502161240	14.38	-45.60	3843	3062	3096	3105 
 502161784	14.40	-49.60	3843	3061	3113	3059 
 502162329	14.38	-92.70	3842	3078	3079	3102 
 502162874	14.38	-101.40	3842	3087	3063	3150 
 502163419	14.40	-122.10	3843	3062	3092	3110 
 502163963	14.41	-63.30	3843	3061	3115	3065 
 502164508	14.37	-38.60	3843	3076	3084	3095 
 502165053	14.37	-72.40	3843	3087	3057	3148 
 502165598	14.37	44.70	3843	3067	3089	3108 
 502166142	14.36	-50.40	3843	3057	3112	3061 
 502166687	14.37	-26.20	3842	3077	3084	3091 
 502167232	14.39	-108.50	3843	3089	3062	3145 
 502167777	14.34	5.10	3843	3069	3089	3123 
 502168322	14.35	50.00	3843	3058	3114	3065 
 502168866	14.40	-160.20	3843	3075	3086	3095 
 502169411	14.37	-81.30	3843	3088	3060	3146 
 502169956	14.37	-99.30	3843	3068	3087	3119 
 502170501	14.36	59.90	3843	3060	3117	3058 
 502171045	14.38	-49.80	3843	3074	3089	3087 
 502171590	14.34	-44.80	3843	3092	3059	3139 
 502172135	14.38	-79.90	3842	3065	3086	3126 
 502172680	14.39	-113.80	3843	3056	3110	3064 
 502173227	14.37	-64.40	3842	3072	3092	3085 
 502173771	14.35	-31.50	3842	3087	3061	3147 
 502174316	14.41	-178.70	3842	3069	3086	3125 
 502174861	14.39	-150.40	3843	3056	3113	3062 
 502175406	14.36	-54.80	3843	3070	3099	3080 
 502175950	14.35	-21.60	3843	3088	3062	3138 
 502176495	14.37	-35.80	3843	3072	3074	3128 
 502177040	14.39	-105.00	3843	3056	3119	3067 
 502177585	14.39	-130.90	3843	3068	3097	3076 
 502178129	14.38	-29.30	3843	3088	3060	3139 
 502178674	14.40	-79.60	3843	3073	3078	3141 
 502179219	14.37	-97.50	3842	3060	3110	3073 
 502179764	14.36	44.00	3843	3068	3102	3071 
 502180308	14.37	-34.60	3843	3088	3064	3132 
 502180853	14.37	-54.60	3842	3075	3077	3134 
 502181398	14.42	-79.70	3843	3058	3111	3077 
 502181943	14.37	-52.40	3843	3067	3102	3071 
 502182488	14.38	-54.20	3843	3094	3063	3128 
 502183032	14.38	-7.70	3842	3076	3070	3131 
 502183577	14.39	-161.30	3843	3058	3116	3076 
 502184122	14.38	-160.30	3842	3067	3103	3068 
 502184667	14.42	-138.00	3843	3087	3065	3125 
 502185211	14.40	-76.90	3842	3076	3071	3142 
 502185756	14.40	-93.20	3843	3057	3109	3079 
 502186301	14.37	-94.40	3843	3064	3106	3065 
 502186846	14.38	7.60	3843	3086	3064	3124 
 502187390	14.38	-58.20	3842	3076	3072	3141 
 502187935	14.37	-77.40	3842	3061	3107	3078 
 502188480	14.35	-38.30	3843	3061	3106	3062 
 502189025	14.34	76.90	3843	3084	3067	3124 
 502189570	14.34	-40.80	3842	3078	3066	3142 
 502190114	14.36	73.10	3843	3056	3106	3083 
 502190659	14.37	21.20	3843	3065	3111	3065 
 502191204	14.38	-95.30	3843	3084	3069	3118 
 502191749	14.39	-107.00	3843	3079	3067	3144 
 502192293	14.37	-63.00	3842	3059	3106	3084 
 502192838	14.36	65.60	3843	3065	3113	3064 
 502193383	14.38	-72.00	3843	3085	3069	3115 
 502193928	14.35	30.60	3843	3081	3066	3142 
 502194472	14.41	-127.20	3843	3060	3106	3084 
 502195017	14.40	-96.90	3843	3061	3111	3061 
 502195562	14.36	24.00	3842	3085	3066	3113 
 502196107	14.39	10.70	3843	3084	3069	3146 
 502196652	14.39	-155.50	3842	3059	3104	3086 
 502197196	14.42	-149.20	3843	3059	3116	3062 
 502197741	14.42	-119.10	3842	3088	3069	3111 
 502198286	14.36	62.40	3843	3082	3066	3148 
 502198831	14.37	-77.70	3842	3060	3101	3094 
 502199375	14.40	13.70	3843	3062	3113	3062 
 502199920	14.37	-64.10	3842	3083	3072	3108 
 502200465	14.38	-42.80	3843	3082	3066	3147 
 502201010	14.41	52.90	3843	3057	3105	3094 
 502201554	14.39	27.50	3843	3061	3110	3064 
 502202099	14.38	-7.30	3843	3082	3071	3107 
 502202644	14.40	-80.90	3842	3081	3067	3145 
 502203189	14.34	-36.90	3843	3059	3104	3093 
 502203734	14.38	-73.50	3843	3058	3115	3062 
 502204278	14.38	2.60	3843	3085	3069	3113 
 502204823	14.37	-105.10	3843	3079	3067	3143 
 502205368	14.38	-76.00	3843	3056	3104	3087 
 502205913	14.37	-117.60	3842	3062	3114	3060 
 502206457	14.40	-118.30	3842	3083	3071	3112 
 502207002	14.38	-25.40	3842	3080	3065	3144 
 502207547	14.38	-48.80	3842	3061	3103	3093 
 502208092	14.38	-70.50	3842	3062	3113	3065 
 502208636	14.37	-40.90	3843	3090	3069	3112 
 502209181	14.37	-56.60	3843	3080	3067	3145 
 502209726	14.38	7.60	3843	3060	3102	3089 
 502210271	14.38	-46.30	3842	3065	3115	3065 
 502210816	14.37	-64.10	3842	3084	3070	3114 
 502211360	14.43	-194.60	3842	3080	3065	3141 
 502211905	14.42	-161.10	3842	3062	3105	3090 
 502212450	14.41	-56.10	3842	3062	3111	3060 
 502212995	14.36	31.50	3843	3086	3073	3110 
 502213539	14.37	-17.10	3842	3080	3067	3145 
 502214084	14.37	-90.70	3843	3060	3105	3091 
 502214629	14.42	-137.90	3842	3062	3115	3064 
 502215174	14.38	-139.10	3842	3084	3071	3114 
 502215718	14.35	-36.70	3842	3083	3067	3148 
 502216263	14.38	-45.70	3842	3061	3104	3094 
 502216808	14.36	50.00	3843	3058	3110	3065 
 502217353	14.35	-13.70	3843	3085	3071	3110 
 502217897	14.36	-65.90	3842	3082	3067	3146 
 502218442	14.40	-109.00	3842	3059	3104	3087 
 502218987	14.42	-165.70	3843	3062	3110	3060 
 502219532	14.41	-145.50	3843	3082	3072	3108 
 502220077	14.38	-22.50	3843	3084	3065	3147 
 502220621	14.38	-140.40	3843	3061	3100	3093 
 502221166	14.44	-189.20	3842	3062	3109	3064 
 502221711	14.36	15.80	3842	3081	3073	3109 
 502222256	14.38	-14.40	3843	3083	3063	3145 
 502222800	14.36	14.60	3843	3061	3104	3094 
 502223345	14.36	-126.00	3843	3060	3109	3063 
 502223890	14.35	49.40	3842	3083	3071	3108 
 502224435	14.36	25.70	3843	3081	3063	3148 
 502224979	14.37	-10.40	3843	3061	3103	3088 
 502225524	14.38	-48.60	3843	3063	3112	3064 
 502226069	14.42	-160.70	3842	3083	3068	3115 
 502226614	14.41	-132.30	3843	3080	3068	3140 
 502227159	14.39	-155.30	3843	3061	3104	3094 
 502227703	14.38	-39.00	3843	3061	3110	3063 
 502228248	14.38	-89.10	3842	3085	3072	3109 
 502228793	14.37	-62.90	3843	3081	3066	3145 
 502229338	14.40	-86.80	3842	3060	3108	3092 
 502229882	14.35	7.50	3842	3062	3112	3063 
 502230427	14.35	26.60	3843	3085	3066	3120 
 502230972	14.42	-154.70	3842	3078	3068	3144 
 502231517	14.37	-51.10	3842	3055	3112	3082 
 502232061	14.39	-141.00	3842	3066	3111	3065 
 502232606	14.36	2.50	3842	3085	3065	3119 
 502233151	14.42	-141.00	3842	3083	3073	3143 
 502233696	14.36	41.80	3842	3060	3109	3078 
 502234241	14.39	-148.00	3843	3069	3113	3062 
 502234785	14.36	-7.20	3842	3085	3064	3127 
 502235330	14.42	-162.10	3842	3076	3073	3132 
 502235875	14.37	-104.80	3842	3059	3109	3079 
 502236420	14.40	-182.00	3842	3066	3105	3067 
 502236964	14.36	77.70	3843	3086	3066	3123 
 502237509	14.39	-114.30	3842	3075	3074	3140 
 502238054	14.39	-65.10	3842	3058	3108	3076 
 502238599	14.39	-101.40	3842	3069	3110	3069 
 502239143	14.41	-193.40	3842	3089	3066	3128 
 502239688	14.40	-101.20	3842	3076	3072	3135 
 502240233	14.39	-146.50	3843	3055	3113	3073 
 502240780	14.34	76.90	3843	3065	3105	3068 
 502241325	14.35	-22.00	3842	3087	3064	3127 
 502241869	14.42	-177.30	3843	3075	3076	3142 
 502242414	14.37	-72.80	3842	3057	3111	3077 
 502242959	14.37	-68.40	3842	3067	3102	3068 
 502243504	14.37	-40.10	3842	3088	3063	3128 
 502244048	14.35	-22.90	3842	3073	3074	3141 
 502244593	14.37	-99.70	3843	3058	3111	3070 
 502245138	14.43	-86.70	3843	3070	3103	3075 
 502245683	14.37	-26.00	3842	3088	3062	3136 
 502246227	14.36	70.80	3843	3070	3077	3132 
 502246772	14.37	-45.20	3842	3057	3115	3065 
 502247317	14.35	-21.50	3842	3070	3096	3083 
 502247862	14.40	-78.50	3843	3087	3061	3144 
 502248407	14.34	79.80	3843	3071	3083	3125 
 502248951	14.36	-20.50	3842	3058	3116	3059 
 502249496	14.35	-1.50	3843	3071	3091	3084 
 502250041	14.40	-90.50	3842	3086	3061	3146 
 502250586	14.34	0.80	3843	3068	3089	3117 
 502251128	14.40	-94.50	3843	3059	3114	3057 
 502251673	14.39	14.50	3843	3078	3082	3095 
 502252218	14.33	71.20	3843	3085	3060	3144 
 502252763	14.36	21.20	3843	3063	3094	3110 
 502253307	14.40	-97.80	3843	3058	3112	3063 
 502253852	14.38	-82.60	3842	3078	3076	3101 
 502254397	14.39	-147.20	3842	3088	3065	3146 
 502254944	14.37	6.50	3843	3060	3097	3097 
 502255486	14.35	80.20	3843	3062	3110	3063 
 502256031	14.39	-28.40	3843	3082	3073	3105 
 502256576	14.38	-53.80	3842	3083	3062	3146 
