 500460972	14.36	-109.60	3843	3078	3071	3132 
 500461516	14.38	-137.90	3844	3059	3112	3079 
 500462061	14.37	-77.90	3844	3062	3107	3060 
 500462606	14.38	-42.50	3844	3088	3065	3118 
 500463151	14.37	-15.90	3844	3075	3069	3141 
 500463695	14.38	-137.60	3844	3059	3110	3080 
 500464240	14.37	-86.10	3844	3064	3105	3067 
 500464785	14.36	-104.90	3844	3085	3062	3121 
 500465330	14.40	-162.20	3844	3074	3073	3141 
 500465874	14.32	67.90	3844	3060	3109	3080 
 500466419	14.40	-154.20	3844	3067	3115	3069 
 500466964	14.40	-151.10	3844	3087	3064	3129 
 500467509	14.34	-5.50	3844	3076	3073	3134 
 500468054	14.36	-110.50	3844	3058	3111	3075 
 500468598	14.39	-113.70	3844	3067	3107	3067 
 500469143	14.38	50.40	3844	3088	3062	3127 
 500469688	14.35	-30.80	3844	3076	3072	3140 
 500470233	14.38	-130.80	3844	3056	3116	3077 
 500470777	14.37	-65.70	3844	3067	3101	3071 
 500471322	14.37	-41.80	3844	3088	3064	3130 
 500471867	14.41	-146.30	3844	3074	3078	3140 
 500472412	14.37	-91.00	3844	3059	3109	3068 
 500472956	14.40	-94.00	3844	3066	3101	3074 
 500473501	14.41	-175.20	3844	3087	3060	3139 
 500474046	14.33	76.90	3844	3076	3079	3131 
 500474591	14.38	-64.10	3844	3056	3115	3064 
 500475136	14.37	-61.20	3844	3069	3096	3082 
 500475680	14.39	-129.60	3844	3088	3064	3139 
 500476225	14.41	-172.30	3844	3071	3083	3121 
 500476770	14.38	-41.00	3843	3056	3113	3059 
 500477315	14.40	-55.50	3844	3072	3091	3080 
 500477859	14.41	-178.50	3844	3089	3059	3144 
 500478404	14.40	-91.70	3843	3071	3088	3119 
 500478949	14.35	-40.90	3844	3057	3115	3061 
 500479494	14.38	-162.00	3844	3073	3089	3089 
 500480038	14.34	-21.10	3844	3086	3058	3148 
 500480583	14.35	29.80	3844	3069	3092	3117 
 500481128	14.40	-77.00	3844	3058	3117	3056 
 500481673	14.41	-160.10	3844	3077	3085	3095 
 500482217	14.33	77.80	3844	3084	3060	3144 
 500482762	14.37	-95.90	3844	3064	3091	3109 
 500483307	14.40	-32.80	3843	3059	3110	3061 
 500483852	14.39	-67.60	3843	3077	3077	3097 
 500484397	14.38	-23.00	3843	3087	3063	3149 
 500484941	14.43	-205.90	3843	3062	3095	3099 
 500485488	14.37	-23.30	3844	3058	3115	3061 
 500486033	14.38	-166.60	3843	3082	3073	3109 
 500486578	14.40	-70.80	3844	3085	3065	3146 
 500487122	14.35	6.00	3844	3061	3103	3098 
 500487667	14.39	-139.00	3843	3061	3112	3062 
 500488212	14.37	-41.10	3843	3083	3073	3106 
 500488757	14.37	-65.00	3844	3082	3064	3141 
 500489302	14.38	-66.90	3843	3064	3102	3091 
 500489846	14.35	-15.30	3844	3060	3112	3060 
 500490391	14.37	-65.40	3843	3084	3064	3118 
 500490936	14.35	20.10	3843	3081	3067	3143 
 500491481	14.37	-87.80	3843	3057	3106	3083 
 500492025	14.39	-123.90	3843	3066	3107	3064 
 500492570	14.37	-108.60	3843	3089	3063	3121 
 500493115	14.37	27.70	3844	3076	3070	3141 
 500493660	14.38	-80.90	3844	3058	3116	3074 
 500494204	14.36	-2.00	3844	3063	3108	3068 
 500494749	14.38	-127.90	3844	3087	3062	3127 
 500495294	14.38	-167.80	3843	3073	3075	3132 
 500495839	14.34	79.90	3844	3060	3116	3075 
 500496384	14.37	-93.10	3844	3067	3104	3069 
 500496928	14.37	-13.80	3843	3088	3060	3134 
 500497473	14.42	-187.00	3843	3070	3076	3130 
 500498018	14.40	-145.30	3843	3060	3117	3069 
 500498563	14.40	-177.60	3843	3066	3097	3073 
 500499107	14.35	12.60	3844	3089	3061	3139 
 500499652	14.38	-33.00	3843	3071	3075	3127 
 500500197	14.40	-88.90	3843	3057	3118	3065 
 500500742	14.37	-44.40	3844	3070	3096	3081 
 500501286	14.35	57.60	3844	3088	3061	3144 
 500501831	14.40	-31.40	3843	3072	3081	3125 
 500502376	14.42	-58.90	3844	3057	3118	3059 
 500502921	14.37	-137.60	3843	3072	3091	3086 
 500503465	14.40	-217.40	3843	3088	3060	3145 
 500504010	14.34	75.60	3844	3070	3085	3125 
 500504555	14.37	-105.10	3843	3055	3112	3064 
 500505100	14.38	-56.00	3843	3073	3090	3083 
 500505645	14.40	-210.20	3844	3087	3062	3144 
 500506189	14.35	-41.40	3844	3068	3087	3120 
 500506734	14.36	-5.60	3844	3057	3111	3060 
 500507279	14.43	-258.40	3843	3071	3090	3088 
 500507824	14.35	-22.40	3843	3093	3061	3144 
 500508368	14.40	-121.00	3844	3068	3087	3118 
 500508913	14.38	0.80	3843	3055	3117	3063 
 500509458	14.42	-172.10	3844	3076	3084	3092 
 500510003	14.40	-87.80	3843	3087	3061	3143 
 500510547	14.37	-83.00	3843	3068	3091	3114 
 500511092	14.37	-66.30	3843	3058	3111	3059 
 500511637	14.37	-87.20	3843	3076	3085	3095 
 500512182	14.40	-82.60	3843	3086	3059	3149 
 500512727	14.40	-127.10	3843	3063	3089	3109 
 500513271	14.36	-48.80	3843	3060	3113	3058 
 500513816	14.37	11.80	3843	3077	3082	3094 
 500514361	14.38	-91.10	3843	3088	3064	3153 
 500514906	14.36	8.90	3843	3062	3097	3110 
 500515450	14.41	-114.10	3843	3057	3115	3061 
 500515995	14.36	47.90	3844	3079	3074	3100 
 500516540	14.36	44.60	3844	3086	3065	3146 
 500517085	14.40	-47.50	3843	3062	3098	3098 
 500517629	14.36	7.90	3843	3059	3109	3063 
 500518174	14.40	-75.50	3844	3086	3072	3112 
 500518719	14.36	24.30	3844	3081	3066	3147 
 500519264	14.36	5.70	3844	3059	3102	3094 
 500519809	14.35	-38.60	3843	3057	3110	3064 
 500520353	14.37	-76.20	3843	3085	3071	3111 
 500520898	14.37	-87.40	3843	3079	3063	3146 
 500521443	14.40	-130.70	3844	3060	3107	3086 
 500521988	14.36	32.60	3843	3061	3109	3061 
 500522532	14.35	-77.40	3844	3084	3071	3110 
 500523077	14.38	-77.30	3843	3081	3066	3146 
 500523622	14.40	-51.10	3844	3057	3103	3088 
 500524167	14.39	-21.70	3844	3059	3111	3064 
 500524711	14.40	-112.10	3843	3084	3069	3116 
 500525256	14.36	45.60	3843	3082	3068	3137 
 500525801	14.36	13.60	3844	3057	3102	3086 
 500526346	14.36	16.20	3843	3059	3113	3059 
 500526891	14.38	-51.80	3843	3085	3071	3113 
 500527435	14.41	-16.30	3843	3080	3067	3145 
 500527980	14.40	-144.90	3843	3062	3104	3089 
 500528525	14.38	-1.10	3843	3060	3114	3062 
 500529070	14.40	-116.40	3843	3080	3070	3110 
 500529614	14.44	-200.70	3843	3082	3066	3148 
 500530159	14.40	-104.40	3844	3060	3105	3099 
 500530704	14.35	-31.10	3844	3060	3116	3060 
 500531249	14.40	-95.60	3843	3082	3072	3108 
 500531793	14.42	-95.20	3843	3083	3065	3147 
 500532338	14.37	-77.80	3843	3061	3101	3098 
 500532883	14.39	-92.60	3844	3057	3112	3059 
 500533428	14.42	-78.80	3843	3082	3074	3106 
 500533972	14.37	74.00	3844	3085	3064	3146 
 500534517	14.35	22.00	3844	3060	3101	3094 
 500535062	14.39	-142.40	3843	3059	3115	3063 
 500535607	14.35	28.50	3844	3084	3076	3103 
 500536152	14.38	5.30	3844	3085	3060	3144 
 500536696	14.38	-41.90	3844	3061	3101	3098 
 500537241	14.37	-105.70	3843	3059	3110	3059 
 500537786	14.37	-51.80	3844	3080	3076	3106 
 500538331	14.42	-223.80	3843	3085	3065	3147 
 500538875	14.37	-44.20	3844	3064	3100	3104 
 500539420	14.37	-24.30	3843	3057	3116	3062 
 500539965	14.40	-108.40	3843	3080	3076	3099 
 500540510	14.39	-174.00	3843	3086	3060	3149 
 500541054	14.40	-171.90	3843	3064	3096	3110 
 500541599	14.40	-107.70	3843	3059	3111	3064 
 500542144	14.40	-18.00	3843	3075	3083	3094 
 500542689	14.38	-169.50	3843	3091	3059	3148 
 500543234	14.42	-175.90	3844	3068	3091	3114 
 500543778	14.41	-276.50	3844	3058	3117	3060 
 500544323	14.39	-136.40	3843	3077	3090	3090 
 500544868	14.35	-15.10	3844	3090	3062	3145 
 500545413	14.36	7.00	3844	3067	3087	3125 
 500545957	14.43	-279.50	3844	3054	3111	3063 
 500546502	14.37	-59.40	3844	3072	3092	3087 
 500547047	14.38	-54.00	3843	3088	3061	3145 
 500547592	14.38	-28.50	3844	3067	3082	3125 
 500548136	14.39	-152.70	3843	3058	3113	3062 
 500548681	14.38	-67.00	3844	3072	3096	3085 
 500549226	14.42	-155.70	3843	3093	3060	3142 
 500549771	14.40	-179.00	3843	3070	3079	3123 
 500550316	14.35	-74.50	3843	3056	3112	3066 
 500550860	14.38	-4.90	3843	3069	3097	3080 
 500551405	14.38	-50.60	3844	3087	3060	3138 
 500551950	14.40	-256.40	3843	3070	3079	3126 
 500552495	14.37	-100.10	3843	3059	3113	3068 
 500553041	14.38	-34.10	3843	3068	3097	3077 
 500553586	14.38	1.10	3844	3088	3060	3135 
 500554129	14.40	-108.00	3844	3072	3077	3126 
 500554676	14.38	5.30	3844	3057	3115	3070 
 500555218	14.36	14.50	3844	3070	3103	3078 
 500555763	14.37	-73.60	3844	3091	3060	3141 
 500556308	14.35	42.50	3844	3072	3078	3125 
 500556853	14.41	-211.40	3843	3058	3113	3067 
 500557400	14.37	-46.90	3843	3069	3100	3078 
 500557944	14.39	-147.30	3844	3089	3064	3133 
 500558489	14.40	-83.20	3843	3071	3076	3126 
 500559034	14.38	-38.00	3844	3058	3118	3067 
 500559579	14.38	-36.40	3844	3069	3097	3079 
 500560123	14.38	-4.20	3844	3087	3063	3141 
 500560668	14.37	-197.80	3844	3070	3080	3124 
 500561213	14.39	-109.00	3844	3058	3113	3063 
 500561758	14.39	-8.40	3844	3070	3096	3080 
 500562302	14.35	29.20	3843	3090	3061	3142 
 500562847	14.38	-29.30	3844	3072	3081	3119 
 500563392	14.38	33.90	3844	3057	3114	3061 
 500563937	14.36	-67.10	3844	3072	3096	3084 
 500564482	14.36	23.40	3844	3089	3061	3144 
 500565026	14.41	-183.20	3844	3070	3085	3120 
 500565571	14.42	-150.00	3844	3058	3117	3065 
 500566116	14.39	-116.90	3844	3070	3092	3083 
 500566661	14.38	-59.00	3844	3087	3061	3142 
 500567205	14.37	-75.20	3843	3067	3085	3125 
 500567750	14.38	-16.80	3844	3057	3111	3061 
 500568295	14.38	-21.50	3844	3073	3093	3083 
 500568840	14.39	-138.00	3844	3095	3064	3146 
 500569384	14.39	-166.00	3844	3066	3086	3118 
 500569929	14.39	-122.40	3844	3058	3113	3066 
 500570474	14.39	-65.30	3844	3072	3090	3087 
 500571019	14.36	-188.10	3844	3093	3056	3140 
 500571564	14.38	-84.40	3844	3067	3087	3124 
 500572108	14.41	-53.60	3843	3059	3112	3064 
 500572653	14.36	43.10	3844	3075	3090	3088 
 500573198	14.38	-47.80	3844	3090	3061	3146 
 500573743	14.36	44.70	3844	3067	3087	3117 
 500574287	14.36	57.20	3844	3057	3113	3058 
 500574832	14.41	-70.70	3844	3076	3083	3094 
 500575377	14.37	-72.50	3844	3086	3060	3148 
 500575922	14.37	-93.50	3844	3066	3090	3114 
 500576466	14.37	-52.40	3844	3056	3112	3059 
 500577011	14.36	21.20	3844	3076	3082	3090 
 500577556	14.39	-132.90	3844	3086	3061	3148 
 500578101	14.38	-25.90	3844	3067	3091	3108 
 500578646	14.37	-110.90	3844	3059	3117	3060 
 500579190	14.35	24.80	3844	3077	3083	3094 
 500579735	14.35	2.00	3844	3086	3060	3150 
 500580280	14.39	-86.50	3844	3066	3092	3110 
 500580825	14.40	-86.90	3844	3059	3117	3059 
 500581369	14.40	-164.60	3844	3075	3077	3096 
 500581914	14.39	16.30	3844	3084	3060	3146 
 500582459	14.39	-117.60	3844	3065	3094	3106 
 500583004	14.38	-0.20	3844	3058	3111	3062 
 500583548	14.40	-72.20	3844	3078	3076	3097 
 500584093	14.35	-22.00	3844	3089	3063	3145 
 500584638	14.37	-34.00	3844	3064	3097	3104 
 500585183	14.37	-37.20	3844	3060	3111	3061 
 500585728	14.35	41.30	3844	3081	3075	3102 
 500586272	14.38	-21.00	3844	3086	3059	3144 
 500586817	14.38	-67.40	3844	3061	3101	3097 
 500587362	14.37	-74.30	3844	3062	3114	3058 
 500587907	14.37	-38.30	3844	3082	3073	3109 
 500588451	14.38	-52.50	3843	3083	3064	3145 
 500588996	14.36	-99.10	3843	3061	3102	3094 
 500589541	14.35	68.10	3844	3060	3109	3064 
 500590086	14.39	-174.70	3844	3082	3071	3111 
 500590630	14.38	-165.90	3844	3080	3064	3145 
 500591175	14.38	44.60	3844	3060	3102	3086 
 500591720	14.36	46.50	3844	3064	3110	3064 
 500592265	14.38	-46.20	3844	3083	3064	3117 
 500592809	14.36	-119.20	3844	3077	3067	3143 
 500593354	14.37	-68.80	3844	3061	3111	3082 
 500593899	14.36	-14.60	3844	3064	3109	3064 
 500594444	14.40	-163.00	3844	3086	3067	3116 
 500594989	14.39	-117.80	3844	3076	3070	3141 
 500595533	14.41	-166.60	3844	3058	3106	3082 
 500596078	14.38	44.50	3844	3064	3107	3067 
 500596623	14.39	-107.60	3844	3086	3062	3120 
 500597168	14.37	-91.90	3844	3077	3071	3141 
 500597712	14.38	-162.60	3844	3058	3111	3079 
 500598257	14.36	45.20	3844	3064	3104	3067 
 500598802	14.38	-139.00	3844	3088	3067	3124 
 500599347	14.36	-62.90	3844	3077	3072	3141 
 500599891	14.38	-22.20	3843	3058	3109	3077 
 500600436	14.37	8.20	3844	3067	3103	3067 
 500600981	14.38	-117.30	3844	3090	3063	3131 
 500601526	14.36	-12.20	3844	3076	3073	3131 
 500602071	14.34	14.10	3844	3057	3110	3076 
 500602615	14.39	-109.70	3844	3065	3102	3068 
 500603160	14.33	41.20	3844	3089	3062	3131 
 500603705	14.37	-45.30	3844	3073	3076	3141 
 500604250	14.36	-75.70	3844	3057	3114	3070 
 500604794	14.42	-184.30	3844	3069	3103	3070 
 500605339	14.40	-150.80	3844	3086	3056	3135 
 500605884	14.35	-27.50	3844	3074	3079	3140 
 500606429	14.37	-69.60	3843	3055	3118	3067 
 500606973	14.37	-44.60	3844	3068	3101	3076 
 500607518	14.35	-1.80	3844	3091	3060	3133 
 500608063	14.37	-20.50	3844	3071	3077	3125 
 500608608	14.38	-20.20	3844	3056	3116	3061 
 500609153	14.35	18.30	3844	3069	3095	3080 
 500609697	14.35	-46.00	3844	3088	3060	3138 
 500610242	14.36	-70.80	3844	3073	3084	3119 
 500610787	14.36	-44.90	3844	3054	3114	3060 
 500611332	14.40	-203.70	3844	3072	3089	3083 
 500611876	14.43	-162.90	3844	3092	3060	3144 
 500612421	14.36	-63.20	3843	3066	3085	3130 
 500612966	14.36	42.20	3844	3059	3111	3062 
 500613511	14.39	-122.80	3844	3074	3090	3086 
 500614055	14.36	-100.50	3844	3092	3061	3139 
 500614600	14.38	-8.00	3844	3064	3085	3119 
 500615145	14.35	18.30	3844	3058	3118	3062 
 500615690	14.38	-33.70	3844	3072	3082	3094 
 500616235	14.35	-17.20	3844	3089	3057	3145 
 500616779	14.34	-23.20	3844	3066	3093	3109 
 500617324	14.41	-144.00	3844	3060	3115	3060 
 500617869	14.37	-41.00	3844	3077	3083	3094 
 500618414	14.37	-72.00	3844	3085	3062	3146 
 500618958	14.34	64.10	3844	3061	3094	3110 
 500619503	14.33	76.30	3844	3060	3116	3057 
 500620048	14.38	-117.80	3844	3076	3074	3099 
 500620593	14.38	-32.60	3844	3086	3064	3146 
 500621137	14.36	-64.10	3844	3063	3095	3105 
 500621682	14.36	-76.40	3844	3060	3112	3063 
 500622227	14.38	-74.70	3844	3077	3077	3103 
 500622772	14.37	-99.40	3844	3087	3063	3145 
 500623316	14.36	17.90	3844	3058	3097	3097 
 500623861	14.37	-83.60	3844	3062	3115	3062 
 500624406	14.40	-120.00	3844	3080	3073	3105 
 500624951	14.40	-110.80	3844	3084	3064	3147 
 500625496	14.39	-135.00	3844	3061	3100	3099 
 500626042	14.38	-66.30	3844	3060	3115	3060 
 500626587	14.39	-152.20	3844	3079	3072	3105 
 500627132	14.39	-146.40	3844	3085	3063	3144 
 500627677	14.35	11.80	3844	3060	3098	3094 
 500628221	14.40	-79.00	3844	3059	3115	3063 
 500628766	14.36	-176.80	3844	3083	3073	3111 
 500629311	14.36	56.50	3844	3083	3062	3144 
 500629856	14.35	-82.50	3844	3061	3103	3095 
 500630401	14.38	20.90	3844	3061	3109	3060 
 500630945	14.39	-177.00	3844	3083	3071	3110 
 500631490	14.38	-58.80	3845	3081	3067	3145 
 500632035	14.37	-90.10	3844	3058	3102	3086 
 500632580	14.38	-33.20	3844	3063	3112	3062 
 500633124	14.42	-166.20	3844	3083	3070	3114 
 500633669	14.37	-44.20	3844	3080	3067	3146 
 500634214	14.35	51.10	3844	3055	3104	3082 
 500634759	14.37	-30.10	3844	3064	3112	3064 
 500635303	14.34	-37.30	3844	3084	3064	3117 
 500635848	14.38	-44.20	3844	3078	3066	3141 
 500636393	14.38	-13.90	3844	3060	3113	3083 
 500636938	14.41	-35.30	3844	3066	3106	3068 
 500637483	14.40	-74.60	3844	3087	3064	3122 
 500638027	14.38	-36.60	3844	3080	3070	3140 
 500638572	14.37	-15.00	3844	3058	3114	3074 
 500639117	14.39	-58.30	3844	3067	3103	3064 
 500639662	14.38	-4.70	3844	3090	3065	3126 
 500640206	14.38	-23.20	3844	3077	3072	3141 
 500640751	14.35	21.20	3844	3057	3109	3076 
 500641296	14.38	34.60	3844	3065	3101	3070 
 500641841	14.41	-209.80	3845	3087	3064	3128 
 500642385	14.38	-149.00	3844	3077	3074	3131 
 500642930	14.37	-86.00	3844	3057	3113	3075 
 500643475	14.40	-195.40	3844	3066	3101	3070 
 500644020	14.40	-121.00	3844	3088	3063	3127 
 500644564	14.37	-54.00	3844	3076	3070	3141 
 500645109	14.35	-31.10	3844	3059	3109	3075 
 500645654	14.36	20.00	3844	3067	3100	3072 
 500646199	14.40	-169.50	3844	3087	3060	3134 
 500646744	14.40	-155.00	3844	3076	3076	3143 
 500647288	14.39	-116.50	3844	3054	3113	3070 
 500647833	14.42	-160.70	3844	3066	3105	3071 
 500648378	14.38	27.50	3844	3092	3063	3129 
 500648923	14.39	-103.10	3844	3075	3071	3141 
 500649467	14.37	-81.90	3844	3057	3111	3074 
 500650012	14.36	-97.40	3844	3064	3107	3066 
 500650557	14.39	-141.40	3844	3088	3065	3131 
 500651102	14.39	-125.10	3844	3076	3067	3142 
 500651646	14.40	-103.40	3844	3058	3110	3077 
 500652191	14.40	-50.20	3844	3066	3103	3066 
 500652736	14.36	78.50	3845	3086	3064	3123 
 500653281	14.38	-9.70	3844	3077	3072	3140 
 500653826	14.35	44.80	3844	3058	3109	3076 
 500654370	14.34	-40.70	3844	3066	3102	3067 
 500654915	14.39	-138.40	3844	3088	3064	3125 
 500655460	14.39	-113.70	3844	3075	3068	3143 
 500656005	14.38	-48.10	3844	3055	3112	3079 
 500656549	14.40	-75.40	3844	3065	3107	3064 
 500657094	14.39	-71.20	3844	3088	3061	3120 
 500657639	14.39	-62.50	3844	3077	3073	3131 
 500658184	14.37	-1.90	3844	3058	3112	3079 
 500658728	14.41	-89.30	3844	3069	3110	3071 
 500659273	14.35	-90.80	3844	3091	3065	3126 
 500659818	14.37	-150.60	3844	3075	3072	3143 
 500660363	14.37	-45.60	3844	3059	3112	3080 
 500660908	14.39	-101.60	3844	3065	3105	3064 
 500661452	14.37	-127.80	3844	3086	3065	3125 
 500661997	14.37	-59.20	3844	3078	3067	3145 
 500662542	14.39	-112.60	3844	3054	3105	3082 
 500663087	14.37	-37.20	3844	3064	3112	3064 
 500663631	14.39	-134.70	3844	3083	3065	3116 
 500664176	14.34	-51.90	3844	3080	3065	3136 
 500664721	14.38	-126.30	3844	3060	3104	3088 
 500665266	14.36	-93.90	3844	3058	3114	3064 
 500665810	14.37	-77.40	3844	3082	3071	3110 
 500666355	14.40	-78.00	3844	3080	3069	3144 
 500666900	14.35	56.10	3844	3061	3101	3093 
 500667445	14.38	-100.40	3844	3061	3111	3059 
 500667990	14.38	-128.40	3844	3083	3068	3108 
 500668534	14.36	1.70	3844	3084	3067	3148 
 500669079	14.36	-87.20	3845	3060	3101	3097 
 500669624	14.37	-72.10	3844	3061	3114	3058 
 500670169	14.37	-49.60	3844	3081	3072	3104 
 500670713	14.39	-119.60	3844	3082	3063	3145 
 500671258	14.38	-152.90	3844	3060	3099	3097 
 500671803	14.39	-147.70	3844	3060	3115	3061 
 500672348	14.38	-32.60	3844	3079	3075	3102 
 500672892	14.39	-96.90	3844	3086	3063	3149 
 500673437	14.37	-45.60	3844	3063	3095	3103 
 500673982	14.37	-49.90	3844	3059	3115	3060 
 500674527	14.38	-52.60	3844	3079	3078	3098 
 500675072	14.39	-119.80	3844	3088	3061	3145 
 500675616	14.37	-80.50	3844	3060	3094	3109 
 500676161	14.40	-23.70	3844	3060	3116	3055 
 500676706	14.38	-152.70	3845	3079	3077	3100 
 500677253	14.36	-121.70	3844	3088	3058	3151 
 500677797	14.36	1.80	3844	3064	3091	3108 
 500678342	14.37	-57.30	3844	3057	3111	3061 
 500678887	14.39	-100.70	3844	3076	3083	3094 
 500679432	14.40	-93.70	3844	3092	3061	3148 
 500679976	14.39	-111.90	3844	3067	3089	3118 
 500680521	14.35	56.60	3844	3059	3116	3064 
 500681066	14.38	-40.40	3844	3076	3084	3092 
 500681611	14.37	-59.30	3844	3087	3059	3141 
 500682156	14.37	-53.60	3844	3066	3091	3109 
 500682700	14.37	-20.40	3845	3055	3113	3061 
 500683245	14.37	-56.80	3844	3077	3083	3095 
 500683790	14.38	-132.00	3844	3087	3061	3148 
 500684335	14.39	-157.00	3844	3066	3088	3115 
 500684879	14.37	-122.90	3844	3053	3115	3061 
 500685424	14.37	-67.70	3844	3076	3082	3090 
 500685969	14.38	-121.30	3844	3090	3061	3147 
 500686514	14.38	-117.60	3844	3063	3091	3114 
 500687058	14.37	-18.50	3844	3057	3111	3063 
 500687603	14.40	-151.90	3844	3075	3084	3090 
 500688148	14.39	-96.40	3844	3086	3059	3137 
 500688693	14.36	-87.50	3844	3067	3091	3120 
 500689238	14.41	-119.70	3844	3060	3115	3064 
 500689782	14.35	-11.90	3844	3076	3085	3088 
 500690327	14.40	-102.00	3844	3089	3059	3143 
 500690872	14.40	-61.30	3844	3067	3089	3115 
 500691417	14.36	35.40	3844	3058	3114	3055 
 500691961	14.35	14.50	3844	3075	3084	3089 
 500692506	14.38	-131.30	3845	3087	3061	3141 
 500693051	14.33	56.40	3844	3068	3087	3113 
 500693596	14.37	-9.60	3844	3059	3115	3059 
 500694140	14.38	-47.90	3844	3076	3083	3093 
 500694685	14.37	-82.50	3844	3090	3061	3143 
 500695230	14.40	-103.70	3845	3067	3092	3114 
 500695775	14.35	19.40	3844	3058	3114	3063 
 500696320	14.38	-118.40	3844	3076	3084	3092 
 500696864	14.39	-100.10	3844	3091	3058	3144 
 500697409	14.39	-139.10	3844	3066	3091	3125 
 500697954	14.38	-41.90	3844	3056	3117	3057 
 500698499	14.39	-101.20	3844	3075	3091	3088 
 500699043	14.38	-8.50	3844	3087	3060	3145 
 500699588	14.39	-109.10	3844	3066	3088	3119 
 500700133	14.39	-124.70	3844	3057	3111	3059 
 500700678	14.36	4.60	3845	3073	3091	3086 
 500701222	14.37	-113.20	3844	3088	3058	3142 
 500701767	14.39	-92.60	3844	3066	3087	3121 
 500702312	14.36	-129.90	3844	3055	3110	3061 
 500702857	14.37	-18.80	3845	3072	3091	3085 
 500703401	14.37	-158.20	3845	3088	3060	3146 
 500703946	14.36	-101.10	3844	3070	3083	3124 
 500704491	14.36	14.20	3845	3056	3118	3063 
 500705036	14.36	-93.10	3845	3071	3094	3078 
 500705581	14.36	-99.70	3845	3089	3060	3143 
 500706125	14.37	-68.10	3844	3071	3082	3125 
 500706670	14.40	-118.60	3845	3057	3117	3063 
 500707215	14.39	-118.80	3844	3070	3096	3082 
 500707760	14.37	-77.40	3844	3087	3061	3136 
 500708306	14.37	-48.40	3844	3070	3078	3126 
 500708851	14.35	38.30	3844	3056	3113	3063 
 500709396	14.37	-61.80	3845	3070	3100	3078 
 500709941	14.39	-70.20	3845	3087	3059	3139 
 500710486	14.38	-109.20	3844	3071	3077	3129 
 500711030	14.36	-110.90	3844	3057	3114	3069 
 500711575	14.39	-105.10	3844	3066	3096	3073 
 500712120	14.38	-39.90	3845	3089	3060	3133 
 500712665	14.38	-25.00	3844	3074	3076	3131 
 500713209	14.40	-79.70	3844	3058	3112	3071 
 500713754	14.40	-61.30	3845	3066	3103	3069 
 500714299	14.36	40.70	3844	3089	3060	3131 
 500714844	14.37	-54.20	3845	3074	3076	3141 
 500715388	14.37	-63.40	3844	3057	3111	3073 
 500715933	14.38	-135.40	3845	3068	3102	3072 
 500716478	14.37	-36.40	3845	3090	3060	3130 
 500717023	14.37	-67.50	3845	3074	3073	3142 
 500717568	14.39	-127.50	3844	3055	3111	3074 
 500718112	14.33	70.60	3844	3066	3105	3068 
 500718657	14.38	-155.80	3844	3088	3063	3126 
 500719202	14.35	30.00	3844	3076	3072	3141 
 500719747	14.38	-44.30	3844	3059	3111	3076 
 500720291	14.42	-149.80	3845	3064	3101	3068 
 500720836	14.40	-100.10	3845	3087	3062	3129 
 500721381	14.38	-15.30	3844	3074	3070	3142 
 500721926	14.40	-84.30	3845	3056	3112	3073 
 500722470	14.39	-129.70	3844	3064	3104	3066 
 500723015	14.37	-83.50	3844	3087	3065	3126 
 500723560	14.35	15.60	3844	3075	3073	3131 
 500724105	14.38	-29.30	3844	3056	3110	3074 
 500724649	14.37	-71.40	3844	3064	3106	3068 
 500725194	14.35	11.80	3844	3088	3063	3131 
 500725739	14.39	-94.30	3844	3073	3072	3141 
 500726284	14.38	-48.90	3844	3056	3112	3076 
 500726829	14.35	32.80	3845	3065	3105	3066 
 500727373	14.39	-153.30	3845	3094	3064	3130 
 500727918	14.34	-75.20	3844	3070	3075	3141 
 500728463	14.39	-162.70	3844	3057	3112	3074 
 500729008	14.40	-75.60	3844	3066	3102	3069 
 500729552	14.40	-70.60	3844	3089	3064	3128 
 500730097	14.34	78.20	3845	3073	3073	3141 
 500730642	14.39	-124.40	3844	3057	3111	3069 
 500731187	14.34	-43.10	3844	3068	3105	3070 
 500731731	14.37	-46.00	3844	3089	3061	3129 
 500732276	14.39	-99.80	3844	3077	3076	3143 
 500732821	14.38	-151.80	3844	3057	3111	3070 
 500733366	14.40	-79.30	3844	3064	3103	3069 
 500733911	14.37	-23.60	3844	3088	3064	3128 
 500734455	14.38	-141.50	3844	3073	3073	3132 
 500735000	14.39	-126.30	3844	3055	3111	3075 
 500735545	14.38	-136.70	3844	3064	3101	3069 
 500736090	14.37	-52.20	3844	3090	3064	3126 
 500736634	14.34	-53.40	3844	3077	3071	3131 
 500737179	14.39	-32.90	3845	3060	3108	3077 
 500737724	14.39	-49.40	3844	3066	3103	3067 
 500738269	14.36	-81.60	3844	3086	3063	3126 
 500738813	14.35	27.50	3844	3074	3072	3142 
 500739358	14.36	-87.60	3844	3060	3112	3077 
 500739903	14.36	77.10	3844	3066	3101	3064 
 500740448	14.38	-143.10	3844	3088	3063	3125 
 500740993	14.38	-50.60	3844	3076	3074	3131 
 500741537	14.39	-109.30	3844	3057	3116	3075 
 500742082	14.34	24.20	3844	3064	3102	3067 
 500742627	14.39	-124.30	3844	3088	3062	3126 
 500743172	14.35	6.60	3844	3076	3074	3139 
 500743716	14.38	-107.10	3845	3055	3112	3070 
 500744261	14.38	-62.60	3844	3067	3101	3071 
 500744806	14.40	-101.80	3844	3090	3059	3129 
 500745351	14.34	23.70	3844	3072	3072	3132 
 500745895	14.41	-19.40	3844	3058	3114	3074 
 500746440	14.39	-57.90	3844	3068	3099	3070 
 500746985	14.38	-78.00	3844	3091	3063	3136 
 500747530	14.34	-19.50	3844	3072	3078	3134 
 500748075	14.41	-131.60	3844	3058	3113	3069 
 500748619	14.37	-68.70	3844	3067	3102	3072 
 500749164	14.40	-86.80	3844	3089	3060	3138 
 500749709	14.38	-44.10	3844	3072	3076	3128 
 500750254	14.36	75.20	3844	3057	3116	3070 
 500750798	14.42	-92.30	3844	3069	3101	3076 
 500751343	14.38	-68.60	3844	3087	3060	3136 
 500751888	14.38	-69.00	3844	3071	3077	3127 
 500752433	14.38	-130.40	3844	3057	3115	3067 
 500752977	14.38	3.30	3844	3069	3097	3077 
 500753522	14.39	-92.70	3844	3087	3064	3137 
 500754067	14.40	-92.20	3844	3070	3080	3124 
 500754612	14.34	-44.40	3844	3056	3115	3061 
 500755156	14.34	16.60	3844	3071	3095	3083 
 500755701	14.40	-46.00	3844	3092	3062	3140 
 500756246	14.41	-124.30	3844	3067	3083	3126 
 500756791	14.36	-33.00	3844	3058	3115	3060 
 500757336	14.38	-47.10	3844	3070	3093	3087 
 500757880	14.38	-127.00	3844	3093	3056	3147 
 500758427	14.40	-87.90	3844	3069	3084	3120 
 500758972	14.37	50.20	3844	3057	3114	3060 
 500759517	14.40	-86.30	3844	3071	3092	3087 
 500760061	14.37	-51.40	3844	3087	3061	3146 
 500760606	14.36	-111.30	3844	3067	3084	3124 
 500761151	14.37	-66.30	3844	3054	3116	3061 
 500761696	14.38	-17.80	3844	3072	3090	3081 
 500762241	14.38	-77.70	3844	3089	3063	3141 
 500762785	14.35	12.10	3844	3067	3085	3120 
 500763330	14.37	-91.80	3844	3055	3116	3064 
 500763875	14.32	63.70	3844	3072	3089	3081 
 500764420	14.36	26.00	3844	3088	3062	3140 
 500764964	14.39	-109.60	3844	3066	3086	3119 
 500765509	14.37	-36.20	3844	3057	3112	3057 
 500766054	14.38	-138.30	3844	3073	3091	3089 
 500766599	14.36	25.70	3844	3088	3056	3142 
 500767143	14.37	-2.10	3844	3067	3085	3120 
 500767688	14.37	-65.50	3844	3059	3110	3062 
 500768233	14.36	6.80	3844	3072	3091	3085 
 500768776	14.39	-110.40	3844	3088	3061	3143 
 500769323	14.36	33.40	3844	3072	3087	3126 
 500769867	14.38	-23.80	3844	3055	3112	3061 
 500770412	14.39	-102.30	3844	3072	3094	3084 
 500770957	14.35	-53.20	3844	3088	3059	3138 
 500771502	14.39	-109.90	3844	3069	3084	3120 
 500772046	14.40	-138.10	3844	3054	3117	3057 
 500772591	14.39	-102.30	3844	3071	3095	3081 
 500773136	14.42	-105.00	3844	3089	3060	3139 
 500773681	14.40	-131.90	3844	3071	3079	3127 
 500774225	14.38	-33.50	3844	3056	3119	3064 
 500774770	14.36	72.70	3844	3069	3097	3077 
 500775315	14.38	-60.60	3844	3087	3062	3140 
 500775860	14.37	-88.20	3844	3072	3074	3126 
 500776404	14.37	-150.40	3844	3056	3113	3065 
 500776949	14.38	-119.00	3844	3067	3098	3077 
 500777494	14.41	-135.90	3844	3088	3059	3139 
 500778039	14.40	-71.20	3844	3073	3076	3141 
 500778584	14.40	-144.50	3844	3058	3116	3071 
 500779128	14.41	-159.20	3844	3068	3099	3071 
 500779673	14.38	-49.60	3844	3089	3062	3130 
 500780218	14.41	-53.50	3844	3073	3076	3140 
 500780763	14.40	-47.70	3845	3058	3115	3070 
 500781307	14.34	79.40	3845	3065	3100	3068 
 500781852	14.40	-160.80	3844	3088	3064	3131 
 500782397	14.40	-162.70	3844	3074	3074	3135 
 500782942	14.37	-60.50	3844	3057	3109	3075 
 500783486	14.35	-16.90	3844	3067	3101	3069 
 500784031	14.39	-131.40	3844	3088	3059	3133 
 500784576	14.39	-116.40	3844	3074	3072	3141 
 500785121	14.37	-43.10	3844	3059	3113	3076 
 500785666	14.40	-101.80	3844	3066	3106	3064 
 500786210	14.39	-124.50	3844	3090	3065	3123 
 500786755	14.40	-57.90	3844	3077	3070	3142 
 500787300	14.38	5.30	3844	3055	3108	3079 
 500787845	14.33	70.20	3844	3065	3104	3062 
 500788389	14.37	-35.70	3844	3086	3065	3121 
 500788934	14.39	-116.20	3844	3078	3070	3140 
 500789479	14.37	-80.10	3844	3055	3108	3078 
 500790024	14.39	-109.00	3844	3063	3111	3067 
 500790568	14.40	-86.10	3844	3088	3062	3120 
 500791113	14.36	-10.40	3844	3075	3067	3131 
 500791658	14.36	-76.20	3843	3060	3106	3080 
 500792203	14.36	-30.00	3844	3066	3110	3065 
 500792748	14.39	-105.90	3844	3085	3066	3124 
 500793292	14.36	56.80	3844	3078	3067	3141 
 500793837	14.40	-145.00	3844	3062	3111	3084 
 500794382	14.36	65.00	3844	3063	3111	3058 
 500794927	14.40	-114.10	3845	3085	3067	3120 
 500795471	14.35	36.60	3844	3080	3067	3142 
 500796016	14.37	-3.00	3844	3058	3105	3085 
 500796561	14.38	-51.30	3844	3060	3111	3063 
 500797106	14.37	-51.90	3844	3084	3068	3116 
 500797650	14.38	-53.00	3844	3083	3066	3143 
 500798195	14.36	-117.20	3844	3058	3104	3082 
 500798740	14.39	-96.80	3844	3063	3112	3059 
 500799285	14.39	-97.70	3844	3084	3071	3117 
 500799830	14.33	57.30	3844	3080	3066	3145 
 500800374	14.40	-149.00	3844	3061	3101	3086 
 500800919	14.37	29.40	3844	3060	3113	3058 
 500801464	14.36	-60.80	3844	3082	3071	3108 
 500802009	14.39	-148.60	3844	3081	3065	3143 
 500802555	14.39	-101.70	3844	3060	3103	3097 
 500803100	14.38	1.00	3844	3059	3112	3061 
 500803645	14.40	-118.20	3844	3083	3073	3110 
 500804190	14.35	1.70	3844	3084	3066	3149 
 500804732	14.38	-163.30	3844	3060	3099	3099 
 500805279	14.37	-5.00	3844	3058	3115	3062 
 500805822	14.34	-10.60	3844	3084	3071	3104 
 500806367	14.34	-17.30	3844	3082	3065	3149 
 500806912	14.35	-16.60	3844	3061	3101	3099 
 500807456	14.41	-137.50	3845	3061	3115	3062 
 500808003	14.40	-158.00	3844	3080	3074	3101 
 500808548	14.40	-134.00	3845	3086	3062	3146 
 500809093	14.42	-140.10	3844	3063	3096	3110 
 500809637	14.39	-171.70	3844	3060	3116	3061 
 500810182	14.40	-141.60	3844	3079	3083	3095 
 500810727	14.39	-179.90	3844	3084	3057	3144 
 500811272	14.40	-179.20	3844	3065	3085	3117 
 500811816	14.38	-46.60	3844	3055	3114	3061 
 500812361	14.36	7.90	3844	3072	3090	3087 
 500812906	14.37	-35.70	3844	3088	3059	3146 
 500813451	14.38	-28.00	3844	3067	3087	3118 
 500813996	14.40	-97.70	3844	3058	3113	3063 
 500814540	14.35	-1.70	3844	3071	3089	3083 
 500815085	14.41	-155.90	3845	3088	3061	3144 
 500815630	14.36	61.30	3845	3069	3083	3125 
 500816175	14.36	-71.80	3844	3053	3114	3058 
 500816719	14.36	15.70	3844	3071	3096	3083 
 500817264	14.36	-97.20	3844	3088	3061	3142 
 500817809	14.37	-66.40	3844	3071	3079	3125 
 500818354	14.37	-46.90	3844	3058	3113	3064 
 500818898	14.37	-15.80	3845	3068	3099	3074 
 500819443	14.38	-133.20	3844	3091	3065	3138 
 500819988	14.41	-79.90	3845	3072	3076	3131 
 500820533	14.38	-33.00	3844	3057	3116	3071 
 500821078	14.36	-1.30	3844	3065	3105	3068 
 500821622	14.38	-39.30	3845	3088	3061	3129 
 500822167	14.40	-85.90	3844	3076	3073	3140 
 500822712	14.39	-130.50	3844	3057	3109	3075 
 500823257	14.36	13.30	3844	3064	3113	3066 
 500823801	14.38	-135.60	3844	3087	3064	3122 
 500824346	14.39	-111.40	3844	3079	3066	3145 
 500824891	14.43	-123.90	3844	3058	3104	3086 
 500825436	14.36	13.90	3844	3060	3111	3062 
 500825980	14.39	-147.20	3844	3083	3070	3109 
 500826525	14.40	-106.80	3844	3082	3064	3148 
 500827070	14.40	-134.80	3845	3059	3098	3100 
 500827615	14.36	-73.70	3844	3059	3112	3059 
 500828160	14.39	-124.90	3845	3076	3077	3098 
 500828704	14.38	-20.40	3845	3089	3059	3143 
 500829249	14.37	41.70	3845	3065	3092	3117 
 500829794	14.37	-11.00	3844	3058	3112	3059 
 500830339	14.36	-62.50	3844	3077	3084	3091 
 500830883	14.35	-59.30	3845	3087	3061	3140 
 500831428	14.36	-90.40	3845	3068	3085	3117 
 500831973	14.40	-84.80	3844	3058	3113	3063 
 500832518	14.39	-147.30	3844	3072	3090	3084 
 500833062	14.39	-123.40	3845	3087	3061	3148 
 500833607	14.35	-11.80	3844	3071	3081	3123 
 500834152	14.36	-70.70	3844	3058	3114	3064 
 500834697	14.37	-73.60	3844	3068	3097	3078 
 500835241	14.40	-130.50	3844	3087	3059	3141 
 500835786	14.37	-68.20	3844	3071	3077	3139 
 500836331	14.34	77.30	3845	3058	3115	3068 
 500836876	14.39	-111.40	3845	3068	3102	3070 
 500837421	14.34	76.50	3845	3088	3061	3126 
 500837965	14.34	80.00	3845	3076	3073	3131 
 500838510	14.35	-52.40	3844	3060	3113	3077 
 500839055	14.40	-166.90	3844	3066	3109	3068 
 500839600	14.36	-71.30	3844	3085	3063	3119 
 500840144	14.35	-28.90	3844	3077	3066	3141 
 500840689	14.37	-79.50	3845	3060	3106	3084 
 500841234	14.40	-117.20	3845	3061	3111	3063 
 500841779	14.38	28.00	3845	3082	3063	3115 
 500842323	14.39	-131.30	3845	3080	3068	3146 
 500842868	14.36	15.40	3845	3061	3102	3093 
 500843413	14.37	-66.00	3844	3056	3108	3060 
 500843958	14.41	-135.60	3844	3082	3071	3111 
 500844503	14.38	2.60	3845	3085	3060	3145 
 500845047	14.38	-160.10	3844	3060	3098	3098 
 500845592	14.39	-145.00	3845	3060	3112	3057 
 500846137	14.41	-53.70	3845	3076	3078	3098 
 500846682	14.35	-38.40	3845	3085	3058	3145 
 500847226	14.38	19.20	3845	3065	3090	3115 
 500847771	14.34	-67.50	3844	3061	3116	3061 
 500848316	14.35	57.20	3845	3078	3084	3095 
 500848861	14.38	-8.00	3845	3090	3061	3145 
 500849405	14.38	-46.30	3844	3065	3089	3112 
 500849950	14.36	-91.50	3844	3058	3112	3061 
 500850495	14.36	-4.50	3845	3076	3084	3089 
 500851040	14.38	-153.70	3844	3086	3060	3140 
 500851585	14.37	-70.20	3844	3066	3087	3118 
 500852129	14.41	-155.90	3845	3058	3113	3058 
 500852674	14.40	-123.60	3844	3074	3092	3086 
 500853219	14.37	-57.70	3844	3092	3061	3143 
 500853764	14.36	-39.60	3844	3072	3083	3125 
 500854308	14.34	-18.50	3844	3058	3113	3061 
 500854853	14.37	-76.80	3844	3068	3096	3078 
 500855398	14.34	-60.40	3844	3087	3061	3136 
 500855943	14.35	35.00	3844	3072	3077	3130 
 500856487	14.35	4.20	3844	3057	3112	3073 
 500857032	14.39	-94.20	3844	3068	3102	3072 
 500857577	14.37	9.10	3844	3089	3060	3136 
 500858122	14.32	-34.40	3844	3073	3076	3131 
 500858667	14.40	-189.10	3844	3054	3117	3076 
 500859211	14.35	-50.10	3844	3070	3104	3068 
 500859756	14.36	-75.50	3844	3087	3064	3127 
 500860301	14.35	-8.30	3844	3076	3071	3130 
 500860846	14.36	-104.40	3844	3058	3111	3079 
 500861390	14.36	-1.10	3845	3064	3111	3065 
 500861935	14.35	-21.60	3844	3084	3067	3119 
 500862480	14.35	1.90	3844	3080	3063	3143 
 500863025	14.38	-3.90	3844	3056	3106	3085 
 500863569	14.37	-42.10	3844	3061	3111	3061 
 500864114	14.39	-138.90	3844	3090	3068	3114 
 500864659	14.35	-25.70	3844	3081	3066	3147 
 500865204	14.36	67.50	3844	3059	3105	3094 
 500865748	14.38	-80.60	3844	3056	3115	3062 
 500866293	14.35	5.40	3844	3077	3073	3102 
 500866838	14.38	-31.70	3844	3086	3058	3143 
 500867383	14.39	-57.60	3844	3063	3093	3105 
 500867928	14.40	-168.80	3844	3059	3115	3062 
 500868472	14.36	-23.90	3844	3075	3083	3095 
 500869017	14.40	-112.20	3843	3090	3060	3148 
 500869562	14.40	-97.80	3844	3066	3089	3117 
 500870107	14.39	-5.40	3844	3058	3114	3061 
 500870651	14.42	-185.00	3843	3076	3089	3085 
 500871196	14.36	54.00	3844	3086	3060	3139 
 500871741	14.40	-130.20	3844	3070	3084	3125 
 500872286	14.39	-145.70	3843	3058	3112	3059 
 500872830	14.38	-193.50	3844	3068	3097	3079 
 500873375	14.37	-66.90	3844	3087	3060	3135 
 500873920	14.38	-7.40	3844	3073	3077	3141 
 500874465	14.39	-136.70	3844	3056	3112	3069 
 500875010	14.38	-29.80	3844	3064	3107	3069 
 500875554	14.38	-44.60	3843	3087	3063	3126 
 500876099	14.36	-4.00	3844	3074	3072	3142 
 500876644	14.36	-58.00	3844	3058	3109	3074 
 500877189	14.37	-89.50	3844	3065	3105	3062 
 500877733	14.32	34.20	3844	3085	3063	3116 
 500878278	14.35	-4.00	3843	3079	3068	3141 
 500878823	14.37	-10.50	3844	3060	3108	3083 
 500879368	14.36	-94.30	3844	3064	3114	3061 
 500879912	14.36	71.10	3844	3084	3068	3116 
 500880457	14.33	80.80	3844	3080	3064	3141 
 500881002	14.36	-101.60	3844	3059	3105	3087 
 500881547	14.39	-133.40	3844	3061	3111	3059 
 500882092	14.37	-70.90	3843	3080	3072	3105 
 500882636	14.40	-87.00	3844	3085	3064	3146 
 500883181	14.37	-93.40	3843	3063	3099	3099 
 500883726	14.39	-161.60	3843	3061	3112	3059 
 500884271	14.39	-141.50	3843	3080	3076	3102 
 500884817	14.33	77.20	3844	3089	3063	3145 
 500885362	14.37	-46.50	3843	3064	3093	3109 
 500885907	14.42	-135.70	3843	3059	3111	3064 
 500886452	14.38	-32.60	3844	3077	3082	3095 
 500886996	14.35	72.20	3844	3086	3060	3149 
 500887541	14.40	-92.20	3843	3064	3089	3115 
 500888086	14.37	-78.30	3843	3059	3112	3062 
 500888631	14.38	-140.10	3843	3075	3086	3093 
 500889176	14.38	-4.00	3844	3087	3062	3148 
 500889720	14.38	39.40	3843	3067	3086	3114 
 500890265	14.38	-74.40	3844	3057	3116	3057 
 500890810	14.34	13.40	3844	3076	3083	3093 
 500891355	14.42	-243.60	3843	3087	3061	3151 
 500891899	14.35	21.70	3843	3067	3090	3113 
 500892444	14.34	81.40	3844	3058	3114	3057 
 500892989	14.37	-52.50	3843	3077	3085	3095 
 500893534	14.36	-20.30	3844	3086	3062	3139 
 500894078	14.40	-106.70	3843	3064	3087	3117 
 500894623	14.36	6.30	3843	3057	3117	3060 
 500895168	14.34	76.30	3844	3073	3084	3093 
 500895713	14.38	-6.60	3844	3092	3062	3141 
 500896258	14.38	-118.70	3843	3069	3093	3113 
 500896802	14.35	29.00	3844	3057	3114	3056 
 500897347	14.36	48.30	3843	3076	3084	3093 
 500897892	14.39	-153.60	3843	3088	3061	3141 
 500898437	14.39	-13.60	3844	3070	3088	3118 
 500898981	14.37	-49.50	3843	3056	3112	3057 
 500899526	14.37	-32.90	3843	3075	3085	3090 
 500900071	14.35	-9.10	3844	3089	3058	3145 
 500900616	14.38	-46.80	3844	3064	3089	3113 
 500901160	14.37	-48.90	3843	3058	3114	3061 
 500901705	14.39	-132.50	3843	3078	3084	3098 
 500902250	14.37	-83.40	3844	3087	3060	3143 
 500902795	14.37	-14.10	3844	3068	3090	3114 
 500903340	14.38	-5.20	3844	3058	3117	3062 
 500903884	14.32	74.60	3843	3077	3084	3096 
 500904429	14.37	-78.90	3844	3086	3061	3150 
 500904974	14.35	-38.30	3844	3062	3094	3113 
 500905519	14.38	27.00	3844	3055	3114	3064 
 500906063	14.36	1.40	3844	3076	3084	3095 
 500906606	14.38	-82.00	3844	3086	3062	3144 
 500907151	14.38	-147.50	3843	3065	3092	3108 
 500907698	14.35	-16.20	3844	3056	3117	3062 
 500908242	14.34	78.50	3844	3078	3078	3094 
 500908787	14.39	-130.40	3844	3091	3058	3145 
 500909332	14.40	-115.70	3844	3067	3091	3110 
 500909877	14.34	-72.10	3844	3060	3113	3061 
 500910422	14.41	-163.70	3844	3077	3083	3097 
 500910966	14.36	15.60	3844	3086	3057	3149 
 500911511	14.42	-147.80	3843	3065	3091	3109 
 500912056	14.37	-69.80	3844	3059	3114	3063 
 500912601	14.36	3.30	3844	3077	3082	3096 
 500913145	14.37	-49.20	3844	3086	3055	3148 
 500913690	14.40	-122.20	3844	3067	3095	3112 
 500914235	14.39	-156.10	3844	3059	3112	3061 
 500914780	14.37	-86.90	3844	3078	3083	3094 
 500915324	14.35	-101.50	3844	3085	3061	3148 
 500915869	14.40	-65.40	3844	3064	3095	3108 
 500916414	14.37	-88.50	3844	3060	3117	3058 
 500916959	14.36	-96.80	3844	3077	3083	3094 
 500917504	14.36	-103.40	3843	3087	3061	3151 
 500918048	14.37	-67.80	3844	3064	3091	3115 
 500918593	14.37	-80.80	3844	3060	3113	3060 
 500919138	14.38	10.70	3844	3078	3084	3094 
 500919683	14.39	-104.00	3844	3086	3060	3142 
 500920227	14.38	-45.70	3843	3065	3091	3116 
 500920772	14.34	-9.20	3844	3057	3111	3063 
 500921317	14.38	-33.40	3844	3078	3082	3095 
 500921862	14.41	-152.70	3844	3090	3059	3153 
 500922406	14.33	79.70	3844	3063	3089	3114 
 500922951	14.39	-117.50	3844	3059	3111	3063 
 500923496	14.35	-11.40	3844	3077	3081	3095 
 500924041	14.40	-168.10	3843	3085	3060	3143 
 500924585	14.39	-78.20	3844	3065	3090	3115 
 500925130	14.41	-151.80	3844	3059	3114	3062 
 500925675	14.38	-37.50	3844	3077	3086	3094 
 500926220	14.37	-84.40	3844	3086	3059	3149 
 500926765	14.33	81.20	3844	3066	3090	3114 
 500927309	14.39	-126.10	3844	3054	3112	3058 
 500927854	14.33	47.60	3844	3077	3082	3097 
 500928399	14.37	-18.50	3844	3090	3061	3151 
 500928944	14.37	-78.80	3844	3066	3090	3116 
 500929488	14.40	-92.90	3844	3059	3119	3063 
 500930033	14.34	6.20	3844	3075	3083	3095 
 500930578	14.35	49.90	3844	3087	3061	3152 
 500931123	14.36	10.90	3843	3065	3092	3109 
 500931667	14.38	5.40	3844	3060	3111	3062 
 500932212	14.40	-95.70	3844	3079	3076	3098 
 500932757	14.40	-131.80	3844	3086	3063	3145 
 500933302	14.37	-28.30	3844	3061	3097	3107 
 500933847	14.35	39.40	3844	3057	3113	3061 
 500934391	14.35	-4.90	3844	3077	3076	3098 
 500934936	14.36	-54.60	3844	3086	3059	3144 
 500935481	14.37	-66.30	3844	3063	3099	3097 
 500936026	14.40	-141.90	3844	3059	3115	3060 
 500936570	14.37	-69.90	3843	3079	3074	3102 
 500937115	14.37	-53.40	3844	3086	3064	3152 
 500937660	14.34	-8.50	3844	3061	3097	3097 
 500938205	14.35	-19.40	3843	3059	3115	3061 
 500938749	14.36	-60.00	3844	3081	3071	3110 
 500939294	14.34	-7.10	3843	3082	3064	3151 
 500939839	14.34	1.10	3843	3057	3101	3094 
 500940384	14.37	-76.70	3844	3062	3110	3064 
 500940929	14.37	-63.10	3844	3084	3069	3113 
 500941473	14.36	-54.30	3843	3079	3066	3147 
 500942018	14.38	-60.60	3843	3059	3107	3087 
 500942563	14.37	-51.10	3844	3062	3113	3059 
 500943108	14.33	79.60	3844	3085	3067	3114 
 500943652	14.37	17.40	3844	3080	3068	3144 
 500944197	14.37	29.90	3843	3056	3111	3083 
 500944742	14.40	-97.40	3843	3061	3112	3065 
 500945287	14.38	-69.70	3843	3085	3066	3118 
 500945831	14.35	-1.20	3843	3083	3063	3143 
 500946376	14.36	-66.00	3843	3057	3107	3084 
 500946921	14.38	-113.10	3844	3064	3112	3065 
 500947466	14.36	-93.50	3843	3085	3068	3116 
 500948011	14.37	-50.90	3843	3080	3067	3147 
 500948555	14.35	-9.50	3843	3058	3106	3086 
 500949100	14.37	-45.10	3843	3065	3113	3064 
 500949645	14.39	-116.20	3843	3084	3070	3116 
 500950190	14.38	-88.00	3843	3081	3065	3146 
 500950734	14.39	-131.90	3844	3062	3107	3092 
 500951279	14.37	-100.60	3843	3063	3113	3062 
 500951824	14.37	-98.40	3843	3081	3068	3110 
 500952369	14.37	-62.00	3843	3083	3066	3150 
 500952913	14.40	-135.80	3843	3059	3100	3098 
 500953458	14.38	-147.20	3843	3059	3112	3060 
 500954003	14.37	-72.30	3843	3079	3072	3101 
 500954548	14.37	-49.00	3843	3085	3058	3144 
 500955092	14.36	-71.90	3843	3064	3096	3103 
 500955637	14.36	-89.00	3843	3061	3112	3063 
 500956182	14.37	-57.00	3843	3076	3077	3098 
 500956727	14.37	-29.70	3843	3086	3055	3148 
 500957272	14.37	-61.20	3843	3063	3093	3110 
 500957816	14.35	-39.40	3843	3059	3111	3061 
 500958361	14.38	-16.50	3843	3078	3082	3097 
 500958906	14.37	-73.70	3843	3086	3055	3149 
 500959451	14.37	-68.40	3843	3066	3089	3115 
 500959995	14.37	-59.90	3843	3058	3112	3057 
 500960540	14.38	-39.00	3843	3076	3085	3092 
 500961085	14.38	-94.60	3843	3086	3060	3146 
 500961630	14.38	-42.60	3843	3067	3088	3118 
 500962174	14.36	-75.30	3843	3057	3114	3063 
 500962719	14.40	-71.90	3843	3074	3091	3084 
 500963264	14.39	-115.80	3843	3086	3061	3145 
 500963809	14.34	77.20	3844	3068	3084	3120 
 500964354	14.38	-102.30	3843	3058	3118	3062 
 500964898	14.38	-131.40	3843	3072	3097	3080 
 500965443	14.38	-131.20	3843	3088	3060	3146 
 500965988	14.39	-105.40	3843	3073	3079	3127 
 500966533	14.36	17.40	3843	3058	3119	3069 
 500967077	14.38	-45.50	3842	3071	3098	3075 
 500967622	14.34	-78.90	3842	3088	3062	3138 
 500968167	14.37	26.20	3843	3075	3078	3135 
 500968712	14.37	-68.30	3843	3058	3112	3075 
 500969256	14.40	-107.40	3842	3066	3101	3070 
 500969801	14.39	-111.80	3842	3087	3063	3130 
 500970346	14.38	-53.50	3843	3076	3073	3143 
 500970891	14.39	-104.40	3843	3058	3110	3079 
 500971436	14.37	-69.50	3842	3065	3112	3065 
 500971980	14.35	38.90	3842	3084	3069	3119 
 500972525	14.35	30.80	3842	3081	3066	3142 
 500973070	14.38	-133.50	3842	3061	3104	3087 
 500973615	14.36	-66.30	3843	3065	3116	3066 
 500974159	14.39	-130.30	3842	3081	3072	3108 
 500974704	14.38	-6.70	3842	3086	3064	3148 
 500975249	14.37	-44.00	3842	3060	3098	3099 
 500975794	14.39	-97.60	3842	3058	3116	3060 
 500976338	14.35	-21.30	3843	3084	3078	3101 
 500976883	14.38	-124.10	3842	3085	3063	3149 
 500977428	14.38	-77.40	3842	3064	3091	3108 
 500977973	14.38	-132.50	3842	3059	3112	3057 
 500978518	14.36	-83.10	3843	3077	3084	3093 
 500979062	14.38	-52.10	3842	3092	3059	3146 
 500979607	14.38	-140.50	3842	3068	3088	3118 
 500980152	14.41	-132.90	3843	3058	3117	3063 
 500980697	14.36	-112.30	3842	3072	3091	3085 
 500981241	14.37	-60.10	3842	3089	3061	3143 
 500981786	14.39	-122.70	3843	3071	3080	3129 
 500982331	14.38	-116.90	3842	3058	3117	3071 
 500982876	14.38	-26.80	3842	3068	3103	3073 
 500983420	14.37	-85.50	3842	3089	3063	3129 
 500983965	14.35	-118.90	3842	3074	3074	3142 
 500984512	14.38	-139.00	3843	3057	3114	3077 
 500985057	14.37	-58.60	3843	3064	3106	3061 
 500985602	14.38	-146.90	3843	3089	3063	3122 
 500986146	14.37	-97.60	3842	3079	3067	3144 
 500986691	14.37	-46.10	3842	3058	3104	3085 
 500987236	14.34	55.70	3843	3063	3114	3063 
 500987781	14.38	-121.20	3843	3083	3067	3110 
 500988325	14.40	-84.10	3842	3083	3064	3145 
 500988870	14.37	-39.90	3842	3061	3101	3098 
 500989415	14.40	-122.20	3842	3060	3115	3059 
 500989960	14.37	-67.00	3842	3078	3076	3101 
 500990504	14.36	-71.30	3843	3090	3059	3147 
 500991049	14.37	-56.10	3842	3064	3095	3105 
 500991594	14.37	-70.40	3842	3060	3117	3061 
 500992139	14.39	-106.80	3842	3077	3084	3097 
 500992684	14.35	-20.90	3842	3088	3059	3151 
 500993228	14.35	-2.10	3842	3066	3091	3113 
 500993773	14.38	-38.10	3842	3058	3115	3060 
 500994318	14.41	-121.00	3842	3076	3090	3090 
 500994863	14.38	-129.40	3842	3086	3058	3145 
 500995407	14.39	-38.40	3842	3068	3085	3121 
 500995952	14.38	-61.70	3842	3055	3115	3064 
 500996497	14.39	-88.60	3842	3069	3095	3082 
 500997042	14.40	-90.40	3842	3087	3064	3145 
 500997586	14.37	-66.50	3842	3071	3079	3126 
 500998131	14.34	78.10	3842	3057	3116	3067 
 500998676	14.38	-120.30	3843	3069	3098	3074 
 500999221	14.37	-17.90	3842	3093	3062	3140 
 500999766	14.38	-47.70	3842	3075	3077	3132 
 501000310	14.38	-1.30	3842	3057	3111	3075 
 501000855	14.39	-136.70	3842	3064	3101	3069 
 501001400	14.35	46.80	3842	3091	3067	3125 
 501001945	14.39	-103.30	3842	3076	3071	3143 
 501002489	14.37	-62.80	3842	3058	3113	3078 
 501003034	14.38	-11.30	3842	3064	3111	3065 
 501003579	14.37	-38.70	3842	3085	3067	3119 
 501004124	14.40	-137.00	3842	3080	3065	3147 
 501004668	14.36	3.60	3842	3058	3105	3093 
 501005213	14.40	-108.60	3842	3059	3110	3061 
 501005758	14.39	-39.20	3842	3083	3071	3104 
 501006303	14.38	-119.30	3842	3084	3066	3145 
 501006848	14.36	-86.30	3842	3061	3099	3097 
 501007392	14.36	33.40	3842	3057	3115	3061 
 501007937	14.38	-23.20	3842	3078	3072	3102 
 501008482	14.36	1.10	3843	3087	3064	3148 
 501009027	14.40	-99.60	3842	3062	3097	3104 
 501009571	14.36	12.30	3843	3060	3116	3058 
 501010116	14.35	-23.80	3843	3077	3076	3098 
 501010661	14.37	-53.80	3842	3086	3060	3149 
 501011206	14.37	-78.50	3842	3064	3091	3109 
 501011750	14.39	-121.80	3843	3060	3116	3063 
 501012295	14.40	-79.20	3842	3077	3087	3093 
 501012840	14.37	-64.70	3843	3088	3060	3146 
 501013385	14.35	-31.50	3842	3066	3089	3118 
 501013929	14.34	76.50	3842	3059	3113	3059 
 501014474	14.34	-93.10	3842	3072	3090	3087 
 501015019	14.36	-58.80	3842	3090	3061	3143 
 501015564	14.38	-149.90	3842	3067	3086	3120 
 501016109	14.37	-83.90	3843	3059	3114	3060 
 501016653	14.36	-71.50	3842	3070	3095	3080 
 501017198	14.39	-125.90	3842	3089	3063	3142 
 501017743	14.39	-152.70	3842	3070	3080	3128 
 501018288	14.39	-133.30	3842	3059	3119	3068 
 501018832	14.38	-136.10	3843	3068	3098	3074 
 501019377	14.40	-107.40	3842	3092	3062	3132 
 501019922	14.38	-42.90	3843	3075	3074	3143 
 501020467	14.40	-88.10	3842	3057	3117	3077 
 501021011	14.38	4.70	3842	3065	3114	3064 
 501021556	14.35	-8.20	3843	3088	3065	3128 
 501022101	14.35	-26.10	3842	3076	3072	3143 
 501022646	14.40	-113.50	3843	3057	3112	3079 
 501023191	14.39	-121.60	3842	3064	3106	3066 
 501023735	14.38	-52.40	3843	3086	3064	3119 
 501024280	14.39	-145.90	3843	3081	3067	3147 
 501024825	14.37	-47.20	3843	3061	3104	3093 
 501025370	14.37	-80.90	3842	3063	3114	3062 
 501025914	14.40	-152.00	3843	3084	3072	3111 
 501026459	14.33	23.00	3843	3086	3057	3145 
 501027004	14.40	-189.60	3843	3058	3101	3097 
 501027549	14.40	-20.20	3843	3061	3113	3063 
 501028093	14.40	-100.80	3843	3079	3078	3098 
 501028638	14.39	-136.00	3843	3086	3061	3148 
 501029183	14.39	-144.10	3843	3065	3090	3115 
 501029728	14.35	48.80	3843	3055	3114	3060 
 501030273	14.39	-107.80	3843	3078	3091	3090 
 501030817	14.40	-133.40	3842	3093	3057	3142 
 501031364	14.36	23.70	3843	3068	3085	3119 
 501031909	14.40	-85.80	3843	3055	3115	3062 
 501032454	14.41	6.80	3843	3071	3096	3083 
 501032996	14.38	-10.40	3843	3090	3061	3145 
 501033541	14.39	-140.60	3843	3072	3077	3126 
 501034088	14.37	-79.90	3842	3058	3114	3071 
 501034633	14.41	-167.50	3843	3071	3103	3070 
 501035177	14.37	-69.80	3843	3089	3062	3129 
 501035722	14.40	-100.60	3843	3072	3072	3132 
 501036267	14.38	-41.20	3843	3058	3110	3077 
 501036812	14.42	-151.70	3843	3069	3105	3068 
 501037357	14.40	-98.00	3843	3087	3065	3128 
 501037901	14.37	-55.00	3843	3082	3070	3142 
 501038446	14.34	-35.70	3842	3060	3110	3079 
 501038991	14.37	-15.30	3842	3065	3112	3060 
 501039536	14.38	-58.50	3843	3086	3069	3117 
 501040080	14.39	-97.50	3843	3080	3065	3147 
 501040625	14.36	-67.90	3842	3058	3104	3087 
 501041170	14.38	-34.00	3843	3064	3112	3064 
 501041715	14.41	-137.30	3843	3085	3073	3108 
 501042259	14.35	-125.30	3843	3084	3065	3145 
 501042804	14.38	-139.00	3842	3064	3102	3099 
 501043349	14.36	-13.80	3843	3058	3112	3062 
 501043894	14.40	-137.70	3843	3079	3079	3101 
 501044439	14.35	11.30	3842	3087	3062	3152 
 501044983	14.36	-132.50	3842	3064	3092	3109 
 501045528	14.36	22.10	3842	3058	3112	3063 
 501046073	14.42	-163.60	3842	3076	3081	3096 
 501046618	14.36	46.80	3843	3093	3060	3142 
 501047162	14.39	-113.90	3842	3069	3089	3117 
 501047707	14.35	23.50	3843	3055	3117	3059 
 501048252	14.37	-10.00	3842	3074	3091	3087 
 501048797	14.42	-164.30	3842	3087	3061	3146 
 501049341	14.37	-50.60	3842	3067	3086	3125 
 501049886	14.36	23.80	3842	3057	3116	3059 
 501050431	14.35	-0.90	3842	3073	3096	3081 
 501050976	14.36	-81.60	3842	3091	3061	3145 
 501051521	14.35	-47.10	3842	3071	3085	3126 
 501052065	14.36	60.30	3842	3059	3116	3059 
 501052610	14.36	79.00	3843	3072	3101	3081 
 501053155	14.36	-60.10	3842	3089	3063	3144 
 501053700	14.38	-6.50	3842	3072	3078	3130 
 501054244	14.34	-31.10	3842	3057	3117	3064 
 501054789	14.38	-47.20	3842	3070	3098	3076 
 501055334	14.34	64.30	3843	3090	3062	3146 
 501055879	14.40	-33.20	3842	3067	3087	3121 
 501056423	14.36	52.20	3843	3057	3112	3058 
 501056968	14.37	-66.80	3842	3076	3089	3088 
 501057513	14.35	-32.90	3842	3091	3060	3146 
 501058058	14.40	-101.60	3842	3067	3087	3119 
 501058603	14.41	-152.20	3842	3059	3113	3065 
 501059147	14.40	-174.40	3842	3074	3090	3086 
